Log file open, 08/28/20 21:52:15
LogInit: Display: Running engine for game: HorrorVrProject
LogPlatformFile: Not using cached read wrapper
LogTaskGraph: Started task graph with 5 named threads and 83 total threads with 3 sets of task threads.
LogStats: Stats thread started at 0.209376
LogD3D11RHI: Loaded GFSDK_Aftermath_Lib.x64.dll
LogICUInternationalization: ICU TimeZone Detection - Raw Offset: -5:00, Platform Override: ''
LogPluginManager: Mounting plugin Paper2D
LogPluginManager: Mounting plugin AISupport
LogPluginManager: Mounting plugin LightPropagationVolume
LogPluginManager: Mounting plugin CameraShakePreviewer
LogPluginManager: Mounting plugin ActorLayerUtilities
LogPluginManager: Mounting plugin AnimationSharing
LogPluginManager: Mounting plugin CLionSourceCodeAccess
LogPluginManager: Mounting plugin CodeLiteSourceCodeAccess
LogPluginManager: Mounting plugin GitSourceControl
LogPluginManager: Mounting plugin KDevelopSourceCodeAccess
LogPluginManager: Mounting plugin NullSourceCodeAccess
LogPluginManager: Mounting plugin PerforceSourceControl
LogPluginManager: Mounting plugin PlasticSourceControl
LogPluginManager: Mounting plugin RiderSourceCodeAccess
LogPluginManager: Mounting plugin SubversionSourceControl
LogPluginManager: Mounting plugin UObjectPlugin
LogPluginManager: Mounting plugin VisualStudioCodeSourceCodeAccess
LogPluginManager: Mounting plugin VisualStudioSourceCodeAccess
LogPluginManager: Mounting plugin XCodeSourceCodeAccess
LogPluginManager: Mounting plugin AssetManagerEditor
LogPluginManager: Mounting plugin CryptoKeys
LogPluginManager: Mounting plugin CurveEditorTools
LogPluginManager: Mounting plugin DataValidation
LogPluginManager: Mounting plugin EditorScriptingUtilities
LogPluginManager: Mounting plugin FacialAnimation
LogPluginManager: Mounting plugin GameplayTagsEditor
LogPluginManager: Mounting plugin GeometryMode
LogPluginManager: Mounting plugin MacGraphicsSwitching
LogPluginManager: Mounting plugin MaterialAnalyzer
LogPluginManager: Mounting plugin MobileLauncherProfileWizard
LogPluginManager: Mounting plugin PluginBrowser
LogPluginManager: Mounting plugin SpeedTreeImporter
LogPluginManager: Mounting plugin DatasmithContent
LogPluginManager: Mounting plugin VariantManagerContent
LogPluginManager: Mounting plugin AlembicImporter
LogPluginManager: Mounting plugin AutomationUtils
LogPluginManager: Mounting plugin BackChannel
LogPluginManager: Mounting plugin ChaosCloth
LogPluginManager: Mounting plugin ChaosClothEditor
LogPluginManager: Mounting plugin ChaosEditor
LogPluginManager: Mounting plugin ChaosNiagara
LogPluginManager: Mounting plugin ChaosSolverPlugin
LogPluginManager: Mounting plugin CharacterAI
LogPluginManager: Mounting plugin GeometryCache
LogPluginManager: Mounting plugin GeometryCollectionPlugin
LogPluginManager: Mounting plugin GeometryProcessing
LogPluginManager: Mounting plugin PlanarCut
LogPluginManager: Mounting plugin PlatformCrypto
LogPluginManager: Mounting plugin ProxyLODPlugin
LogPluginManager: Mounting plugin SkeletalReduction
LogPluginManager: Mounting plugin Niagara
LogPluginManager: Mounting plugin MagicLeap
LogPluginManager: Mounting plugin MagicLeapLightEstimation
LogPluginManager: Mounting plugin MagicLeapMedia
LogPluginManager: Mounting plugin MagicLeapPassableWorld
LogPluginManager: Mounting plugin MLSDK
LogPluginManager: Mounting plugin AndroidMedia
LogPluginManager: Mounting plugin AvfMedia
LogPluginManager: Mounting plugin ImgMedia
LogPluginManager: Mounting plugin MediaCompositing
LogPluginManager: Mounting plugin MediaPlayerEditor
LogPluginManager: Mounting plugin WebMMedia
LogPluginManager: Mounting plugin WmfMedia
LogPluginManager: Mounting plugin MeshPainting
LogPluginManager: Mounting plugin TcpMessaging
LogPluginManager: Mounting plugin UdpMessaging
LogPluginManager: Mounting plugin ActorSequence
LogPluginManager: Mounting plugin LevelSequenceEditor
LogPluginManager: Mounting plugin MatineeToLevelSequence
LogPluginManager: Mounting plugin MovieRenderPipeline
LogPluginManager: Mounting plugin TemplateSequence
LogPluginManager: Mounting plugin NetcodeUnitTest
LogPluginManager: Mounting plugin NUTUnrealEngine4
LogPluginManager: Mounting plugin OnlineSubsystemGooglePlay
LogPluginManager: Mounting plugin OnlineSubsystemIOS
LogPluginManager: Mounting plugin OnlineSubsystem
LogPluginManager: Mounting plugin OnlineSubsystemNull
LogPluginManager: Mounting plugin OnlineSubsystemUtils
LogPluginManager: Mounting plugin LauncherChunkInstaller
LogPluginManager: Mounting plugin AndroidDeviceProfileSelector
LogPluginManager: Mounting plugin AndroidMoviePlayer
LogPluginManager: Mounting plugin AndroidPermission
LogPluginManager: Mounting plugin AppleImageUtils
LogPluginManager: Mounting plugin AppleMoviePlayer
LogPluginManager: Mounting plugin ArchVisCharacter
LogPluginManager: Mounting plugin AssetTags
LogPluginManager: Mounting plugin AudioCapture
LogPluginManager: Mounting plugin CableComponent
LogPluginManager: Mounting plugin CustomMeshComponent
LogPluginManager: Mounting plugin EditableMesh
LogPluginManager: Mounting plugin ExampleDeviceProfileSelector
LogPluginManager: Mounting plugin GoogleCloudMessaging
LogPluginManager: Mounting plugin GooglePAD
LogPluginManager: Mounting plugin IOSDeviceProfileSelector
LogPluginManager: Mounting plugin LinuxDeviceProfileSelector
LogPluginManager: Mounting plugin LocationServicesBPLibrary
LogPluginManager: Mounting plugin MobilePatchingUtils
LogPluginManager: Mounting plugin OculusVR
LogPluginManager: Mounting plugin PhysXVehicles
LogPluginManager: Mounting plugin PostSplashScreen
LogPluginManager: Mounting plugin ProceduralMeshComponent
LogPluginManager: Mounting plugin RuntimePhysXCooking
LogPluginManager: Mounting plugin SignificanceManager
LogPluginManager: Mounting plugin SoundFields
LogPluginManager: Mounting plugin SteamVR
LogPluginManager: Mounting plugin Synthesis
LogPluginManager: Mounting plugin WebMMoviePlayer
LogPluginManager: Mounting plugin WindowsMoviePlayer
LogPluginManager: Mounting plugin ScreenshotTools
LogInit: Using libcurl 7.55.1-DEV
LogInit:  - built for x86_64-pc-win32
LogInit:  - supports SSL with OpenSSL/1.1.1
LogInit:  - supports HTTP deflate (compression) using libz 1.2.8
LogInit:  - other features:
LogInit:      CURL_VERSION_SSL
LogInit:      CURL_VERSION_LIBZ
LogInit:      CURL_VERSION_IPV6
LogInit:      CURL_VERSION_ASYNCHDNS
LogInit:      CURL_VERSION_LARGEFILE
LogInit:      CURL_VERSION_IDN
LogInit:  CurlRequestOptions (configurable via config and command line):
LogInit:  - bVerifyPeer = true  - Libcurl will verify peer certificate
LogInit:  - bUseHttpProxy = false  - Libcurl will NOT use HTTP proxy
LogInit:  - bDontReuseConnections = false  - Libcurl will reuse connections
LogInit:  - MaxHostConnections = 16  - Libcurl will limit the number of connections to a host
LogInit:  - LocalHostAddr = Default
LogInit:  - BufferSize = 65536
LogOnline: OSS: Creating online subsystem instance for: NULL
LogInit: WinSock: version 1.1 (2.2), MaxSocks=32767, MaxUdp=65467
LogOnline: OSS: TryLoadSubsystemAndSetDefault: Loaded subsystem for module [NULL]
LogOculusPluginWrapper: OculusPlugin initialized successfully
LogHMD: Failed initializing OVRPlugin 1.44.0
LogInit: Build: ++UE4+Release-4.25-CL-13942748
LogInit: Engine Version: 4.25.3-13942748+++UE4+Release-4.25
LogInit: Compatible Engine Version: 4.25.0-13144385+++UE4+Release-4.25
LogInit: Net CL: 13144385
LogInit: OS: Windows 10 (Release 1903) (), CPU: AMD Ryzen Threadripper 1950X 16-Core Processor , GPU: NVIDIA GeForce RTX 2080 Ti
LogInit: Compiled (64-bit): Jul 25 2020 02:07:48
LogInit: Compiled with Visual C++: 19.24.28315.00
LogInit: Build Configuration: Development
LogInit: Branch Name: ++UE4+Release-4.25
LogInit: Command Line:  -EpicPortal -epicusername=raoulos3000 -epicuserid=7f28c00d08cb436ea1ae920300f6d44b -epiclocale=en
LogInit: Base Directory: D:/Games/Epic/UE_4.25/Engine/Binaries/Win64/
LogInit: Allocator: TBB
LogInit: Installed Engine Build: 1
LogDevObjectVersion: Number of dev versions registered: 26
LogDevObjectVersion:   Dev-Blueprints (B0D832E4-1F89-4F0D-ACCF-7EB736FD4AA2): 10
LogDevObjectVersion:   Dev-Build (E1C64328-A22C-4D53-A36C-8E866417BD8C): 0
LogDevObjectVersion:   Dev-Core (375EC13C-06E4-48FB-B500-84F0262A717E): 4
LogDevObjectVersion:   Dev-Editor (E4B068ED-F494-42E9-A231-DA0B2E46BB41): 38
LogDevObjectVersion:   Dev-Framework (CFFC743F-43B0-4480-9391-14DF171D2073): 37
LogDevObjectVersion:   Dev-Mobile (B02B49B5-BB20-44E9-A304-32B752E40360): 2
LogDevObjectVersion:   Dev-Networking (A4E4105C-59A1-49B5-A7C5-40C4547EDFEE): 0
LogDevObjectVersion:   Dev-Online (39C831C9-5AE6-47DC-9A44-9C173E1C8E7C): 0
LogDevObjectVersion:   Dev-Physics (78F01B33-EBEA-4F98-B9B4-84EACCB95AA2): 4
LogDevObjectVersion:   Dev-Platform (6631380F-2D4D-43E0-8009-CF276956A95A): 0
LogDevObjectVersion:   Dev-Rendering (12F88B9F-8875-4AFC-A67C-D90C383ABD29): 43
LogDevObjectVersion:   Dev-Sequencer (7B5AE74C-D270-4C10-A958-57980B212A5A): 12
LogDevObjectVersion:   Dev-VR (D7296918-1DD6-4BDD-9DE2-64A83CC13884): 3
LogDevObjectVersion:   Dev-LoadTimes (C2A15278-BFE7-4AFE-6C17-90FF531DF755): 1
LogDevObjectVersion:   Private-Geometry (6EACA3D4-40EC-4CC1-B786-8BED09428FC5): 3
LogDevObjectVersion:   Dev-AnimPhys (29E575DD-E0A3-4627-9D10-D276232CDCEA): 17
LogDevObjectVersion:   Dev-Anim (AF43A65D-7FD3-4947-9873-3E8ED9C1BB05): 7
LogDevObjectVersion:   Dev-ReflectionCapture (6B266CEC-1EC7-4B8F-A30B-E4D90942FC07): 1
LogDevObjectVersion:   Dev-Automation (0DF73D61-A23F-47EA-B727-89E90C41499A): 1
LogDevObjectVersion:   FortniteMain (601D1886-AC64-4F84-AA16-D3DE0DEAC7D6): 31
LogDevObjectVersion:   Dev-Enterprise (9DFFBCD6-494F-0158-E221-12823C92A888): 10
LogDevObjectVersion:   Dev-Niagara (F2AED0AC-9AFE-416F-8664-AA7FFA26D6FC): 1
LogDevObjectVersion:   Dev-Destruction (174F1F0B-B4C6-45A5-B13F-2EE8D0FB917D): 10
LogDevObjectVersion:   Dev-Physics-Ext (35F94A83-E258-406C-A318-09F59610247C): 37
LogDevObjectVersion:   Dev-PhysicsMaterial-Chaos (B68FC16E-8B1B-42E2-B453-215C058844FE): 1
LogDevObjectVersion:   Dev-CineCamera (B2E18506-4273-CFC2-A54E-F4BB758BBA07): 1
LogInit: Presizing for max 25165824 objects, including 0 objects not considered by GC, pre-allocating 0 bytes for permanent pool.
LogConfig: Applying CVar settings from Section [/Script/Engine.StreamingSettings] File [C:/maison/HorrorProject/HorrorVrProject/Saved/Config/Windows/Engine.ini]
LogConfig: Setting CVar [[s.MinBulkDataSizeForAsyncLoading:131072]]
LogConfig: Setting CVar [[s.AsyncLoadingThreadEnabled:0]]
LogConfig: Setting CVar [[s.EventDrivenLoaderEnabled:1]]
LogConfig: Setting CVar [[s.WarnIfTimeLimitExceeded:0]]
LogConfig: Setting CVar [[s.TimeLimitExceededMultiplier:1.5]]
LogConfig: Setting CVar [[s.TimeLimitExceededMinTime:0.005]]
LogConfig: Setting CVar [[s.UseBackgroundLevelStreaming:1]]
LogConfig: Setting CVar [[s.PriorityAsyncLoadingExtraTime:15.0]]
LogConfig: Setting CVar [[s.LevelStreamingActorsUpdateTimeLimit:5.0]]
LogConfig: Setting CVar [[s.PriorityLevelStreamingActorsUpdateExtraTime:5.0]]
LogConfig: Setting CVar [[s.LevelStreamingComponentsRegistrationGranularity:10]]
LogConfig: Setting CVar [[s.UnregisterComponentsTimeLimit:1.0]]
LogConfig: Setting CVar [[s.LevelStreamingComponentsUnregistrationGranularity:5]]
LogConfig: Setting CVar [[s.FlushStreamingOnExit:1]]
LogInit: Object subsystem initialized
LogConfig: Setting CVar [[con.DebugEarlyDefault:1]]
LogConfig: Setting CVar [[r.setres:1280x720]]
[2020.08.29-01.52.16:121][  0]LogConfig: Setting CVar [[r.VSync:0]]
[2020.08.29-01.52.16:121][  0]LogConfig: Setting CVar [[r.RHICmdBypass:0]]
[2020.08.29-01.52.16:121][  0]LogConfig: Applying CVar settings from Section [/Script/Engine.RendererSettings] File [C:/maison/HorrorProject/HorrorVrProject/Saved/Config/Windows/Engine.ini]
[2020.08.29-01.52.16:121][  0]LogConfig: Setting CVar [[r.GPUCrashDebugging:0]]
[2020.08.29-01.52.16:121][  0]LogConfig: Setting CVar [[r.SkinCache.CompileShaders:1]]
[2020.08.29-01.52.16:121][  0]LogConfig: Setting CVar [[r.RayTracing:1]]
[2020.08.29-01.52.16:121][  0]LogConfig: Setting CVar [[r.SupportSkyAtmosphereAffectsHeightFog:1]]
[2020.08.29-01.52.16:121][  0]LogConfig: Applying CVar settings from Section [/Script/Engine.RendererOverrideSettings] File [C:/maison/HorrorProject/HorrorVrProject/Saved/Config/Windows/Engine.ini]
[2020.08.29-01.52.16:121][  0]LogConfig: Applying CVar settings from Section [/Script/Engine.StreamingSettings] File [C:/maison/HorrorProject/HorrorVrProject/Saved/Config/Windows/Engine.ini]
[2020.08.29-01.52.16:121][  0]LogConfig: Setting CVar [[s.MinBulkDataSizeForAsyncLoading:131072]]
[2020.08.29-01.52.16:121][  0]LogConfig: Setting CVar [[s.AsyncLoadingThreadEnabled:0]]
[2020.08.29-01.52.16:121][  0]LogConfig: Setting CVar [[s.EventDrivenLoaderEnabled:1]]
[2020.08.29-01.52.16:121][  0]LogConfig: Setting CVar [[s.WarnIfTimeLimitExceeded:0]]
[2020.08.29-01.52.16:121][  0]LogConfig: Setting CVar [[s.TimeLimitExceededMultiplier:1.5]]
[2020.08.29-01.52.16:121][  0]LogConfig: Setting CVar [[s.TimeLimitExceededMinTime:0.005]]
[2020.08.29-01.52.16:121][  0]LogConfig: Setting CVar [[s.UseBackgroundLevelStreaming:1]]
[2020.08.29-01.52.16:121][  0]LogConfig: Setting CVar [[s.PriorityAsyncLoadingExtraTime:15.0]]
[2020.08.29-01.52.16:121][  0]LogConfig: Setting CVar [[s.LevelStreamingActorsUpdateTimeLimit:5.0]]
[2020.08.29-01.52.16:121][  0]LogConfig: Setting CVar [[s.PriorityLevelStreamingActorsUpdateExtraTime:5.0]]
[2020.08.29-01.52.16:121][  0]LogConfig: Setting CVar [[s.LevelStreamingComponentsRegistrationGranularity:10]]
[2020.08.29-01.52.16:121][  0]LogConfig: Setting CVar [[s.UnregisterComponentsTimeLimit:1.0]]
[2020.08.29-01.52.16:121][  0]LogConfig: Setting CVar [[s.LevelStreamingComponentsUnregistrationGranularity:5]]
[2020.08.29-01.52.16:121][  0]LogConfig: Setting CVar [[s.FlushStreamingOnExit:1]]
[2020.08.29-01.52.16:121][  0]LogConfig: Applying CVar settings from Section [/Script/Engine.GarbageCollectionSettings] File [C:/maison/HorrorProject/HorrorVrProject/Saved/Config/Windows/Engine.ini]
[2020.08.29-01.52.16:121][  0]LogConfig: Setting CVar [[gc.MaxObjectsNotConsideredByGC:1]]
[2020.08.29-01.52.16:121][  0]LogConfig: Setting CVar [[gc.SizeOfPermanentObjectPool:0]]
[2020.08.29-01.52.16:121][  0]LogConfig: Setting CVar [[gc.FlushStreamingOnGC:0]]
[2020.08.29-01.52.16:121][  0]LogConfig: Setting CVar [[gc.NumRetriesBeforeForcingGC:10]]
[2020.08.29-01.52.16:121][  0]LogConfig: Setting CVar [[gc.AllowParallelGC:1]]
[2020.08.29-01.52.16:121][  0]LogConfig: Setting CVar [[gc.TimeBetweenPurgingPendingKillObjects:61.1]]
[2020.08.29-01.52.16:121][  0]LogConfig: Setting CVar [[gc.MaxObjectsInEditor:25165824]]
[2020.08.29-01.52.16:121][  0]LogConfig: Setting CVar [[gc.IncrementalBeginDestroyEnabled:1]]
[2020.08.29-01.52.16:121][  0]LogConfig: Setting CVar [[gc.CreateGCClusters:1]]
[2020.08.29-01.52.16:121][  0]LogConfig: Setting CVar [[gc.MinGCClusterSize:5]]
[2020.08.29-01.52.16:121][  0]LogConfig: Setting CVar [[gc.ActorClusteringEnabled:0]]
[2020.08.29-01.52.16:121][  0]LogConfig: Setting CVar [[gc.BlueprintClusteringEnabled:0]]
[2020.08.29-01.52.16:121][  0]LogConfig: Setting CVar [[gc.UseDisregardForGCOnDedicatedServers:0]]
[2020.08.29-01.52.16:121][  0]LogConfig: Applying CVar settings from Section [/Script/Engine.NetworkSettings] File [C:/maison/HorrorProject/HorrorVrProject/Saved/Config/Windows/Engine.ini]
[2020.08.29-01.52.16:121][  0]LogConfig: Applying CVar settings from Section [/Script/UnrealEd.CookerSettings] File [C:/maison/HorrorProject/HorrorVrProject/Saved/Config/Windows/Engine.ini]
[2020.08.29-01.52.16:134][  0]LogConfig: Applying CVar settings from Section [ViewDistanceQuality@3] File [C:/maison/HorrorProject/HorrorVrProject/Saved/Config/Windows/Scalability.ini]
[2020.08.29-01.52.16:134][  0]LogConfig: Setting CVar [[r.SkeletalMeshLODBias:0]]
[2020.08.29-01.52.16:134][  0]LogConfig: Setting CVar [[r.ViewDistanceScale:1.0]]
[2020.08.29-01.52.16:134][  0]LogConfig: Applying CVar settings from Section [AntiAliasingQuality@3] File [C:/maison/HorrorProject/HorrorVrProject/Saved/Config/Windows/Scalability.ini]
[2020.08.29-01.52.16:134][  0]LogConfig: Setting CVar [[r.PostProcessAAQuality:4]]
[2020.08.29-01.52.16:135][  0]LogConfig: Applying CVar settings from Section [ShadowQuality@3] File [C:/maison/HorrorProject/HorrorVrProject/Saved/Config/Windows/Scalability.ini]
[2020.08.29-01.52.16:135][  0]LogConfig: Setting CVar [[r.LightFunctionQuality:1]]
[2020.08.29-01.52.16:135][  0]LogConfig: Setting CVar [[r.ShadowQuality:5]]
[2020.08.29-01.52.16:135][  0]LogConfig: Setting CVar [[r.Shadow.CSM.MaxCascades:10]]
[2020.08.29-01.52.16:135][  0]LogConfig: Setting CVar [[r.Shadow.MaxResolution:2048]]
[2020.08.29-01.52.16:135][  0]LogConfig: Setting CVar [[r.Shadow.MaxCSMResolution:2048]]
[2020.08.29-01.52.16:135][  0]LogConfig: Setting CVar [[r.Shadow.RadiusThreshold:0.01]]
[2020.08.29-01.52.16:135][  0]LogConfig: Setting CVar [[r.Shadow.DistanceScale:1.0]]
[2020.08.29-01.52.16:135][  0]LogConfig: Setting CVar [[r.Shadow.CSM.TransitionScale:1.0]]
[2020.08.29-01.52.16:135][  0]LogConfig: Setting CVar [[r.Shadow.PreShadowResolutionFactor:1.0]]
[2020.08.29-01.52.16:135][  0]LogConfig: Setting CVar [[r.DistanceFieldShadowing:1]]
[2020.08.29-01.52.16:135][  0]LogConfig: Setting CVar [[r.DistanceFieldAO:1]]
[2020.08.29-01.52.16:135][  0]LogConfig: Setting CVar [[r.AOQuality:2]]
[2020.08.29-01.52.16:135][  0]LogConfig: Setting CVar [[r.VolumetricFog:1]]
[2020.08.29-01.52.16:135][  0]LogConfig: Setting CVar [[r.VolumetricFog.GridPixelSize:8]]
[2020.08.29-01.52.16:135][  0]LogConfig: Setting CVar [[r.VolumetricFog.GridSizeZ:128]]
[2020.08.29-01.52.16:135][  0]LogConfig: Setting CVar [[r.VolumetricFog.HistoryMissSupersampleCount:4]]
[2020.08.29-01.52.16:135][  0]LogConfig: Setting CVar [[r.LightMaxDrawDistanceScale:1]]
[2020.08.29-01.52.16:135][  0]LogConfig: Setting CVar [[r.CapsuleShadows:1]]
[2020.08.29-01.52.16:135][  0]LogConfig: Applying CVar settings from Section [PostProcessQuality@3] File [C:/maison/HorrorProject/HorrorVrProject/Saved/Config/Windows/Scalability.ini]
[2020.08.29-01.52.16:135][  0]LogConfig: Setting CVar [[r.MotionBlurQuality:4]]
[2020.08.29-01.52.16:135][  0]LogConfig: Setting CVar [[r.AmbientOcclusionMipLevelFactor:0.4]]
[2020.08.29-01.52.16:135][  0]LogConfig: Setting CVar [[r.AmbientOcclusionMaxQuality:100]]
[2020.08.29-01.52.16:135][  0]LogConfig: Setting CVar [[r.AmbientOcclusionLevels:-1]]
[2020.08.29-01.52.16:135][  0]LogConfig: Setting CVar [[r.AmbientOcclusionRadiusScale:1.0]]
[2020.08.29-01.52.16:135][  0]LogConfig: Setting CVar [[r.DepthOfFieldQuality:2]]
[2020.08.29-01.52.16:135][  0]LogConfig: Setting CVar [[r.RenderTargetPoolMin:400]]
[2020.08.29-01.52.16:135][  0]LogConfig: Setting CVar [[r.LensFlareQuality:2]]
[2020.08.29-01.52.16:135][  0]LogConfig: Setting CVar [[r.SceneColorFringeQuality:1]]
[2020.08.29-01.52.16:135][  0]LogConfig: Setting CVar [[r.EyeAdaptationQuality:2]]
[2020.08.29-01.52.16:135][  0]LogConfig: Setting CVar [[r.BloomQuality:5]]
[2020.08.29-01.52.16:135][  0]LogConfig: Setting CVar [[r.FastBlurThreshold:100]]
[2020.08.29-01.52.16:135][  0]LogConfig: Setting CVar [[r.Upscale.Quality:3]]
[2020.08.29-01.52.16:135][  0]LogConfig: Setting CVar [[r.Tonemapper.GrainQuantization:1]]
[2020.08.29-01.52.16:135][  0]LogConfig: Setting CVar [[r.LightShaftQuality:1]]
[2020.08.29-01.52.16:135][  0]LogConfig: Setting CVar [[r.Filter.SizeScale:1]]
[2020.08.29-01.52.16:135][  0]LogConfig: Setting CVar [[r.Tonemapper.Quality:5]]
[2020.08.29-01.52.16:135][  0]LogConfig: Setting CVar [[r.DOF.Gather.AccumulatorQuality:1        ; higher gathering accumulator quality]]
[2020.08.29-01.52.16:135][  0]LogConfig: Setting CVar [[r.DOF.Gather.PostfilterMethod:1          ; Median3x3 postfilering method]]
[2020.08.29-01.52.16:135][  0]LogConfig: Setting CVar [[r.DOF.Gather.EnableBokehSettings:0       ; no bokeh simulation when gathering]]
[2020.08.29-01.52.16:135][  0]LogConfig: Setting CVar [[r.DOF.Gather.RingCount:4                 ; medium number of samples when gathering]]
[2020.08.29-01.52.16:135][  0]LogConfig: Setting CVar [[r.DOF.Scatter.ForegroundCompositing:1    ; additive foreground scattering]]
[2020.08.29-01.52.16:135][  0]LogConfig: Setting CVar [[r.DOF.Scatter.BackgroundCompositing:2    ; additive background scattering]]
[2020.08.29-01.52.16:135][  0]LogConfig: Setting CVar [[r.DOF.Scatter.EnableBokehSettings:1      ; bokeh simulation when scattering]]
[2020.08.29-01.52.16:135][  0]LogConfig: Setting CVar [[r.DOF.Scatter.MaxSpriteRatio:0.1         ; only a maximum of 10% of scattered bokeh]]
[2020.08.29-01.52.16:135][  0]LogConfig: Setting CVar [[r.DOF.Recombine.Quality:1                ; cheap slight out of focus]]
[2020.08.29-01.52.16:135][  0]LogConfig: Setting CVar [[r.DOF.Recombine.EnableBokehSettings:0    ; no bokeh simulation on slight out of focus]]
[2020.08.29-01.52.16:135][  0]LogConfig: Setting CVar [[r.DOF.TemporalAAQuality:1                ; more stable temporal accumulation]]
[2020.08.29-01.52.16:135][  0]LogConfig: Setting CVar [[r.DOF.Kernel.MaxForegroundRadius:0.025]]
[2020.08.29-01.52.16:135][  0]LogConfig: Setting CVar [[r.DOF.Kernel.MaxBackgroundRadius:0.025]]
[2020.08.29-01.52.16:135][  0]LogConfig: Applying CVar settings from Section [TextureQuality@3] File [C:/maison/HorrorProject/HorrorVrProject/Saved/Config/Windows/Scalability.ini]
[2020.08.29-01.52.16:135][  0]LogConfig: Setting CVar [[r.Streaming.MipBias:0]]
[2020.08.29-01.52.16:135][  0]LogConfig: Setting CVar [[r.Streaming.AmortizeCPUToGPUCopy:0]]
[2020.08.29-01.52.16:135][  0]LogConfig: Setting CVar [[r.Streaming.MaxNumTexturesToStreamPerFrame:0]]
[2020.08.29-01.52.16:135][  0]LogConfig: Setting CVar [[r.Streaming.Boost:1]]
[2020.08.29-01.52.16:135][  0]LogConfig: Setting CVar [[r.MaxAnisotropy:8]]
[2020.08.29-01.52.16:135][  0]LogConfig: Setting CVar [[r.VT.MaxAnisotropy:8]]
[2020.08.29-01.52.16:135][  0]LogConfig: Setting CVar [[r.Streaming.LimitPoolSizeToVRAM:0]]
[2020.08.29-01.52.16:135][  0]LogConfig: Setting CVar [[r.Streaming.PoolSize:1000]]
[2020.08.29-01.52.16:135][  0]LogConfig: Setting CVar [[r.Streaming.MaxEffectiveScreenSize:0]]
[2020.08.29-01.52.16:135][  0]LogConfig: Applying CVar settings from Section [EffectsQuality@3] File [C:/maison/HorrorProject/HorrorVrProject/Saved/Config/Windows/Scalability.ini]
[2020.08.29-01.52.16:136][  0]LogConfig: Setting CVar [[r.TranslucencyLightingVolumeDim:64]]
[2020.08.29-01.52.16:136][  0]LogConfig: Setting CVar [[r.RefractionQuality:2]]
[2020.08.29-01.52.16:136][  0]LogConfig: Setting CVar [[r.SSR.Quality:3]]
[2020.08.29-01.52.16:136][  0]LogConfig: Setting CVar [[r.SSR.HalfResSceneColor:0]]
[2020.08.29-01.52.16:136][  0]LogConfig: Setting CVar [[r.SceneColorFormat:4]]
[2020.08.29-01.52.16:136][  0]LogConfig: Setting CVar [[r.DetailMode:2]]
[2020.08.29-01.52.16:136][  0]LogConfig: Setting CVar [[r.TranslucencyVolumeBlur:1]]
[2020.08.29-01.52.16:136][  0]LogConfig: Setting CVar [[r.MaterialQualityLevel:1 ; High quality]]
[2020.08.29-01.52.16:136][  0]LogConfig: Setting CVar [[r.SSS.Scale:1]]
[2020.08.29-01.52.16:136][  0]LogConfig: Setting CVar [[r.SSS.SampleSet:2]]
[2020.08.29-01.52.16:136][  0]LogConfig: Setting CVar [[r.SSS.Quality:1]]
[2020.08.29-01.52.16:136][  0]LogConfig: Setting CVar [[r.SSS.HalfRes:0]]
[2020.08.29-01.52.16:136][  0]LogConfig: Setting CVar [[r.SSGI.Quality:3]]
[2020.08.29-01.52.16:136][  0]LogConfig: Setting CVar [[r.EmitterSpawnRateScale:1.0]]
[2020.08.29-01.52.16:136][  0]LogConfig: Setting CVar [[r.ParticleLightQuality:2]]
[2020.08.29-01.52.16:136][  0]LogConfig: Setting CVar [[r.SkyAtmosphere.AerialPerspectiveLUT.FastApplyOnOpaque:1 ; Always have FastSkyLUT 1 in this case to avoid wrong sky]]
[2020.08.29-01.52.16:136][  0]LogConfig: Setting CVar [[r.SkyAtmosphere.AerialPerspectiveLUT.SampleCountPerSlice:1]]
[2020.08.29-01.52.16:136][  0]LogConfig: Setting CVar [[r.SkyAtmosphere.AerialPerspectiveLUT.DepthResolution:16.0]]
[2020.08.29-01.52.16:136][  0]LogConfig: Setting CVar [[r.SkyAtmosphere.FastSkyLUT:1]]
[2020.08.29-01.52.16:136][  0]LogConfig: Setting CVar [[r.SkyAtmosphere.FastSkyLUT.SampleCountMin:4.0]]
[2020.08.29-01.52.16:136][  0]LogConfig: Setting CVar [[r.SkyAtmosphere.FastSkyLUT.SampleCountMax:32.0]]
[2020.08.29-01.52.16:136][  0]LogConfig: Setting CVar [[r.SkyAtmosphere.SampleCountMin:4.0]]
[2020.08.29-01.52.16:136][  0]LogConfig: Setting CVar [[r.SkyAtmosphere.SampleCountMax:32.0]]
[2020.08.29-01.52.16:136][  0]LogConfig: Setting CVar [[r.SkyAtmosphere.TransmittanceLUT.UseSmallFormat:0]]
[2020.08.29-01.52.16:136][  0]LogConfig: Setting CVar [[r.SkyAtmosphere.TransmittanceLUT.SampleCount:10.0]]
[2020.08.29-01.52.16:136][  0]LogConfig: Setting CVar [[r.SkyAtmosphere.MultiScatteringLUT.SampleCount:15.0]]
[2020.08.29-01.52.16:136][  0]LogConfig: Applying CVar settings from Section [FoliageQuality@3] File [C:/maison/HorrorProject/HorrorVrProject/Saved/Config/Windows/Scalability.ini]
[2020.08.29-01.52.16:136][  0]LogConfig: Setting CVar [[foliage.DensityScale:1.0]]
[2020.08.29-01.52.16:136][  0]LogConfig: Setting CVar [[grass.DensityScale:1.0]]
[2020.08.29-01.52.16:136][  0]LogConfig: Applying CVar settings from Section [ShadingQuality@3] File [C:/maison/HorrorProject/HorrorVrProject/Saved/Config/Windows/Scalability.ini]
[2020.08.29-01.52.16:136][  0]LogConfig: Setting CVar [[r.HairStrands.SkyLighting.SampleCount:16]]
[2020.08.29-01.52.16:136][  0]LogConfig: Setting CVar [[r.HairStrands.SkyLighting.JitterIntegration:0]]
[2020.08.29-01.52.16:136][  0]LogConfig: Setting CVar [[r.HairStrands.SkyAO.SampleCount:16]]
[2020.08.29-01.52.16:136][  0]LogConfig: Setting CVar [[r.HairStrands.DeepShadow.SuperSampling:0]]
[2020.08.29-01.52.16:136][  0]LogConfig: Setting CVar [[r.HairStrands.VisibilityPPLL:0]]
[2020.08.29-01.52.16:136][  0]LogConfig: Setting CVar [[r.HairStrands.RasterizationScale:0.5]]
[2020.08.29-01.52.16:136][  0]LogConfig: Setting CVar [[r.HairStrands.VelocityRasterizationScale:1]]
[2020.08.29-01.52.16:136][  0]LogInit: Selected Device Profile: [Windows]
[2020.08.29-01.52.16:136][  0]LogInit: Applying CVar settings loaded from the selected device profile: [Windows]
[2020.08.29-01.52.16:136][  0]LogHAL: Display: Platform has ~ 64 GB [68609998848 / 68719476736 / 64], which maps to Largest [LargestMinGB=32, LargerMinGB=12, DefaultMinGB=8, SmallerMinGB=6, SmallestMinGB=0)
[2020.08.29-01.52.16:136][  0]LogInit: Going up to parent DeviceProfile []
[2020.08.29-01.52.16:137][  0]LogConfig: Applying CVar settings from Section [ViewDistanceQuality@3] File [C:/maison/HorrorProject/HorrorVrProject/Saved/Config/Windows/Scalability.ini]
[2020.08.29-01.52.16:137][  0]LogConfig: Setting CVar [[r.SkeletalMeshLODBias:0]]
[2020.08.29-01.52.16:137][  0]LogConfig: Setting CVar [[r.ViewDistanceScale:1.0]]
[2020.08.29-01.52.16:137][  0]LogConfig: Applying CVar settings from Section [AntiAliasingQuality@3] File [C:/maison/HorrorProject/HorrorVrProject/Saved/Config/Windows/Scalability.ini]
[2020.08.29-01.52.16:137][  0]LogConfig: Setting CVar [[r.PostProcessAAQuality:4]]
[2020.08.29-01.52.16:137][  0]LogConfig: Applying CVar settings from Section [ShadowQuality@3] File [C:/maison/HorrorProject/HorrorVrProject/Saved/Config/Windows/Scalability.ini]
[2020.08.29-01.52.16:137][  0]LogConfig: Setting CVar [[r.LightFunctionQuality:1]]
[2020.08.29-01.52.16:137][  0]LogConfig: Setting CVar [[r.ShadowQuality:5]]
[2020.08.29-01.52.16:137][  0]LogConfig: Setting CVar [[r.Shadow.CSM.MaxCascades:10]]
[2020.08.29-01.52.16:137][  0]LogConfig: Setting CVar [[r.Shadow.MaxResolution:2048]]
[2020.08.29-01.52.16:137][  0]LogConfig: Setting CVar [[r.Shadow.MaxCSMResolution:2048]]
[2020.08.29-01.52.16:137][  0]LogConfig: Setting CVar [[r.Shadow.RadiusThreshold:0.01]]
[2020.08.29-01.52.16:137][  0]LogConfig: Setting CVar [[r.Shadow.DistanceScale:1.0]]
[2020.08.29-01.52.16:137][  0]LogConfig: Setting CVar [[r.Shadow.CSM.TransitionScale:1.0]]
[2020.08.29-01.52.16:137][  0]LogConfig: Setting CVar [[r.Shadow.PreShadowResolutionFactor:1.0]]
[2020.08.29-01.52.16:137][  0]LogConfig: Setting CVar [[r.DistanceFieldShadowing:1]]
[2020.08.29-01.52.16:137][  0]LogConfig: Setting CVar [[r.DistanceFieldAO:1]]
[2020.08.29-01.52.16:137][  0]LogConfig: Setting CVar [[r.AOQuality:2]]
[2020.08.29-01.52.16:137][  0]LogConfig: Setting CVar [[r.VolumetricFog:1]]
[2020.08.29-01.52.16:137][  0]LogConfig: Setting CVar [[r.VolumetricFog.GridPixelSize:8]]
[2020.08.29-01.52.16:137][  0]LogConfig: Setting CVar [[r.VolumetricFog.GridSizeZ:128]]
[2020.08.29-01.52.16:137][  0]LogConfig: Setting CVar [[r.VolumetricFog.HistoryMissSupersampleCount:4]]
[2020.08.29-01.52.16:137][  0]LogConfig: Setting CVar [[r.LightMaxDrawDistanceScale:1]]
[2020.08.29-01.52.16:137][  0]LogConfig: Setting CVar [[r.CapsuleShadows:1]]
[2020.08.29-01.52.16:137][  0]LogConfig: Applying CVar settings from Section [PostProcessQuality@3] File [C:/maison/HorrorProject/HorrorVrProject/Saved/Config/Windows/Scalability.ini]
[2020.08.29-01.52.16:137][  0]LogConfig: Setting CVar [[r.MotionBlurQuality:4]]
[2020.08.29-01.52.16:137][  0]LogConfig: Setting CVar [[r.AmbientOcclusionMipLevelFactor:0.4]]
[2020.08.29-01.52.16:137][  0]LogConfig: Setting CVar [[r.AmbientOcclusionMaxQuality:100]]
[2020.08.29-01.52.16:137][  0]LogConfig: Setting CVar [[r.AmbientOcclusionLevels:-1]]
[2020.08.29-01.52.16:137][  0]LogConfig: Setting CVar [[r.AmbientOcclusionRadiusScale:1.0]]
[2020.08.29-01.52.16:137][  0]LogConfig: Setting CVar [[r.DepthOfFieldQuality:2]]
[2020.08.29-01.52.16:137][  0]LogConfig: Setting CVar [[r.RenderTargetPoolMin:400]]
[2020.08.29-01.52.16:137][  0]LogConfig: Setting CVar [[r.LensFlareQuality:2]]
[2020.08.29-01.52.16:137][  0]LogConfig: Setting CVar [[r.SceneColorFringeQuality:1]]
[2020.08.29-01.52.16:137][  0]LogConfig: Setting CVar [[r.EyeAdaptationQuality:2]]
[2020.08.29-01.52.16:137][  0]LogConfig: Setting CVar [[r.BloomQuality:5]]
[2020.08.29-01.52.16:137][  0]LogConfig: Setting CVar [[r.FastBlurThreshold:100]]
[2020.08.29-01.52.16:137][  0]LogConfig: Setting CVar [[r.Upscale.Quality:3]]
[2020.08.29-01.52.16:138][  0]LogConfig: Setting CVar [[r.Tonemapper.GrainQuantization:1]]
[2020.08.29-01.52.16:138][  0]LogConfig: Setting CVar [[r.LightShaftQuality:1]]
[2020.08.29-01.52.16:138][  0]LogConfig: Setting CVar [[r.Filter.SizeScale:1]]
[2020.08.29-01.52.16:138][  0]LogConfig: Setting CVar [[r.Tonemapper.Quality:5]]
[2020.08.29-01.52.16:138][  0]LogConfig: Setting CVar [[r.DOF.Gather.AccumulatorQuality:1        ; higher gathering accumulator quality]]
[2020.08.29-01.52.16:138][  0]LogConfig: Setting CVar [[r.DOF.Gather.PostfilterMethod:1          ; Median3x3 postfilering method]]
[2020.08.29-01.52.16:138][  0]LogConfig: Setting CVar [[r.DOF.Gather.EnableBokehSettings:0       ; no bokeh simulation when gathering]]
[2020.08.29-01.52.16:138][  0]LogConfig: Setting CVar [[r.DOF.Gather.RingCount:4                 ; medium number of samples when gathering]]
[2020.08.29-01.52.16:138][  0]LogConfig: Setting CVar [[r.DOF.Scatter.ForegroundCompositing:1    ; additive foreground scattering]]
[2020.08.29-01.52.16:138][  0]LogConfig: Setting CVar [[r.DOF.Scatter.BackgroundCompositing:2    ; additive background scattering]]
[2020.08.29-01.52.16:138][  0]LogConfig: Setting CVar [[r.DOF.Scatter.EnableBokehSettings:1      ; bokeh simulation when scattering]]
[2020.08.29-01.52.16:138][  0]LogConfig: Setting CVar [[r.DOF.Scatter.MaxSpriteRatio:0.1         ; only a maximum of 10% of scattered bokeh]]
[2020.08.29-01.52.16:138][  0]LogConfig: Setting CVar [[r.DOF.Recombine.Quality:1                ; cheap slight out of focus]]
[2020.08.29-01.52.16:138][  0]LogConfig: Setting CVar [[r.DOF.Recombine.EnableBokehSettings:0    ; no bokeh simulation on slight out of focus]]
[2020.08.29-01.52.16:138][  0]LogConfig: Setting CVar [[r.DOF.TemporalAAQuality:1                ; more stable temporal accumulation]]
[2020.08.29-01.52.16:138][  0]LogConfig: Setting CVar [[r.DOF.Kernel.MaxForegroundRadius:0.025]]
[2020.08.29-01.52.16:138][  0]LogConfig: Setting CVar [[r.DOF.Kernel.MaxBackgroundRadius:0.025]]
[2020.08.29-01.52.16:138][  0]LogConfig: Applying CVar settings from Section [TextureQuality@3] File [C:/maison/HorrorProject/HorrorVrProject/Saved/Config/Windows/Scalability.ini]
[2020.08.29-01.52.16:138][  0]LogConfig: Setting CVar [[r.Streaming.MipBias:0]]
[2020.08.29-01.52.16:138][  0]LogConfig: Setting CVar [[r.Streaming.AmortizeCPUToGPUCopy:0]]
[2020.08.29-01.52.16:138][  0]LogConfig: Setting CVar [[r.Streaming.MaxNumTexturesToStreamPerFrame:0]]
[2020.08.29-01.52.16:138][  0]LogConfig: Setting CVar [[r.Streaming.Boost:1]]
[2020.08.29-01.52.16:138][  0]LogConfig: Setting CVar [[r.MaxAnisotropy:8]]
[2020.08.29-01.52.16:138][  0]LogConfig: Setting CVar [[r.VT.MaxAnisotropy:8]]
[2020.08.29-01.52.16:138][  0]LogConfig: Setting CVar [[r.Streaming.LimitPoolSizeToVRAM:0]]
[2020.08.29-01.52.16:138][  0]LogConfig: Setting CVar [[r.Streaming.PoolSize:1000]]
[2020.08.29-01.52.16:138][  0]LogConfig: Setting CVar [[r.Streaming.MaxEffectiveScreenSize:0]]
[2020.08.29-01.52.16:138][  0]LogConfig: Applying CVar settings from Section [EffectsQuality@3] File [C:/maison/HorrorProject/HorrorVrProject/Saved/Config/Windows/Scalability.ini]
[2020.08.29-01.52.16:138][  0]LogConfig: Setting CVar [[r.TranslucencyLightingVolumeDim:64]]
[2020.08.29-01.52.16:138][  0]LogConfig: Setting CVar [[r.RefractionQuality:2]]
[2020.08.29-01.52.16:139][  0]LogConfig: Setting CVar [[r.SSR.Quality:3]]
[2020.08.29-01.52.16:139][  0]LogConfig: Setting CVar [[r.SSR.HalfResSceneColor:0]]
[2020.08.29-01.52.16:139][  0]LogConfig: Setting CVar [[r.SceneColorFormat:4]]
[2020.08.29-01.52.16:139][  0]LogConfig: Setting CVar [[r.DetailMode:2]]
[2020.08.29-01.52.16:139][  0]LogConfig: Setting CVar [[r.TranslucencyVolumeBlur:1]]
[2020.08.29-01.52.16:139][  0]LogConfig: Setting CVar [[r.MaterialQualityLevel:1 ; High quality]]
[2020.08.29-01.52.16:139][  0]LogConfig: Setting CVar [[r.SSS.Scale:1]]
[2020.08.29-01.52.16:139][  0]LogConfig: Setting CVar [[r.SSS.SampleSet:2]]
[2020.08.29-01.52.16:139][  0]LogConfig: Setting CVar [[r.SSS.Quality:1]]
[2020.08.29-01.52.16:139][  0]LogConfig: Setting CVar [[r.SSS.HalfRes:0]]
[2020.08.29-01.52.16:139][  0]LogConfig: Setting CVar [[r.SSGI.Quality:3]]
[2020.08.29-01.52.16:139][  0]LogConfig: Setting CVar [[r.EmitterSpawnRateScale:1.0]]
[2020.08.29-01.52.16:139][  0]LogConfig: Setting CVar [[r.ParticleLightQuality:2]]
[2020.08.29-01.52.16:139][  0]LogConfig: Setting CVar [[r.SkyAtmosphere.AerialPerspectiveLUT.FastApplyOnOpaque:1 ; Always have FastSkyLUT 1 in this case to avoid wrong sky]]
[2020.08.29-01.52.16:139][  0]LogConfig: Setting CVar [[r.SkyAtmosphere.AerialPerspectiveLUT.SampleCountPerSlice:1]]
[2020.08.29-01.52.16:139][  0]LogConfig: Setting CVar [[r.SkyAtmosphere.AerialPerspectiveLUT.DepthResolution:16.0]]
[2020.08.29-01.52.16:139][  0]LogConfig: Setting CVar [[r.SkyAtmosphere.FastSkyLUT:1]]
[2020.08.29-01.52.16:139][  0]LogConfig: Setting CVar [[r.SkyAtmosphere.FastSkyLUT.SampleCountMin:4.0]]
[2020.08.29-01.52.16:139][  0]LogConfig: Setting CVar [[r.SkyAtmosphere.FastSkyLUT.SampleCountMax:32.0]]
[2020.08.29-01.52.16:139][  0]LogConfig: Setting CVar [[r.SkyAtmosphere.SampleCountMin:4.0]]
[2020.08.29-01.52.16:139][  0]LogConfig: Setting CVar [[r.SkyAtmosphere.SampleCountMax:32.0]]
[2020.08.29-01.52.16:139][  0]LogConfig: Setting CVar [[r.SkyAtmosphere.TransmittanceLUT.UseSmallFormat:0]]
[2020.08.29-01.52.16:139][  0]LogConfig: Setting CVar [[r.SkyAtmosphere.TransmittanceLUT.SampleCount:10.0]]
[2020.08.29-01.52.16:139][  0]LogConfig: Setting CVar [[r.SkyAtmosphere.MultiScatteringLUT.SampleCount:15.0]]
[2020.08.29-01.52.16:140][  0]LogConfig: Applying CVar settings from Section [FoliageQuality@3] File [C:/maison/HorrorProject/HorrorVrProject/Saved/Config/Windows/Scalability.ini]
[2020.08.29-01.52.16:140][  0]LogConfig: Setting CVar [[foliage.DensityScale:1.0]]
[2020.08.29-01.52.16:140][  0]LogConfig: Setting CVar [[grass.DensityScale:1.0]]
[2020.08.29-01.52.16:140][  0]LogConfig: Applying CVar settings from Section [ShadingQuality@3] File [C:/maison/HorrorProject/HorrorVrProject/Saved/Config/Windows/Scalability.ini]
[2020.08.29-01.52.16:140][  0]LogConfig: Setting CVar [[r.HairStrands.SkyLighting.SampleCount:16]]
[2020.08.29-01.52.16:140][  0]LogConfig: Setting CVar [[r.HairStrands.SkyLighting.JitterIntegration:0]]
[2020.08.29-01.52.16:140][  0]LogConfig: Setting CVar [[r.HairStrands.SkyAO.SampleCount:16]]
[2020.08.29-01.52.16:140][  0]LogConfig: Setting CVar [[r.HairStrands.DeepShadow.SuperSampling:0]]
[2020.08.29-01.52.16:140][  0]LogConfig: Setting CVar [[r.HairStrands.VisibilityPPLL:0]]
[2020.08.29-01.52.16:140][  0]LogConfig: Setting CVar [[r.HairStrands.RasterizationScale:0.5]]
[2020.08.29-01.52.16:140][  0]LogConfig: Setting CVar [[r.HairStrands.VelocityRasterizationScale:1]]
[2020.08.29-01.52.16:140][  0]LogConfig: Applying CVar settings from Section [Startup] File [../../../Engine/Config/ConsoleVariables.ini]
[2020.08.29-01.52.16:141][  0]LogConfig: Setting CVar [[net.UseAdaptiveNetUpdateFrequency:0]]
[2020.08.29-01.52.16:141][  0]LogConfig: Setting CVar [[p.chaos.AllowCreatePhysxBodies:1]]
[2020.08.29-01.52.16:141][  0]LogConfig: Setting CVar [[fx.SkipVectorVMBackendOptimizations:1]]
[2020.08.29-01.52.16:141][  0]LogConfig: Applying CVar settings from Section [ConsoleVariables] File [C:/maison/HorrorProject/HorrorVrProject/Saved/Config/Windows/Engine.ini]
[2020.08.29-01.52.16:142][  0]LogInit: Computer: DESKTOP-9D4N06R
[2020.08.29-01.52.16:142][  0]LogInit: User: dadad
[2020.08.29-01.52.16:142][  0]LogInit: CPU Page size=4096, Cores=16
[2020.08.29-01.52.16:142][  0]LogInit: High frequency timer resolution =10.000000 MHz
[2020.08.29-01.52.16:142][  0]LogMemory: Memory total: Physical=63.9GB (64GB approx)
[2020.08.29-01.52.16:142][  0]LogMemory: Platform Memory Stats for Windows
[2020.08.29-01.52.16:142][  0]LogMemory: Process Physical Memory: 120.90 MB used, 120.91 MB peak
[2020.08.29-01.52.16:142][  0]LogMemory: Process Virtual Memory: 105.19 MB used, 105.19 MB peak
[2020.08.29-01.52.16:142][  0]LogMemory: Physical Memory: 14143.53 MB used,  51288.06 MB free, 65431.59 MB total
[2020.08.29-01.52.16:142][  0]LogMemory: Virtual Memory: 5292.74 MB used,  134212432.00 MB free, 134217728.00 MB total
[2020.08.29-01.52.16:155][  0]LogWindows: WindowsPlatformFeatures enabled
[2020.08.29-01.52.16:214][  0]LogInit: Physics initialised using underlying interface: PhysX
[2020.08.29-01.52.16:216][  0]LogInit: Using OS detected language (en-US).
[2020.08.29-01.52.16:216][  0]LogInit: Using OS detected locale (en-CA).
[2020.08.29-01.52.16:220][  0]LogTextLocalizationManager: No specific localization for 'en-US' exists, so the 'en' localization will be used.
[2020.08.29-01.52.16:460][  0]LogInit: Setting process to per monitor DPI aware
[2020.08.29-01.52.16:526][  0]LogSlate: New Slate User Created.  User Index 0, Is Virtual User: 0
[2020.08.29-01.52.16:526][  0]LogSlate: Slate User Registered.  User Index 0, Is Virtual User: 0
[2020.08.29-01.52.16:835][  0]LogD3D12RHI: Aftermath initialized
[2020.08.29-01.52.16:835][  0]LogD3D12RHI: Loading WinPixEventRuntime.dll for PIX profiling (from ../../../Engine/Binaries/ThirdParty/Windows/WinPixEventRuntime/x64).
[2020.08.29-01.52.17:628][  0]LogD3D12RHI: Found D3D12 adapter 0: NVIDIA GeForce RTX 2080 Ti (Max supported Feature Level 12_1)
[2020.08.29-01.52.17:628][  0]LogD3D12RHI: Adapter has 11048MB of dedicated video memory, 0MB of dedicated system memory, and 32715MB of shared system memory, 2 output[s]
[2020.08.29-01.52.17:769][  0]LogD3D12RHI: Found D3D12 adapter 1: NVIDIA GeForce GTX 1050 (Max supported Feature Level 12_1)
[2020.08.29-01.52.17:769][  0]LogD3D12RHI: Adapter has 1977MB of dedicated video memory, 0MB of dedicated system memory, and 32715MB of shared system memory, 0 output[s]
[2020.08.29-01.52.17:784][  0]LogD3D12RHI: Found D3D12 adapter 2: Microsoft Basic Render Driver (Max supported Feature Level 12_1)
[2020.08.29-01.52.17:784][  0]LogD3D12RHI: Adapter has 0MB of dedicated video memory, 0MB of dedicated system memory, and 32715MB of shared system memory, 0 output[s]
[2020.08.29-01.52.17:798][  0]LogD3D12RHI: Found D3D12 adapter 3: Microsoft Basic Render Driver (Max supported Feature Level 12_1)
[2020.08.29-01.52.17:798][  0]LogD3D12RHI: Adapter has 0MB of dedicated video memory, 0MB of dedicated system memory, and 32715MB of shared system memory, 0 output[s]
[2020.08.29-01.52.17:798][  0]LogD3D12RHI: Forcing D3D12.AsyncDeferredDeletion=0 as a workaround for a deadlock.
[2020.08.29-01.52.17:798][  0]LogD3D12RHI: Chosen D3D12 Adapter Id = 0
[2020.08.29-01.52.17:819][  0]LogD3D12RHI: Emitting draw events for PIX profiling.
[2020.08.29-01.52.17:931][  0]LogD3D12RHI: D3D12 ray tracing enabled.
[2020.08.29-01.52.17:931][  0]LogD3D12RHI: The system supports ID3D12Device1.
[2020.08.29-01.52.17:931][  0]LogD3D12RHI: The system supports ID3D12Device2.
[2020.08.29-01.52.18:030][  0]LogD3D12RHI: [GPUBreadCrumb] Successfully setup breadcrumb resource for 3D Queue 0
[2020.08.29-01.52.18:051][  0]LogD3D12RHI: [GPUBreadCrumb] Successfully setup breadcrumb resource for Copy Queue 0
[2020.08.29-01.52.18:074][  0]LogD3D12RHI: [GPUBreadCrumb] Successfully setup breadcrumb resource for Compute Queue 0
[2020.08.29-01.52.18:099][  0]LogD3D12RHI: Display: Not using pipeline state disk cache per r.D3D12.PSO.DiskCache=0
[2020.08.29-01.52.18:100][  0]LogD3D12RHI: Display: Not using driver-optimized pipeline state disk cache per r.D3D12.PSO.DriverOptimizedDiskCache=0
[2020.08.29-01.52.18:101][  0]LogD3D12RHI:     GPU DeviceId: 0x1e07 (for the marketing name, search the web for "GPU Device Id")
[2020.08.29-01.52.18:101][  0]LogWindows: EnumDisplayDevices:
[2020.08.29-01.52.18:102][  0]LogWindows:    0. 'NVIDIA GeForce RTX 2080 Ti' (P:1 D:1)
[2020.08.29-01.52.18:102][  0]LogWindows:    1. 'NVIDIA GeForce RTX 2080 Ti' (P:0 D:1)
[2020.08.29-01.52.18:102][  0]LogWindows:    2. 'NVIDIA GeForce RTX 2080 Ti' (P:0 D:0)
[2020.08.29-01.52.18:102][  0]LogWindows:    3. 'NVIDIA GeForce RTX 2080 Ti' (P:0 D:0)
[2020.08.29-01.52.18:103][  0]LogWindows:    4. 'NVIDIA GeForce GTX 1050' (P:0 D:0)
[2020.08.29-01.52.18:103][  0]LogWindows:    5. 'NVIDIA GeForce GTX 1050' (P:0 D:0)
[2020.08.29-01.52.18:103][  0]LogWindows:    6. 'NVIDIA GeForce GTX 1050' (P:0 D:0)
[2020.08.29-01.52.18:103][  0]LogWindows:    7. 'NVIDIA GeForce GTX 1050' (P:0 D:0)
[2020.08.29-01.52.18:104][  0]LogWindows:    8. 'Citrix Indirect Display Adapter' (P:0 D:0)
[2020.08.29-01.52.18:104][  0]LogWindows:    9. 'Citrix Indirect Display Adapter' (P:0 D:0)
[2020.08.29-01.52.18:104][  0]LogWindows:    10. 'Citrix Indirect Display Adapter' (P:0 D:0)
[2020.08.29-01.52.18:104][  0]LogWindows:    11. 'Citrix Indirect Display Adapter' (P:0 D:0)
[2020.08.29-01.52.18:105][  0]LogWindows:    12. 'Citrix Indirect Display Adapter' (P:0 D:0)
[2020.08.29-01.52.18:105][  0]LogWindows:    13. 'Citrix Indirect Display Adapter' (P:0 D:0)
[2020.08.29-01.52.18:105][  0]LogWindows:    14. 'Citrix Indirect Display Adapter' (P:0 D:0)
[2020.08.29-01.52.18:105][  0]LogWindows:    15. 'Citrix Indirect Display Adapter' (P:0 D:0)
[2020.08.29-01.52.18:105][  0]LogWindows: DebugString: PrimaryIsNotTheChoosenAdapter PrimaryIsNotTheChoosenAdapter PrimaryIsNotTheChoosenAdapter PrimaryIsNotTheChoosenAdapter GetVideoDriverDetailsInvalid PrimaryIsNotTheChoosenAdapter GetVideoDriverDetailsInvalid PrimaryIsNotTheChoosenAdapter GetVideoDriverDetailsInvalid PrimaryIsNotTheChoosenAdapter GetVideoDriverDetailsInvalid PrimaryIsNotTheChoosenAdapter GetVideoDriverDetailsInvalid PrimaryIsNotTheChoosenAdapter GetVideoDriverDetailsInvalid PrimaryIsNotTheChoosenAdapter GetVideoDriverDetailsInvalid PrimaryIsNotTheChoosenAdapter GetVideoDriverDetailsInvalid PrimaryIsNotTheChoosenAdapter FoundDriverCount:4 
[2020.08.29-01.52.18:105][  0]LogD3D12RHI:     Adapter Name: NVIDIA GeForce RTX 2080 Ti
[2020.08.29-01.52.18:105][  0]LogD3D12RHI:   Driver Version: 452.06 (internal:27.21.14.5206, unified:452.06)
[2020.08.29-01.52.18:105][  0]LogD3D12RHI:      Driver Date: 8-12-2020
[2020.08.29-01.52.18:105][  0]LogRHI: Texture pool is 5916 MB (70% of 8451 MB)
[2020.08.29-01.52.18:105][  0]LogD3D12RHI: Async texture creation enabled
[2020.08.29-01.52.18:105][  0]LogD3D12RHI: RHI has support for 64 bit atomics
[2020.08.29-01.52.18:467][  0]LogTargetPlatformManager: Display: Loaded TargetPlatform 'AllDesktop'
[2020.08.29-01.52.18:494][  0]LogTargetPlatformManager: Display: Loaded TargetPlatform 'Android'
[2020.08.29-01.52.18:494][  0]LogTargetPlatformManager: Display: Loaded TargetPlatform 'Android_ASTC'
[2020.08.29-01.52.18:494][  0]LogTargetPlatformManager: Display: Loaded TargetPlatform 'Android_DXT'
[2020.08.29-01.52.18:494][  0]LogTargetPlatformManager: Display: Loaded TargetPlatform 'Android_ETC2'
[2020.08.29-01.52.18:494][  0]LogTargetPlatformManager: Display: Loaded TargetPlatform 'AndroidClient'
[2020.08.29-01.52.18:494][  0]LogTargetPlatformManager: Display: Loaded TargetPlatform 'Android_ASTCClient'
[2020.08.29-01.52.18:494][  0]LogTargetPlatformManager: Display: Loaded TargetPlatform 'Android_DXTClient'
[2020.08.29-01.52.18:494][  0]LogTargetPlatformManager: Display: Loaded TargetPlatform 'Android_ETC2Client'
[2020.08.29-01.52.18:494][  0]LogTargetPlatformManager: Display: Loaded TargetPlatform 'Android_Multi'
[2020.08.29-01.52.18:494][  0]LogTargetPlatformManager: Display: Loaded TargetPlatform 'Android_MultiClient'
[2020.08.29-01.52.18:526][  0]LogTargetPlatformManager: Display: Loaded TargetPlatform 'IOSClient'
[2020.08.29-01.52.18:526][  0]LogTargetPlatformManager: Display: Loaded TargetPlatform 'IOS'
[2020.08.29-01.52.18:539][  0]LogTargetPlatformManager: Display: Loaded TargetPlatform 'Linux'
[2020.08.29-01.52.18:551][  0]LogTargetPlatformManager: Display: Loaded TargetPlatform 'LinuxNoEditor'
[2020.08.29-01.52.18:563][  0]LogTargetPlatformManager: Display: Loaded TargetPlatform 'LinuxClient'
[2020.08.29-01.52.18:574][  0]LogTargetPlatformManager: Display: Loaded TargetPlatform 'LinuxServer'
[2020.08.29-01.52.18:586][  0]LogTargetPlatformManager: Display: Loaded TargetPlatform 'LinuxAArch64NoEditor'
[2020.08.29-01.52.18:598][  0]LogTargetPlatformManager: Display: Loaded TargetPlatform 'LinuxAArch64Client'
[2020.08.29-01.52.18:611][  0]LogTargetPlatformManager: Display: Loaded TargetPlatform 'LinuxAArch64Server'
[2020.08.29-01.52.18:643][  0]LogTargetPlatformManager: Display: Loaded TargetPlatform 'Lumin'
[2020.08.29-01.52.18:643][  0]LogTargetPlatformManager: Display: Loaded TargetPlatform 'LuminClient'
[2020.08.29-01.52.18:662][  0]LogTargetPlatformManager: Display: Loaded TargetPlatform 'TVOSClient'
[2020.08.29-01.52.18:662][  0]LogTargetPlatformManager: Display: Loaded TargetPlatform 'TVOS'
[2020.08.29-01.52.18:674][  0]LogTargetPlatformManager: Display: Loaded TargetPlatform 'WindowsNoEditor'
[2020.08.29-01.52.18:686][  0]LogTargetPlatformManager: Display: Loaded TargetPlatform 'Windows'
[2020.08.29-01.52.18:697][  0]LogTargetPlatformManager: Display: Loaded TargetPlatform 'WindowsClient'
[2020.08.29-01.52.18:709][  0]LogTargetPlatformManager: Display: Loaded TargetPlatform 'WindowsServer'
[2020.08.29-01.52.18:709][  0]LogTargetPlatformManager: Display: Building Assets For Windows
[2020.08.29-01.52.18:720][  0]LogAudioDebug: Display: Lib vorbis DLL was dynamically loaded.
[2020.08.29-01.52.18:791][  0]LogShaderCompilers: Guid format shader working directory is 6 characters bigger than the processId version (C:/maison/HorrorProject/HorrorVrProject/Intermediate/Shaders/WorkingDirectory/11172/).
[2020.08.29-01.52.18:791][  0]LogShaderCompilers: Cleaned the shader compiler working directory 'C:/Users/dadad/AppData/Local/Temp/UnrealShaderWorkingDir/D706535242FD3DADA9775484444C3AFB/'.
[2020.08.29-01.52.18:792][  0]LogXGEController: Cleaning working directory: C:/Users/dadad/AppData/Local/Temp/UnrealXGEWorkingDir/
[2020.08.29-01.52.18:792][  0]LogXGEController: Cannot use XGE Controller as Incredibuild is not installed on this machine.
[2020.08.29-01.52.18:792][  0]LogShaderCompilers: Cannot use XGE Shader Compiler as Incredibuild is not installed on this machine.
[2020.08.29-01.52.18:792][  0]LogShaderCompilers: Display: Using Local Shader Compiler.
[2020.08.29-01.52.19:684][  0]LogDerivedDataCache: Display: Max Cache Size: 512 MB
[2020.08.29-01.52.19:782][  0]LogDerivedDataCache: Loaded boot cache 0.10s 127MB C:/Users/dadad/AppData/Local/UnrealEngine/4.25/DerivedDataCache/Boot.ddc.
[2020.08.29-01.52.19:783][  0]LogDerivedDataCache: Display: Loaded Boot cache: C:/Users/dadad/AppData/Local/UnrealEngine/4.25/DerivedDataCache/Boot.ddc
[2020.08.29-01.52.19:783][  0]LogDerivedDataCache: FDerivedDataBackendGraph:  Pak pak cache file C:/maison/HorrorProject/HorrorVrProject/DerivedDataCache/DDC.ddp not found, will not use a pak cache.
[2020.08.29-01.52.19:783][  0]LogDerivedDataCache: Unable to find inner node Pak for hierarchical cache Hierarchy.
[2020.08.29-01.52.19:783][  0]LogDerivedDataCache: FDerivedDataBackendGraph:  CompressedPak pak cache file C:/maison/HorrorProject/HorrorVrProject/DerivedDataCache/Compressed.ddp not found, will not use a pak cache.
[2020.08.29-01.52.19:783][  0]LogDerivedDataCache: Unable to find inner node CompressedPak for hierarchical cache Hierarchy.
[2020.08.29-01.52.19:795][  0]LogDerivedDataCache: Display: Pak cache opened for reading ../../../Engine/DerivedDataCache/Compressed.ddp.
[2020.08.29-01.52.19:795][  0]LogDerivedDataCache: FDerivedDataBackendGraph:  EnterprisePak pak cache file ../../../Enterprise/DerivedDataCache/Compressed.ddp not found, will not use a pak cache.
[2020.08.29-01.52.19:795][  0]LogDerivedDataCache: Unable to find inner node EnterprisePak for hierarchical cache Hierarchy.
[2020.08.29-01.52.19:797][  0]LogDerivedDataCache: Using Local data cache path C:/Users/dadad/AppData/Local/UnrealEngine/Common/DerivedDataCache: Writable
[2020.08.29-01.52.19:797][  0]LogDerivedDataCache: Shared data cache path not found in *engine.ini, will not use an Shared cache.
[2020.08.29-01.52.19:797][  0]LogDerivedDataCache: Unable to find inner node Shared for hierarchical cache Hierarchy.
[2020.08.29-01.52.19:870][  0]LogSlate: Using FreeType 2.10.0
[2020.08.29-01.52.19:871][  0]LogSlate: SlateFontServices - WITH_FREETYPE: 1, WITH_HARFBUZZ: 1
[2020.08.29-01.52.19:902][  0]LogAssetRegistry: FAssetRegistry took 0.0033 seconds to start up
[2020.08.29-01.52.20:176][  0]LogInit: Selected Device Profile: [Windows]
[2020.08.29-01.52.20:317][  0]LogMeshReduction: Using QuadricMeshReduction for automatic static mesh reduction
[2020.08.29-01.52.20:317][  0]LogMeshReduction: Using SimplygonMeshReduction for automatic skeletal mesh reduction
[2020.08.29-01.52.20:317][  0]LogMeshReduction: Using ProxyLODMeshReduction for automatic mesh merging
[2020.08.29-01.52.20:317][  0]LogMeshReduction: No distributed automatic mesh merging module available
[2020.08.29-01.52.20:317][  0]LogMeshMerging: No distributed automatic mesh merging module available
[2020.08.29-01.52.20:479][  0]LogNetVersion: HorrorVrProject 1.0.0, NetCL: 13144385, EngineNetVer: 14, GameNetVer: 0 (Checksum: 1535448059)
[2020.08.29-01.52.20:953][  0]LogAISub: UAISubsystem::UAISubsystem AISubsystem (000001E604797A40), frame # 0
[2020.08.29-01.52.20:953][  0]LogAISub: UAISubsystem::UAISubsystem AIPerceptionSystem (000001E60477FB00), frame # 0
[2020.08.29-01.52.20:954][  0]LogAISub: UAISubsystem::UAISubsystem EnvQueryManager (000001E604818A00), frame # 0
[2020.08.29-01.52.21:025][  0]LogPackageLocalizationCache: Processed 19 localized package path(s) for 1 prioritized culture(s) in 0.064342 seconds
[2020.08.29-01.52.21:031][  0]LogUObjectArray: 15917 objects as part of root set at end of initial load.
[2020.08.29-01.52.21:031][  0]LogUObjectAllocator: 3965568 out of 0 bytes used by permanent object pool.
[2020.08.29-01.52.21:031][  0]LogUObjectArray: CloseDisregardForGC: 0/0 objects in disregard for GC pool
[2020.08.29-01.52.21:220][  0]LogD3D12RHI: Creating RTPSO with 3 shaders (0 cached, 3 new) took 35.25 ms. Compile time 19.88 ms, link time 15.31 ms.
[2020.08.29-01.52.21:511][  0]LogTcpMessaging: Initializing TcpMessaging bridge
[2020.08.29-01.52.21:516][  0]LogUdpMessaging: Initializing bridge on interface 0.0.0.0:0 to multicast group 230.0.0.1:6666.
[2020.08.29-01.52.21:618][  0]SourceControl: Source control is disabled
[2020.08.29-01.52.21:619][  0]SourceControl: Source control is disabled
[2020.08.29-01.52.21:622][  0]SourceControl: Source control is disabled
[2020.08.29-01.52.21:626][  0]SourceControl: Source control is disabled
[2020.08.29-01.52.21:635][  0]SourceControl: Source control is disabled
[2020.08.29-01.52.21:941][  0]LogAndroidPermission: UAndroidPermissionCallbackProxy::GetInstance
[2020.08.29-01.52.21:967][  0]LogAudioCaptureCore: Display: No Audio Capture implementations found. Audio input will be silent.
[2020.08.29-01.52.21:967][  0]LogAudioCaptureCore: Display: No Audio Capture implementations found. Audio input will be silent.
[2020.08.29-01.52.22:029][  0]LogOcInput: OculusInput pre-init called
[2020.08.29-01.52.22:282][  0]LogEngine: Initializing Engine...
[2020.08.29-01.52.22:283][  0]LogHMD: SteamVR initialized.  Driver: lighthouse  Display: LHR-AF245FD8
[2020.08.29-01.52.22:284][  0]LogStats: UGameplayTagsManager::InitializeManager -  0.000 s
[2020.08.29-01.52.22:444][  0]LogInit: Initializing FReadOnlyCVARCache
[2020.08.29-01.52.22:454][  0]LogAIModule: Creating AISystem for world Untitled
[2020.08.29-01.52.22:454][  0]LogAISub: UAISubsystem::UAISubsystem EnvQueryManager (000001E60B765600), frame # 0
[2020.08.29-01.52.22:454][  0]LogAISub: UAISubsystem::UAISubsystem AIPerceptionSystem (000001E60B747B00), frame # 0
[2020.08.29-01.52.22:461][  0]LogAudioMixer: Display: Audio Mixer Platform Settings:
[2020.08.29-01.52.22:461][  0]LogAudioMixer: Display: 	Sample Rate:						  48000
[2020.08.29-01.52.22:461][  0]LogAudioMixer: Display: 	Callback Buffer Frame Size Requested: 1024
[2020.08.29-01.52.22:461][  0]LogAudioMixer: Display: 	Callback Buffer Frame Size To Use:	  1024
[2020.08.29-01.52.22:461][  0]LogAudioMixer: Display: 	Number of buffers to queue:			  2
[2020.08.29-01.52.22:461][  0]LogAudioMixer: Display: 	Max Channels (voices):				  32
[2020.08.29-01.52.22:461][  0]LogAudioMixer: Display: 	Number of Async Source Workers:		  0
[2020.08.29-01.52.22:461][  0]LogAudio: Display: AudioDevice MaxSources: 32
[2020.08.29-01.52.22:462][  0]LogAudio: Display: Using built-in audio occlusion.
[2020.08.29-01.52.22:462][  0]LogAudioMixer: Display: Initializing audio mixer.
[2020.08.29-01.52.22:503][  0]LogAudioMixer: Display: 0: FrontLeft
[2020.08.29-01.52.22:503][  0]LogAudioMixer: Display: 1: FrontRight
[2020.08.29-01.52.22:553][  0]LogAudioMixer: Display: Using Audio Device HTC-VIVE (NVIDIA High Definition Audio)
[2020.08.29-01.52.22:557][  0]LogAudioMixer: Display: Initializing Sound Submixes...
[2020.08.29-01.52.22:561][  0]LogAudioMixer: Display: Creating Master Submix 'MasterSubmixDefault'
[2020.08.29-01.52.22:561][  0]LogAudioMixer: Display: Creating Master Submix 'MasterReverbSubmixDefault'
[2020.08.29-01.52.22:562][  0]LogAudioMixer: Display: Creating Master Submix 'MasterEQSubmixDefault'
[2020.08.29-01.52.22:564][  0]LogInit: FAudioDevice initialized.
[2020.08.29-01.52.22:564][  0]LogNetVersion: Set ProjectVersion to 1.0.0.0. Version Checksum will be recalculated on next use.
[2020.08.29-01.52.22:682][  0]LogDerivedDataCache: Saved boot cache 0.12s 127MB C:/Users/dadad/AppData/Local/UnrealEngine/4.25/DerivedDataCache/Boot.ddc.
[2020.08.29-01.52.22:692][  0]LogInit: Texture streaming: Enabled
[2020.08.29-01.52.22:716][  0]LogEngineSessionManager: EngineSessionManager initialized
[2020.08.29-01.52.22:716][  0]LogEngineSessionManager: EngineSessionManager sent abnormal shutdown report. Type=Crashed, SessionId={E1A3E53D-4363-EA39-3618-CD8D6EBBB181}
[2020.08.29-01.52.22:716][  0]LogEditorSessionSummary: Verbose: Initializing EditorSessionSummaryWriter for editor session tracking
[2020.08.29-01.52.22:718][  0]LogEditorSessionSummary: EditorSessionSummaryWriter initialized
[2020.08.29-01.52.22:809][  0]LogInit: Transaction tracking system initialized
[2020.08.29-01.52.22:839][  0]BlueprintLog: New page: Editor Load
[2020.08.29-01.52.22:932][  0]LocalizationService: Localization service is disabled
[2020.08.29-01.52.23:118][  0]LogCook: Display: Max memory allowance for cook 16384mb min free memory 0mb
[2020.08.29-01.52.23:118][  0]LogCook: Display: Mobile HDR setting 1
[2020.08.29-01.52.23:281][  0]LogFileCache: Scanning file cache for directory 'C:/maison/HorrorProject/HorrorVrProject/Content/' took 0.00s
[2020.08.29-01.52.23:475][  0]SourceControl: Source control is disabled
[2020.08.29-01.52.23:475][  0]LogUnrealEdMisc: Loading editor; pre map load, took 10.484
[2020.08.29-01.52.23:475][  0]Cmd: MAP LOAD FILE="../../../Engine/Content/Maps/Templates/Template_Default.umap" TEMPLATE=1 SHOWPROGRESS=1 FEATURELEVEL=3
[2020.08.29-01.52.23:475][  0]LightingResults: New page: Lighting Build
[2020.08.29-01.52.23:476][  0]LogWorld: UWorld::CleanupWorld for Untitled, bSessionEnded=true, bCleanupResources=true
[2020.08.29-01.52.23:476][  0]LogSlate: InvalidateAllWidgets triggered.  All widgets were invalidated
[2020.08.29-01.52.23:476][  0]MapCheck: New page: Map Check
[2020.08.29-01.52.23:476][  0]LightingResults: New page: Lighting Build
[2020.08.29-01.52.23:509][  0]LogAISub: UAISubsystem::~UAISubsystem EnvQueryManager (000001E60B765600), frame # 0
[2020.08.29-01.52.23:509][  0]LogAISub: UAISubsystem::~UAISubsystem AIPerceptionSystem (000001E60B747B00), frame # 0
[2020.08.29-01.52.23:510][  0]LogUObjectHash: Compacting FUObjectHashTables data took   1.01ms
[2020.08.29-01.52.23:586][  0]LogAIModule: Creating AISystem for world Untitled_1
[2020.08.29-01.52.23:586][  0]LogAISub: UAISubsystem::UAISubsystem EnvQueryManager (000001E6201F7E00), frame # 0
[2020.08.29-01.52.23:586][  0]LogAISub: UAISubsystem::UAISubsystem AIPerceptionSystem (000001E62030C7C0), frame # 0
[2020.08.29-01.52.23:590][  0]LogEditorServer: Finished looking for orphan Actors (0.000 secs)
[2020.08.29-01.52.23:654][  0]LogUObjectHash: Compacting FUObjectHashTables data took   0.83ms
[2020.08.29-01.52.23:654][  0]Cmd: MAP CHECKDEP NOCLEARLOG
[2020.08.29-01.52.23:654][  0]MapCheck: Map check complete: 0 Error(s), 0 Warning(s), took 0.233ms to complete.
[2020.08.29-01.52.23:654][  0]LogFileHelpers: Loading map 'Template_Default' took 0.179
[2020.08.29-01.52.23:657][  0]LogUnrealEdMisc: Total Editor Startup Time, took 10.666
[2020.08.29-01.52.23:807][  0]LogSlate: Updating window title bar state: overlay mode, drag disabled, window buttons hidden, title bar hidden
[2020.08.29-01.52.23:815][  0]LogSlate: Updating window title bar state: overlay mode, drag disabled, window buttons hidden, title bar hidden
[2020.08.29-01.52.23:824][  0]LogSlate: Updating window title bar state: overlay mode, drag disabled, window buttons hidden, title bar hidden
[2020.08.29-01.52.23:833][  0]LogSlate: Updating window title bar state: overlay mode, drag disabled, window buttons hidden, title bar hidden
[2020.08.29-01.52.23:841][  0]LogCollectionManager: Loaded 0 collections in 0.001037 seconds
[2020.08.29-01.52.23:859][  0]LogFileCache: Scanning file cache for directory 'C:/maison/HorrorProject/HorrorVrProject/Saved/Collections/' took 0.00s
[2020.08.29-01.52.23:859][  0]LogFileCache: Scanning file cache for directory 'C:/maison/HorrorProject/HorrorVrProject/Content/Developers/dadad/Collections/' took 0.00s
[2020.08.29-01.52.23:859][  0]LogFileCache: Scanning file cache for directory 'C:/maison/HorrorProject/HorrorVrProject/Content/Collections/' took 0.00s
[2020.08.29-01.52.23:859][  0]LogContentBrowser: Native class hierarchy populated in 0.0112 seconds. Added 3428 classes and 823 folders.
[2020.08.29-01.52.23:862][  0]LogContentBrowser: Native class hierarchy updated for 'WidgetCarousel' in 0.0004 seconds. Added 0 classes and 0 folders.
[2020.08.29-01.52.23:945][  0]LogContentBrowser: Native class hierarchy updated for 'AddContentDialog' in 0.0005 seconds. Added 0 classes and 0 folders.
[2020.08.29-01.52.23:946][  0]LogContentBrowser: Native class hierarchy updated for 'SceneOutliner' in 0.0004 seconds. Added 2 classes and 0 folders.
[2020.08.29-01.52.23:956][  0]LogContentBrowser: Native class hierarchy updated for 'WorldBrowser' in 0.0005 seconds. Added 2 classes and 3 folders.
[2020.08.29-01.52.24:059][  0]LogSlate: Took 0.000705 seconds to synchronously load lazily loaded font '../../../Engine/Content/Slate/Fonts/Roboto-Regular.ttf' (155K)
[2020.08.29-01.52.24:061][  0]LogSlate: Took 0.000303 seconds to synchronously load lazily loaded font '../../../Engine/Content/Slate/Fonts/Roboto-Bold.ttf' (160K)
[2020.08.29-01.52.24:067][  0]LogSlate: Took 0.000264 seconds to synchronously load lazily loaded font '../../../Engine/Content/Editor/Slate/Fonts/FontAwesome.ttf' (139K)
[2020.08.29-01.52.24:157][  0]LogRenderer: Reallocating scene render targets to support 2172x1020 Format 10 NumSamples 1 (Frame:1).
[2020.08.29-01.52.24:597][  0]LogD3D12RHI: Creating RTPSO with 133 shaders (0 cached, 133 new) took 404.99 ms. Compile time 386.83 ms, link time 17.84 ms.
[2020.08.29-01.52.24:810][  0]LogD3D12RHI: Creating RTPSO with 3 shaders (0 cached, 3 new) took 16.60 ms. Compile time 5.67 ms, link time 10.90 ms.
[2020.08.29-01.52.25:071][  0]LogContentBrowser: Native class hierarchy updated for 'HierarchicalLODOutliner' in 0.0005 seconds. Added 0 classes and 0 folders.
[2020.08.29-01.52.25:071][  0]LogLoad: (Engine Initialization) Total time: 12.08 seconds
[2020.08.29-01.52.25:071][  0]LogLoad: (Engine Initialization) Total Blueprint compile time: 0.00 seconds
[2020.08.29-01.52.25:083][  0]LogSteamVRInputDevice: Display: SteamVR runtime 1.5.17 loaded.
[2020.08.29-01.52.25:083][  0]LogSteamVRInputDevice: Display: Action Manifest Path: C:/maison/HorrorProject/HorrorVrProject/Config/SteamVRBindings/steamvr_manifest.json
[2020.08.29-01.52.25:083][  0]LogSteamVRInputDevice: Display: Controller Bindings Path: C:/maison/HorrorProject/HorrorVrProject/Config/SteamVRBindings
[2020.08.29-01.52.25:083][  0]LogSteamVRInputDevice: Searching for Controller Bindings files at: C:/maison/HorrorProject/HorrorVrProject/Config/SteamVRBindings
[2020.08.29-01.52.25:090][  0]LogSteamVRInputDevice: Display: [STEAMVR INPUT] Registering Application Manifest C:/maison/HorrorProject/HorrorVrProject/Config/steamvr_ue_editor_app.json : VRApplicationError_None
[2020.08.29-01.52.25:091][  0]LogSteamVRInputDevice: Display: [STEAMVR INPUT] Editor Application [11172][application.generated.ue.horrorvrproject-13942748.ue4editor.exe] identified to SteamVR: VRApplicationError_None
[2020.08.29-01.52.25:091][  0]LogSteamVRInputDevice: Display: [STEAMVR INPUT] Trying to load Action Manifest from: C:/maison/HorrorProject/HorrorVrProject/Config/SteamVRBindings/steamvr_manifest.json
[2020.08.29-01.52.25:091][  0]LogSteamVRInputDevice: Display: [STEAMVR INPUT] Setting Action Manifest Path Result: Success
[2020.08.29-01.52.25:092][  0]LogSteamVRInputDevice: Display: [STEAMVR INPUT] Setting main action set: Success
[2020.08.29-01.52.25:092][  0]LogSteamVRInputDevice: Display: Retrieving Action Handle: /actions/main/in/controllerleft
[2020.08.29-01.52.25:092][  0]LogSteamVRInputDevice: Display: [STEAMVR INPUT] Setting Action Handle Path Result: Success
[2020.08.29-01.52.25:092][  0]LogSteamVRInputDevice: Display: Retrieving Action Handle: /actions/main/in/controllerright
[2020.08.29-01.52.25:092][  0]LogSteamVRInputDevice: Display: [STEAMVR INPUT] Setting Action Handle Path Result: Success
[2020.08.29-01.52.25:092][  0]LogSteamVRInputDevice: Display: Retrieving Action Handle: /actions/main/in/special1
[2020.08.29-01.52.25:092][  0]LogSteamVRInputDevice: Display: [STEAMVR INPUT] Setting Action Handle Path Result: Success
[2020.08.29-01.52.25:092][  0]LogSteamVRInputDevice: Display: Retrieving Action Handle: /actions/main/in/special2
[2020.08.29-01.52.25:092][  0]LogSteamVRInputDevice: Display: [STEAMVR INPUT] Setting Action Handle Path Result: Success
[2020.08.29-01.52.25:092][  0]LogSteamVRInputDevice: Display: Retrieving Action Handle: /actions/main/in/special3
[2020.08.29-01.52.25:092][  0]LogSteamVRInputDevice: Display: [STEAMVR INPUT] Setting Action Handle Path Result: Success
[2020.08.29-01.52.25:092][  0]LogSteamVRInputDevice: Display: Retrieving Action Handle: /actions/main/in/special4
[2020.08.29-01.52.25:092][  0]LogSteamVRInputDevice: Display: [STEAMVR INPUT] Setting Action Handle Path Result: Success
[2020.08.29-01.52.25:092][  0]LogSteamVRInputDevice: Display: Retrieving Action Handle: /actions/main/in/special5
[2020.08.29-01.52.25:092][  0]LogSteamVRInputDevice: Display: [STEAMVR INPUT] Setting Action Handle Path Result: Success
[2020.08.29-01.52.25:092][  0]LogSteamVRInputDevice: Display: Retrieving Action Handle: /actions/main/in/special6
[2020.08.29-01.52.25:092][  0]LogSteamVRInputDevice: Display: [STEAMVR INPUT] Setting Action Handle Path Result: Success
[2020.08.29-01.52.25:092][  0]LogSteamVRInputDevice: Display: Retrieving Action Handle: /actions/main/in/special7
[2020.08.29-01.52.25:092][  0]LogSteamVRInputDevice: Display: [STEAMVR INPUT] Setting Action Handle Path Result: Success
[2020.08.29-01.52.25:093][  0]LogSteamVRInputDevice: Display: Retrieving Action Handle: /actions/main/in/special8
[2020.08.29-01.52.25:093][  0]LogSteamVRInputDevice: Display: [STEAMVR INPUT] Setting Action Handle Path Result: Success
[2020.08.29-01.52.25:093][  0]LogSteamVRInputDevice: Display: Retrieving Action Handle: /actions/main/in/skeletonleft
[2020.08.29-01.52.25:093][  0]LogSteamVRInputDevice: Display: [STEAMVR INPUT] Setting Action Handle Path Result: Success
[2020.08.29-01.52.25:093][  0]LogSteamVRInputDevice: Display: Retrieving Action Handle: /actions/main/in/skeletonright
[2020.08.29-01.52.25:093][  0]LogSteamVRInputDevice: Display: [STEAMVR INPUT] Setting Action Handle Path Result: Success
[2020.08.29-01.52.25:093][  0]LogSteamVRInputDevice: Display: Retrieving Action Handle: /actions/main/out/vibrateleft
[2020.08.29-01.52.25:093][  0]LogSteamVRInputDevice: Display: [STEAMVR INPUT] Setting Action Handle Path Result: Success
[2020.08.29-01.52.25:093][  0]LogSteamVRInputDevice: Display: Retrieving Action Handle: /actions/main/out/vibrateright
[2020.08.29-01.52.25:093][  0]LogSteamVRInputDevice: Display: [STEAMVR INPUT] Setting Action Handle Path Result: Success
[2020.08.29-01.52.25:093][  0]LogSteamVRInputDevice: Display: Retrieving Action Handle: /actions/main/in/open_console
[2020.08.29-01.52.25:093][  0]LogSteamVRInputDevice: Display: [STEAMVR INPUT] Setting Action Handle Path Result: Success
[2020.08.29-01.52.25:093][  0]LogSteamVRInputDevice: Display: Action Manifest Path: C:/maison/HorrorProject/HorrorVrProject/Config/SteamVRBindings/steamvr_manifest.json
[2020.08.29-01.52.25:093][  0]LogSteamVRInputDevice: Display: Controller Bindings Path: C:/maison/HorrorProject/HorrorVrProject/Config/SteamVRBindings
[2020.08.29-01.52.25:094][  0]LogSteamVRInputDevice: Searching for Controller Bindings files at: C:/maison/HorrorProject/HorrorVrProject/Config/SteamVRBindings
[2020.08.29-01.52.25:101][  0]LogSteamVRInputDevice: Display: [STEAMVR INPUT] Registering Application Manifest C:/maison/HorrorProject/HorrorVrProject/Config/steamvr_ue_editor_app.json : VRApplicationError_None
[2020.08.29-01.52.25:101][  0]LogSteamVRInputDevice: Display: [STEAMVR INPUT] Editor Application [11172][application.generated.ue.horrorvrproject-13942748.ue4editor.exe] identified to SteamVR: VRApplicationError_None
[2020.08.29-01.52.25:101][  0]LogSteamVRInputDevice: Display: [STEAMVR INPUT] Trying to load Action Manifest from: C:/maison/HorrorProject/HorrorVrProject/Config/SteamVRBindings/steamvr_manifest.json
[2020.08.29-01.52.25:102][  0]LogSteamVRInputDevice: Display: [STEAMVR INPUT] Setting Action Manifest Path Result: Success
[2020.08.29-01.52.25:102][  0]LogSteamVRInputDevice: Display: [STEAMVR INPUT] Setting main action set: Success
[2020.08.29-01.52.25:102][  0]LogSteamVRInputDevice: Display: Retrieving Action Handle: /actions/main/in/controllerleft
[2020.08.29-01.52.25:102][  0]LogSteamVRInputDevice: Display: [STEAMVR INPUT] Setting Action Handle Path Result: Success
[2020.08.29-01.52.25:102][  0]LogSteamVRInputDevice: Display: Retrieving Action Handle: /actions/main/in/controllerright
[2020.08.29-01.52.25:102][  0]LogSteamVRInputDevice: Display: [STEAMVR INPUT] Setting Action Handle Path Result: Success
[2020.08.29-01.52.25:102][  0]LogSteamVRInputDevice: Display: Retrieving Action Handle: /actions/main/in/special1
[2020.08.29-01.52.25:102][  0]LogSteamVRInputDevice: Display: [STEAMVR INPUT] Setting Action Handle Path Result: Success
[2020.08.29-01.52.25:102][  0]LogSteamVRInputDevice: Display: Retrieving Action Handle: /actions/main/in/special2
[2020.08.29-01.52.25:102][  0]LogSteamVRInputDevice: Display: [STEAMVR INPUT] Setting Action Handle Path Result: Success
[2020.08.29-01.52.25:102][  0]LogSteamVRInputDevice: Display: Retrieving Action Handle: /actions/main/in/special3
[2020.08.29-01.52.25:102][  0]LogSteamVRInputDevice: Display: [STEAMVR INPUT] Setting Action Handle Path Result: Success
[2020.08.29-01.52.25:102][  0]LogSteamVRInputDevice: Display: Retrieving Action Handle: /actions/main/in/special4
[2020.08.29-01.52.25:102][  0]LogSteamVRInputDevice: Display: [STEAMVR INPUT] Setting Action Handle Path Result: Success
[2020.08.29-01.52.25:102][  0]LogSteamVRInputDevice: Display: Retrieving Action Handle: /actions/main/in/special5
[2020.08.29-01.52.25:102][  0]LogSteamVRInputDevice: Display: [STEAMVR INPUT] Setting Action Handle Path Result: Success
[2020.08.29-01.52.25:102][  0]LogSteamVRInputDevice: Display: Retrieving Action Handle: /actions/main/in/special6
[2020.08.29-01.52.25:102][  0]LogSteamVRInputDevice: Display: [STEAMVR INPUT] Setting Action Handle Path Result: Success
[2020.08.29-01.52.25:102][  0]LogSteamVRInputDevice: Display: Retrieving Action Handle: /actions/main/in/special7
[2020.08.29-01.52.25:102][  0]LogSteamVRInputDevice: Display: [STEAMVR INPUT] Setting Action Handle Path Result: Success
[2020.08.29-01.52.25:102][  0]LogSteamVRInputDevice: Display: Retrieving Action Handle: /actions/main/in/special8
[2020.08.29-01.52.25:102][  0]LogSteamVRInputDevice: Display: [STEAMVR INPUT] Setting Action Handle Path Result: Success
[2020.08.29-01.52.25:102][  0]LogSteamVRInputDevice: Display: Retrieving Action Handle: /actions/main/in/skeletonleft
[2020.08.29-01.52.25:102][  0]LogSteamVRInputDevice: Display: [STEAMVR INPUT] Setting Action Handle Path Result: Success
[2020.08.29-01.52.25:102][  0]LogSteamVRInputDevice: Display: Retrieving Action Handle: /actions/main/in/skeletonright
[2020.08.29-01.52.25:102][  0]LogSteamVRInputDevice: Display: [STEAMVR INPUT] Setting Action Handle Path Result: Success
[2020.08.29-01.52.25:102][  0]LogSteamVRInputDevice: Display: Retrieving Action Handle: /actions/main/out/vibrateleft
[2020.08.29-01.52.25:102][  0]LogSteamVRInputDevice: Display: [STEAMVR INPUT] Setting Action Handle Path Result: Success
[2020.08.29-01.52.25:102][  0]LogSteamVRInputDevice: Display: Retrieving Action Handle: /actions/main/out/vibrateright
[2020.08.29-01.52.25:102][  0]LogSteamVRInputDevice: Display: [STEAMVR INPUT] Setting Action Handle Path Result: Success
[2020.08.29-01.52.25:102][  0]LogSteamVRInputDevice: Display: Retrieving Action Handle: /actions/main/in/open_console
[2020.08.29-01.52.25:102][  0]LogSteamVRInputDevice: Display: [STEAMVR INPUT] Setting Action Handle Path Result: Success
[2020.08.29-01.52.25:147][  0]LogAssetRegistry: Asset discovery search completed in 5.2459 seconds
[2020.08.29-01.52.25:151][  0]LogCollectionManager: Fixed up redirectors for 0 collections in 0.000003 seconds (updated 0 objects)
[2020.08.29-01.52.25:153][  0]LogContentStreaming: Texture pool size now 1000 MB
[2020.08.29-01.52.25:212][  3]LogD3D12RHI: Creating RTPSO with 134 shaders (133 cached, 1 new) took 11.53 ms. Compile time 2.90 ms, link time 8.36 ms.
[2020.08.29-01.52.25:586][ 31]LogD3D12RHI: Descriptor cache ran out of sub allocated descriptor blocks! Moving to Context local View heap strategy
[2020.08.29-01.52.25:586][ 31]LogD3D12RHI: This should only happen in the Editor where it doesn't matter as much. If it happens in game you should increase the device global heap size!
[2020.08.29-01.52.28:274][295]LogSlate: Took 0.000442 seconds to synchronously load lazily loaded font '../../../Engine/Content/Slate/Fonts/Roboto-Light.ttf' (167K)
[2020.08.29-01.52.28:553][295]LogAssetEditorSubsystem: Opening Asset editor for World /Game/Levels/House.House
[2020.08.29-01.52.28:588][295]LogUObjectHash: Compacting FUObjectHashTables data took   0.88ms
[2020.08.29-01.52.28:591][295]Cmd: MAP LOAD FILE="C:/maison/HorrorProject/HorrorVrProject/Content/Levels/House.umap" TEMPLATE=0 SHOWPROGRESS=1 FEATURELEVEL=3
[2020.08.29-01.52.28:591][295]LightingResults: New page: Lighting Build
[2020.08.29-01.52.28:591][295]LoadErrors: New page: Loading map: House.umap
[2020.08.29-01.52.28:592][295]LogWorld: UWorld::CleanupWorld for Untitled_1, bSessionEnded=true, bCleanupResources=true
[2020.08.29-01.52.28:592][295]LogSlate: InvalidateAllWidgets triggered.  All widgets were invalidated
[2020.08.29-01.52.28:593][295]MapCheck: New page: Map Check
[2020.08.29-01.52.28:593][295]LightingResults: New page: Lighting Build
[2020.08.29-01.52.28:625][295]LogAISub: UAISubsystem::~UAISubsystem EnvQueryManager (000001E6201F7E00), frame # 295
[2020.08.29-01.52.28:625][295]LogAISub: UAISubsystem::~UAISubsystem AIPerceptionSystem (000001E62030C7C0), frame # 295
[2020.08.29-01.52.28:626][295]LogUObjectHash: Compacting FUObjectHashTables data took   0.83ms
[2020.08.29-01.52.28:631][295]LogStreaming: Display: ULevelStreaming::RequestLevel(/Game/Levels/Corridor_01_Dimension_01) is flushing async loading
[2020.08.29-01.52.28:631][295]LogStreaming: Display: Flushing async loaders.
[2020.08.29-01.52.28:644][295]LogStreaming: Display: ULevelStreaming::RequestLevel(/Game/Levels/Room_01_Dimension_02) is flushing async loading
[2020.08.29-01.52.28:653][295]LogStreaming: Display: ULevelStreaming::RequestLevel(/Game/Levels/Corridor_01_Dimension_02) is flushing async loading
[2020.08.29-01.52.28:655][295]LogStreaming: Display: ULevelStreaming::RequestLevel(/Game/Levels/Room_01_Dimension_01) is flushing async loading
[2020.08.29-01.52.28:659][295]LogStreaming: Display: ULevelStreaming::RequestLevel(/Game/Levels/Room_02_Dimension_01) is flushing async loading
[2020.08.29-01.52.28:666][295]LogStreaming: Display: ULevelStreaming::RequestLevel(/Game/Levels/Bathroom_01_Dimension_01) is flushing async loading
[2020.08.29-01.52.28:675][295]LogEditorServer: Finished looking for orphan Actors (0.000 secs)
[2020.08.29-01.52.28:675][295]LogAIModule: Creating AISystem for world House
[2020.08.29-01.52.28:675][295]LogAISub: UAISubsystem::UAISubsystem EnvQueryManager (000001E60B460600), frame # 295
[2020.08.29-01.52.28:675][295]LogAISub: UAISubsystem::UAISubsystem AIPerceptionSystem (000001E62030E200), frame # 295
[2020.08.29-01.52.28:717][295]LogUObjectHash: Compacting FUObjectHashTables data took   0.73ms
[2020.08.29-01.52.28:757][295]Cmd: MAP CHECKDEP NOCLEARLOG
[2020.08.29-01.52.28:758][295]MapCheck: Map check complete: 0 Error(s), 0 Warning(s), took 0.638ms to complete.
[2020.08.29-01.52.28:758][295]LogFileHelpers: Loading map 'House' took 0.166
[2020.08.29-01.52.28:840][296]LogD3D12RHI: Creating RTPSO with 141 shaders (134 cached, 7 new) took 22.44 ms. Compile time 14.20 ms, link time 7.88 ms.
[2020.08.29-01.52.38:101][170]LogD3D12RHI: OnlineHeap RollOver Detected. Increase the heap size to prevent creation of additional heaps
[2020.08.29-01.53.00:671][299]LogD3D12RHI: Creating RTPSO with 143 shaders (141 cached, 2 new) took 18.33 ms. Compile time 8.10 ms, link time 9.90 ms.
[2020.08.29-01.54.08:312][960]LogSlate: Window 'New Level' being destroyed
[2020.08.29-01.54.50:940][960]LogSlate: Window 'Save Level As' being destroyed
[2020.08.29-01.54.50:979][960]Cmd: OBJ SAVEPACKAGE PACKAGE="/Game/Maps/Dimension_01" FILE="C:/maison/HorrorProject/HorrorVrProject/Content/Maps/Dimension_01.umap" SILENT=true AUTOSAVING=false KEEPDIRTY=false
[2020.08.29-01.54.51:010][960]LogUObjectHash: Compacting FUObjectHashTables data took   0.76ms
[2020.08.29-01.54.51:023][960]LogSavePackage: Moving 'C:/maison/HorrorProject/HorrorVrProject/Saved/Dimension_01D7150E9547A71E023D913CAB1062AB67.tmp' to 'C:/maison/HorrorProject/HorrorVrProject/Content/Maps/Dimension_01.umap'
[2020.08.29-01.54.51:041][960]LogFileHelpers: Saving map 'Dimension_01' took 0.093
[2020.08.29-01.54.51:083][960]AssetCheck: New page: Asset Save: Dimension_01
[2020.08.29-01.54.51:083][960]LogContentValidation: Display: Validating World /Game/Maps/Dimension_01.Dimension_01
[2020.08.29-01.55.05:030][213]Cmd: DELETE
[2020.08.29-01.55.05:030][213]Cmd: ACTOR DELETE
[2020.08.29-01.55.05:035][213]LogEditorActor: Deleted Actor: DirectionalLight
[2020.08.29-01.55.05:062][213]LogUObjectHash: Compacting FUObjectHashTables data took   0.32ms
[2020.08.29-01.55.05:064][213]LogEditorActor: Deleted 1 Actors (0.034 secs)
[2020.08.29-01.55.24:741][286]LogEditorActor: Deleted Actor: BP_GoodSky_C
[2020.08.29-01.55.24:741][286]LogEditorActor: Deleted Actor: SkyLight
[2020.08.29-01.55.24:742][286]LogEditorActor: Deleted Actor: SphereReflectionCapture
[2020.08.29-01.55.24:770][286]LogUObjectHash: Compacting FUObjectHashTables data took   0.83ms
[2020.08.29-01.55.24:772][286]LogEditorActor: Deleted 3 Actors (0.032 secs)
[2020.08.29-01.55.40:020][884]LogEditorViewport: Clicking on Actor (LMB): BP_GoodSky_C (BP_GoodSky)
[2020.08.29-01.55.41:429][ 23]LogSlate: Took 0.001762 seconds to synchronously load lazily loaded font '../../../Engine/Content/Slate/Fonts/DroidSansFallback.ttf' (3848K)
[2020.08.29-01.55.41:776][ 54]LogSlate: Took 0.000548 seconds to synchronously load lazily loaded font '../../../Engine/Content/Slate/Fonts/Roboto-Italic.ttf' (157K)
[2020.08.29-01.56.48:190][313]Cmd: DELETE
[2020.08.29-01.56.48:190][313]Cmd: ACTOR DELETE
[2020.08.29-01.56.48:200][313]LogEditorActor: Deleted Actor: PlayerStart
[2020.08.29-01.56.48:231][313]LogUObjectHash: Compacting FUObjectHashTables data took   0.80ms
[2020.08.29-01.56.48:233][313]LogEditorActor: Deleted 1 Actors (0.043 secs)
[2020.08.29-01.56.49:593][475]Cmd: DELETE
[2020.08.29-01.56.49:593][475]Cmd: ACTOR DELETE
[2020.08.29-01.56.49:620][475]LogUObjectHash: Compacting FUObjectHashTables data took   0.27ms
[2020.08.29-01.56.49:622][475]LogEditorActor: Deleted 0 Actors (0.028 secs)
[2020.08.29-01.57.07:333][353]LogSlate: Window 'New Level' being destroyed
[2020.08.29-01.57.07:413][353]LogSlate: Took 0.000338 seconds to synchronously load lazily loaded font '../../../Engine/Content/Slate/Fonts/Roboto-Light.ttf' (167K)
[2020.08.29-01.57.17:087][353]LogSlate: Window 'Save Level As' being destroyed
[2020.08.29-01.57.17:136][353]Cmd: OBJ SAVEPACKAGE PACKAGE="/Game/Maps/Dimension_02" FILE="C:/maison/HorrorProject/HorrorVrProject/Content/Maps/Dimension_02.umap" SILENT=true AUTOSAVING=false KEEPDIRTY=false
[2020.08.29-01.57.17:164][353]LogUObjectHash: Compacting FUObjectHashTables data took   0.71ms
[2020.08.29-01.57.17:177][353]LogSavePackage: Moving 'C:/maison/HorrorProject/HorrorVrProject/Saved/Dimension_029A8EBB274B02BB4BD9F6A6A2B5A133BB.tmp' to 'C:/maison/HorrorProject/HorrorVrProject/Content/Maps/Dimension_02.umap'
[2020.08.29-01.57.17:190][353]LogFileHelpers: Saving map 'Dimension_02' took 0.089
[2020.08.29-01.57.17:238][353]AssetCheck: New page: Asset Save: Dimension_02
[2020.08.29-01.57.17:238][353]LogContentValidation: Display: Validating World /Game/Maps/Dimension_02.Dimension_02
[2020.08.29-01.57.29:288][738]LogPackageName: Error: DoesPackageExist: DoesPackageExist FAILED: '' is not a standard unreal filename or a long path name. Reason: Path should be no less than 4 characters long.
[2020.08.29-01.57.54:182][505]Cmd: EDIT COPY
[2020.08.29-01.57.54:554][547]Cmd: EDIT PASTE
[2020.08.29-01.58.30:496][355]LogD3D12RHI: Creating RTPSO with 144 shaders (143 cached, 1 new) took 19.03 ms. Compile time 9.14 ms, link time 9.56 ms.
[2020.08.29-01.58.34:757][815]LogD3D12RHI: Creating RTPSO with 145 shaders (144 cached, 1 new) took 18.77 ms. Compile time 9.59 ms, link time 8.86 ms.
[2020.08.29-02.05.16:083][343]Cmd: DELETE
[2020.08.29-02.05.16:083][343]Cmd: ACTOR DELETE
[2020.08.29-02.05.16:370][343]LogEditorActor: Deleted Actor: BP_GoodSky_C
[2020.08.29-02.05.16:528][343]LogUObjectHash: Compacting FUObjectHashTables data took   2.38ms
[2020.08.29-02.05.16:531][343]LogEditorActor: Deleted 1 Actors (0.447 secs)
[2020.08.29-02.07.28:626][326]LogD3D12RHI: Creating RTPSO with 146 shaders (145 cached, 1 new) took 85.35 ms. Compile time 77.34 ms, link time 7.73 ms.
[2020.08.29-02.10.54:915][697]Cmd: EDIT COPY
[2020.08.29-02.10.55:183][718]Cmd: EDIT PASTE
[2020.08.29-02.11.37:850][548]LogEditorViewport: Clicking on Actor (LMB): DirectionalLight (DirectionalLight2)
[2020.08.29-02.12.06:384][ 27]LogUObjectHash: Compacting FUObjectHashTables data took   1.84ms
[2020.08.29-02.12.06:425][ 27]Cmd: OBJ SAVEPACKAGE PACKAGE="/Game/Levels/House" FILE="C:/maison/HorrorProject/HorrorVrProject/Content/Levels/House.umap" SILENT=true AUTOSAVING=false KEEPDIRTY=false
[2020.08.29-02.12.06:442][ 27]LogUObjectHash: Compacting FUObjectHashTables data took   0.31ms
[2020.08.29-02.12.06:476][ 27]LogSavePackage: Moving 'C:/maison/HorrorProject/HorrorVrProject/Saved/HouseB875766E405679D3B839C4A957CBD4FF.tmp' to 'C:/maison/HorrorProject/HorrorVrProject/Content/Levels/House.umap'
[2020.08.29-02.12.06:526][ 27]LogFileHelpers: Saving map 'House' took 0.101
[2020.08.29-02.12.06:526][ 27]Cmd: OBJ SAVEPACKAGE PACKAGE="/Game/Levels/House_BuiltData" FILE="C:/maison/HorrorProject/HorrorVrProject/Content/Levels/House_BuiltData.uasset" SILENT=true
[2020.08.29-02.12.06:557][ 27]LogSavePackage: Moving 'C:/maison/HorrorProject/HorrorVrProject/Saved/House_BuiltData80AF93874DF22AF5849B0C818CB48FDA.tmp' to 'C:/maison/HorrorProject/HorrorVrProject/Content/Levels/House_BuiltData.uasset'
[2020.08.29-02.12.06:561][ 27]Cmd: OBJ SAVEPACKAGE PACKAGE="/Game/Maps/Dimension_01" FILE="C:/maison/HorrorProject/HorrorVrProject/Content/Maps/Dimension_01.umap" SILENT=true AUTOSAVING=false KEEPDIRTY=false
[2020.08.29-02.12.06:579][ 27]LogUObjectHash: Compacting FUObjectHashTables data took   0.99ms
[2020.08.29-02.12.06:615][ 27]LogSavePackage: Moving 'C:/maison/HorrorProject/HorrorVrProject/Saved/Dimension_01C78B4D924F74D69CF754C4B314675840.tmp' to 'C:/maison/HorrorProject/HorrorVrProject/Content/Maps/Dimension_01.umap'
[2020.08.29-02.12.06:619][ 27]LogFileHelpers: Saving map 'Dimension_01' took 0.058
[2020.08.29-02.12.06:620][ 27]Cmd: OBJ SAVEPACKAGE PACKAGE="/Game/Maps/Dimension_02" FILE="C:/maison/HorrorProject/HorrorVrProject/Content/Maps/Dimension_02.umap" SILENT=true AUTOSAVING=false KEEPDIRTY=false
[2020.08.29-02.12.06:636][ 27]LogUObjectHash: Compacting FUObjectHashTables data took   0.31ms
[2020.08.29-02.12.06:673][ 27]LogSavePackage: Moving 'C:/maison/HorrorProject/HorrorVrProject/Saved/Dimension_028307F1434D1F651808D088B961E9A0E3.tmp' to 'C:/maison/HorrorProject/HorrorVrProject/Content/Maps/Dimension_02.umap'
[2020.08.29-02.12.06:676][ 27]LogFileHelpers: Saving map 'Dimension_02' took 0.057
[2020.08.29-02.12.06:676][ 27]Cmd: OBJ SAVEPACKAGE PACKAGE="/Game/Levels/House_BuiltData" FILE="C:/maison/HorrorProject/HorrorVrProject/Content/Levels/House_BuiltData.uasset" SILENT=true
[2020.08.29-02.12.06:697][ 27]LogSavePackage: Moving 'C:/maison/HorrorProject/HorrorVrProject/Saved/House_BuiltData579AA3E4403E124A2E727C8F30590FAF.tmp' to 'C:/maison/HorrorProject/HorrorVrProject/Content/Levels/House_BuiltData.uasset'
[2020.08.29-02.12.06:733][ 27]AssetCheck: New page: Asset Save: multiple assets
[2020.08.29-02.12.06:734][ 27]LogContentValidation: Display: Validating World /Game/Levels/House.House
[2020.08.29-02.12.06:734][ 27]LogContentValidation: Display: Validating MapBuildDataRegistry /Game/Levels/House_BuiltData.House_BuiltData
[2020.08.29-02.12.06:734][ 27]LogContentValidation: Display: Validating World /Game/Maps/Dimension_01.Dimension_01
[2020.08.29-02.12.06:734][ 27]LogContentValidation: Display: Validating World /Game/Maps/Dimension_02.Dimension_02
[2020.08.29-02.12.39:451][510]LogEditorViewport: Clicking on Actor (LMB): DirectionalLight (DirectionalLight2)
[2020.08.29-02.12.47:441][184]LogUObjectHash: Compacting FUObjectHashTables data took   0.86ms
[2020.08.29-02.12.47:481][184]Cmd: OBJ SAVEPACKAGE PACKAGE="/Game/Maps/Dimension_01" FILE="C:/maison/HorrorProject/HorrorVrProject/Content/Maps/Dimension_01.umap" SILENT=true AUTOSAVING=false KEEPDIRTY=false
[2020.08.29-02.12.47:495][184]LogUObjectHash: Compacting FUObjectHashTables data took   0.29ms
[2020.08.29-02.12.47:525][184]LogSavePackage: Moving 'C:/maison/HorrorProject/HorrorVrProject/Saved/Dimension_0157386F3642BB76DB2D6253976B7AD302.tmp' to 'C:/maison/HorrorProject/HorrorVrProject/Content/Maps/Dimension_01.umap'
[2020.08.29-02.12.47:529][184]LogFileHelpers: Saving map 'Dimension_01' took 0.048
[2020.08.29-02.12.47:541][184]AssetCheck: New page: Asset Save: Dimension_01
[2020.08.29-02.12.47:541][184]LogContentValidation: Display: Validating World /Game/Maps/Dimension_01.Dimension_01
