Log file open, 08/28/20 21:50:41
LogInit: Display: Running engine for game: HorrorVrProject
LogPlatformFile: Not using cached read wrapper
LogTaskGraph: Started task graph with 5 named threads and 83 total threads with 3 sets of task threads.
LogStats: Stats thread started at 0.214593
LogD3D11RHI: Loaded GFSDK_Aftermath_Lib.x64.dll
LogICUInternationalization: ICU TimeZone Detection - Raw Offset: -5:00, Platform Override: ''
LogPluginManager: Mounting plugin Paper2D
LogPluginManager: Mounting plugin AISupport
LogPluginManager: Mounting plugin LightPropagationVolume
LogPluginManager: Mounting plugin CameraShakePreviewer
LogPluginManager: Mounting plugin ActorLayerUtilities
LogPluginManager: Mounting plugin AnimationSharing
LogPluginManager: Mounting plugin CLionSourceCodeAccess
LogPluginManager: Mounting plugin CodeLiteSourceCodeAccess
LogPluginManager: Mounting plugin GitSourceControl
LogPluginManager: Mounting plugin KDevelopSourceCodeAccess
LogPluginManager: Mounting plugin NullSourceCodeAccess
LogPluginManager: Mounting plugin PerforceSourceControl
LogPluginManager: Mounting plugin PlasticSourceControl
LogPluginManager: Mounting plugin RiderSourceCodeAccess
LogPluginManager: Mounting plugin SubversionSourceControl
LogPluginManager: Mounting plugin UObjectPlugin
LogPluginManager: Mounting plugin VisualStudioCodeSourceCodeAccess
LogPluginManager: Mounting plugin VisualStudioSourceCodeAccess
LogPluginManager: Mounting plugin XCodeSourceCodeAccess
LogPluginManager: Mounting plugin AssetManagerEditor
LogPluginManager: Mounting plugin CryptoKeys
LogPluginManager: Mounting plugin CurveEditorTools
LogPluginManager: Mounting plugin DataValidation
LogPluginManager: Mounting plugin EditorScriptingUtilities
LogPluginManager: Mounting plugin FacialAnimation
LogPluginManager: Mounting plugin GameplayTagsEditor
LogPluginManager: Mounting plugin GeometryMode
LogPluginManager: Mounting plugin MacGraphicsSwitching
LogPluginManager: Mounting plugin MaterialAnalyzer
LogPluginManager: Mounting plugin MobileLauncherProfileWizard
LogPluginManager: Mounting plugin PluginBrowser
LogPluginManager: Mounting plugin SpeedTreeImporter
LogPluginManager: Mounting plugin DatasmithContent
LogPluginManager: Mounting plugin VariantManagerContent
LogPluginManager: Mounting plugin AlembicImporter
LogPluginManager: Mounting plugin AutomationUtils
LogPluginManager: Mounting plugin BackChannel
LogPluginManager: Mounting plugin ChaosCloth
LogPluginManager: Mounting plugin ChaosClothEditor
LogPluginManager: Mounting plugin ChaosEditor
LogPluginManager: Mounting plugin ChaosNiagara
LogPluginManager: Mounting plugin ChaosSolverPlugin
LogPluginManager: Mounting plugin CharacterAI
LogPluginManager: Mounting plugin GeometryCache
LogPluginManager: Mounting plugin GeometryCollectionPlugin
LogPluginManager: Mounting plugin GeometryProcessing
LogPluginManager: Mounting plugin PlanarCut
LogPluginManager: Mounting plugin PlatformCrypto
LogPluginManager: Mounting plugin ProxyLODPlugin
LogPluginManager: Mounting plugin SkeletalReduction
LogPluginManager: Mounting plugin Niagara
LogPluginManager: Mounting plugin MagicLeap
LogPluginManager: Mounting plugin MagicLeapLightEstimation
LogPluginManager: Mounting plugin MagicLeapMedia
LogPluginManager: Mounting plugin MagicLeapPassableWorld
LogPluginManager: Mounting plugin MLSDK
LogPluginManager: Mounting plugin AndroidMedia
LogPluginManager: Mounting plugin AvfMedia
LogPluginManager: Mounting plugin ImgMedia
LogPluginManager: Mounting plugin MediaCompositing
LogPluginManager: Mounting plugin MediaPlayerEditor
LogPluginManager: Mounting plugin WebMMedia
LogPluginManager: Mounting plugin WmfMedia
LogPluginManager: Mounting plugin MeshPainting
LogPluginManager: Mounting plugin TcpMessaging
LogPluginManager: Mounting plugin UdpMessaging
LogPluginManager: Mounting plugin ActorSequence
LogPluginManager: Mounting plugin LevelSequenceEditor
LogPluginManager: Mounting plugin MatineeToLevelSequence
LogPluginManager: Mounting plugin MovieRenderPipeline
LogPluginManager: Mounting plugin TemplateSequence
LogPluginManager: Mounting plugin NetcodeUnitTest
LogPluginManager: Mounting plugin NUTUnrealEngine4
LogPluginManager: Mounting plugin OnlineSubsystemGooglePlay
LogPluginManager: Mounting plugin OnlineSubsystemIOS
LogPluginManager: Mounting plugin OnlineSubsystem
LogPluginManager: Mounting plugin OnlineSubsystemNull
LogPluginManager: Mounting plugin OnlineSubsystemUtils
LogPluginManager: Mounting plugin LauncherChunkInstaller
LogPluginManager: Mounting plugin AndroidDeviceProfileSelector
LogPluginManager: Mounting plugin AndroidMoviePlayer
LogPluginManager: Mounting plugin AndroidPermission
LogPluginManager: Mounting plugin AppleImageUtils
LogPluginManager: Mounting plugin AppleMoviePlayer
LogPluginManager: Mounting plugin ArchVisCharacter
LogPluginManager: Mounting plugin AssetTags
LogPluginManager: Mounting plugin AudioCapture
LogPluginManager: Mounting plugin CableComponent
LogPluginManager: Mounting plugin CustomMeshComponent
LogPluginManager: Mounting plugin EditableMesh
LogPluginManager: Mounting plugin ExampleDeviceProfileSelector
LogPluginManager: Mounting plugin GoogleCloudMessaging
LogPluginManager: Mounting plugin GooglePAD
LogPluginManager: Mounting plugin IOSDeviceProfileSelector
LogPluginManager: Mounting plugin LinuxDeviceProfileSelector
LogPluginManager: Mounting plugin LocationServicesBPLibrary
LogPluginManager: Mounting plugin MobilePatchingUtils
LogPluginManager: Mounting plugin OculusVR
LogPluginManager: Mounting plugin PhysXVehicles
LogPluginManager: Mounting plugin PostSplashScreen
LogPluginManager: Mounting plugin ProceduralMeshComponent
LogPluginManager: Mounting plugin RuntimePhysXCooking
LogPluginManager: Mounting plugin SignificanceManager
LogPluginManager: Mounting plugin SoundFields
LogPluginManager: Mounting plugin SteamVR
LogPluginManager: Mounting plugin Synthesis
LogPluginManager: Mounting plugin WebMMoviePlayer
LogPluginManager: Mounting plugin WindowsMoviePlayer
LogPluginManager: Mounting plugin ScreenshotTools
LogInit: Using libcurl 7.55.1-DEV
LogInit:  - built for x86_64-pc-win32
LogInit:  - supports SSL with OpenSSL/1.1.1
LogInit:  - supports HTTP deflate (compression) using libz 1.2.8
LogInit:  - other features:
LogInit:      CURL_VERSION_SSL
LogInit:      CURL_VERSION_LIBZ
LogInit:      CURL_VERSION_IPV6
LogInit:      CURL_VERSION_ASYNCHDNS
LogInit:      CURL_VERSION_LARGEFILE
LogInit:      CURL_VERSION_IDN
LogInit:  CurlRequestOptions (configurable via config and command line):
LogInit:  - bVerifyPeer = true  - Libcurl will verify peer certificate
LogInit:  - bUseHttpProxy = false  - Libcurl will NOT use HTTP proxy
LogInit:  - bDontReuseConnections = false  - Libcurl will reuse connections
LogInit:  - MaxHostConnections = 16  - Libcurl will limit the number of connections to a host
LogInit:  - LocalHostAddr = Default
LogInit:  - BufferSize = 65536
LogOnline: OSS: Creating online subsystem instance for: NULL
LogInit: WinSock: version 1.1 (2.2), MaxSocks=32767, MaxUdp=65467
LogOnline: OSS: TryLoadSubsystemAndSetDefault: Loaded subsystem for module [NULL]
LogOculusPluginWrapper: OculusPlugin initialized successfully
LogHMD: Failed initializing OVRPlugin 1.44.0
LogInit: Build: ++UE4+Release-4.25-CL-13942748
LogInit: Engine Version: 4.25.3-13942748+++UE4+Release-4.25
LogInit: Compatible Engine Version: 4.25.0-13144385+++UE4+Release-4.25
LogInit: Net CL: 13144385
LogInit: OS: Windows 10 (Release 1903) (), CPU: AMD Ryzen Threadripper 1950X 16-Core Processor , GPU: NVIDIA GeForce RTX 2080 Ti
LogInit: Compiled (64-bit): Jul 25 2020 02:07:48
LogInit: Compiled with Visual C++: 19.24.28315.00
LogInit: Build Configuration: Development
LogInit: Branch Name: ++UE4+Release-4.25
LogInit: Command Line:  -EpicPortal -epicusername=raoulos3000 -epicuserid=7f28c00d08cb436ea1ae920300f6d44b -epiclocale=en
LogInit: Base Directory: D:/Games/Epic/UE_4.25/Engine/Binaries/Win64/
LogInit: Allocator: TBB
LogInit: Installed Engine Build: 1
LogDevObjectVersion: Number of dev versions registered: 26
LogDevObjectVersion:   Dev-Blueprints (B0D832E4-1F89-4F0D-ACCF-7EB736FD4AA2): 10
LogDevObjectVersion:   Dev-Build (E1C64328-A22C-4D53-A36C-8E866417BD8C): 0
LogDevObjectVersion:   Dev-Core (375EC13C-06E4-48FB-B500-84F0262A717E): 4
LogDevObjectVersion:   Dev-Editor (E4B068ED-F494-42E9-A231-DA0B2E46BB41): 38
LogDevObjectVersion:   Dev-Framework (CFFC743F-43B0-4480-9391-14DF171D2073): 37
LogDevObjectVersion:   Dev-Mobile (B02B49B5-BB20-44E9-A304-32B752E40360): 2
LogDevObjectVersion:   Dev-Networking (A4E4105C-59A1-49B5-A7C5-40C4547EDFEE): 0
LogDevObjectVersion:   Dev-Online (39C831C9-5AE6-47DC-9A44-9C173E1C8E7C): 0
LogDevObjectVersion:   Dev-Physics (78F01B33-EBEA-4F98-B9B4-84EACCB95AA2): 4
LogDevObjectVersion:   Dev-Platform (6631380F-2D4D-43E0-8009-CF276956A95A): 0
LogDevObjectVersion:   Dev-Rendering (12F88B9F-8875-4AFC-A67C-D90C383ABD29): 43
LogDevObjectVersion:   Dev-Sequencer (7B5AE74C-D270-4C10-A958-57980B212A5A): 12
LogDevObjectVersion:   Dev-VR (D7296918-1DD6-4BDD-9DE2-64A83CC13884): 3
LogDevObjectVersion:   Dev-LoadTimes (C2A15278-BFE7-4AFE-6C17-90FF531DF755): 1
LogDevObjectVersion:   Private-Geometry (6EACA3D4-40EC-4CC1-B786-8BED09428FC5): 3
LogDevObjectVersion:   Dev-AnimPhys (29E575DD-E0A3-4627-9D10-D276232CDCEA): 17
LogDevObjectVersion:   Dev-Anim (AF43A65D-7FD3-4947-9873-3E8ED9C1BB05): 7
LogDevObjectVersion:   Dev-ReflectionCapture (6B266CEC-1EC7-4B8F-A30B-E4D90942FC07): 1
LogDevObjectVersion:   Dev-Automation (0DF73D61-A23F-47EA-B727-89E90C41499A): 1
LogDevObjectVersion:   FortniteMain (601D1886-AC64-4F84-AA16-D3DE0DEAC7D6): 31
LogDevObjectVersion:   Dev-Enterprise (9DFFBCD6-494F-0158-E221-12823C92A888): 10
LogDevObjectVersion:   Dev-Niagara (F2AED0AC-9AFE-416F-8664-AA7FFA26D6FC): 1
LogDevObjectVersion:   Dev-Destruction (174F1F0B-B4C6-45A5-B13F-2EE8D0FB917D): 10
LogDevObjectVersion:   Dev-Physics-Ext (35F94A83-E258-406C-A318-09F59610247C): 37
LogDevObjectVersion:   Dev-PhysicsMaterial-Chaos (B68FC16E-8B1B-42E2-B453-215C058844FE): 1
LogDevObjectVersion:   Dev-CineCamera (B2E18506-4273-CFC2-A54E-F4BB758BBA07): 1
LogInit: Presizing for max 25165824 objects, including 0 objects not considered by GC, pre-allocating 0 bytes for permanent pool.
LogConfig: Applying CVar settings from Section [/Script/Engine.StreamingSettings] File [C:/maison/HorrorProject/HorrorVrProject/Saved/Config/Windows/Engine.ini]
LogConfig: Setting CVar [[s.MinBulkDataSizeForAsyncLoading:131072]]
LogConfig: Setting CVar [[s.AsyncLoadingThreadEnabled:0]]
LogConfig: Setting CVar [[s.EventDrivenLoaderEnabled:1]]
LogConfig: Setting CVar [[s.WarnIfTimeLimitExceeded:0]]
LogConfig: Setting CVar [[s.TimeLimitExceededMultiplier:1.5]]
LogConfig: Setting CVar [[s.TimeLimitExceededMinTime:0.005]]
LogConfig: Setting CVar [[s.UseBackgroundLevelStreaming:1]]
LogConfig: Setting CVar [[s.PriorityAsyncLoadingExtraTime:15.0]]
LogConfig: Setting CVar [[s.LevelStreamingActorsUpdateTimeLimit:5.0]]
LogConfig: Setting CVar [[s.PriorityLevelStreamingActorsUpdateExtraTime:5.0]]
LogConfig: Setting CVar [[s.LevelStreamingComponentsRegistrationGranularity:10]]
LogConfig: Setting CVar [[s.UnregisterComponentsTimeLimit:1.0]]
LogConfig: Setting CVar [[s.LevelStreamingComponentsUnregistrationGranularity:5]]
LogConfig: Setting CVar [[s.FlushStreamingOnExit:1]]
LogInit: Object subsystem initialized
LogConfig: Setting CVar [[con.DebugEarlyDefault:1]]
LogConfig: Setting CVar [[r.setres:1280x720]]
[2020.08.29-01.50.42:715][  0]LogConfig: Setting CVar [[r.VSync:0]]
[2020.08.29-01.50.42:715][  0]LogConfig: Setting CVar [[r.RHICmdBypass:0]]
[2020.08.29-01.50.42:715][  0]LogConfig: Applying CVar settings from Section [/Script/Engine.RendererSettings] File [C:/maison/HorrorProject/HorrorVrProject/Saved/Config/Windows/Engine.ini]
[2020.08.29-01.50.42:715][  0]LogConfig: Setting CVar [[r.GPUCrashDebugging:0]]
[2020.08.29-01.50.42:715][  0]LogConfig: Setting CVar [[r.SkinCache.CompileShaders:1]]
[2020.08.29-01.50.42:715][  0]LogConfig: Setting CVar [[r.RayTracing:1]]
[2020.08.29-01.50.42:715][  0]LogConfig: Setting CVar [[r.SupportSkyAtmosphereAffectsHeightFog:1]]
[2020.08.29-01.50.42:715][  0]LogConfig: Applying CVar settings from Section [/Script/Engine.RendererOverrideSettings] File [C:/maison/HorrorProject/HorrorVrProject/Saved/Config/Windows/Engine.ini]
[2020.08.29-01.50.42:715][  0]LogConfig: Applying CVar settings from Section [/Script/Engine.StreamingSettings] File [C:/maison/HorrorProject/HorrorVrProject/Saved/Config/Windows/Engine.ini]
[2020.08.29-01.50.42:715][  0]LogConfig: Setting CVar [[s.MinBulkDataSizeForAsyncLoading:131072]]
[2020.08.29-01.50.42:715][  0]LogConfig: Setting CVar [[s.AsyncLoadingThreadEnabled:0]]
[2020.08.29-01.50.42:715][  0]LogConfig: Setting CVar [[s.EventDrivenLoaderEnabled:1]]
[2020.08.29-01.50.42:715][  0]LogConfig: Setting CVar [[s.WarnIfTimeLimitExceeded:0]]
[2020.08.29-01.50.42:715][  0]LogConfig: Setting CVar [[s.TimeLimitExceededMultiplier:1.5]]
[2020.08.29-01.50.42:715][  0]LogConfig: Setting CVar [[s.TimeLimitExceededMinTime:0.005]]
[2020.08.29-01.50.42:715][  0]LogConfig: Setting CVar [[s.UseBackgroundLevelStreaming:1]]
[2020.08.29-01.50.42:715][  0]LogConfig: Setting CVar [[s.PriorityAsyncLoadingExtraTime:15.0]]
[2020.08.29-01.50.42:715][  0]LogConfig: Setting CVar [[s.LevelStreamingActorsUpdateTimeLimit:5.0]]
[2020.08.29-01.50.42:715][  0]LogConfig: Setting CVar [[s.PriorityLevelStreamingActorsUpdateExtraTime:5.0]]
[2020.08.29-01.50.42:715][  0]LogConfig: Setting CVar [[s.LevelStreamingComponentsRegistrationGranularity:10]]
[2020.08.29-01.50.42:715][  0]LogConfig: Setting CVar [[s.UnregisterComponentsTimeLimit:1.0]]
[2020.08.29-01.50.42:715][  0]LogConfig: Setting CVar [[s.LevelStreamingComponentsUnregistrationGranularity:5]]
[2020.08.29-01.50.42:715][  0]LogConfig: Setting CVar [[s.FlushStreamingOnExit:1]]
[2020.08.29-01.50.42:715][  0]LogConfig: Applying CVar settings from Section [/Script/Engine.GarbageCollectionSettings] File [C:/maison/HorrorProject/HorrorVrProject/Saved/Config/Windows/Engine.ini]
[2020.08.29-01.50.42:715][  0]LogConfig: Setting CVar [[gc.MaxObjectsNotConsideredByGC:1]]
[2020.08.29-01.50.42:715][  0]LogConfig: Setting CVar [[gc.SizeOfPermanentObjectPool:0]]
[2020.08.29-01.50.42:715][  0]LogConfig: Setting CVar [[gc.FlushStreamingOnGC:0]]
[2020.08.29-01.50.42:715][  0]LogConfig: Setting CVar [[gc.NumRetriesBeforeForcingGC:10]]
[2020.08.29-01.50.42:715][  0]LogConfig: Setting CVar [[gc.AllowParallelGC:1]]
[2020.08.29-01.50.42:715][  0]LogConfig: Setting CVar [[gc.TimeBetweenPurgingPendingKillObjects:61.1]]
[2020.08.29-01.50.42:715][  0]LogConfig: Setting CVar [[gc.MaxObjectsInEditor:25165824]]
[2020.08.29-01.50.42:715][  0]LogConfig: Setting CVar [[gc.IncrementalBeginDestroyEnabled:1]]
[2020.08.29-01.50.42:715][  0]LogConfig: Setting CVar [[gc.CreateGCClusters:1]]
[2020.08.29-01.50.42:715][  0]LogConfig: Setting CVar [[gc.MinGCClusterSize:5]]
[2020.08.29-01.50.42:715][  0]LogConfig: Setting CVar [[gc.ActorClusteringEnabled:0]]
[2020.08.29-01.50.42:715][  0]LogConfig: Setting CVar [[gc.BlueprintClusteringEnabled:0]]
[2020.08.29-01.50.42:715][  0]LogConfig: Setting CVar [[gc.UseDisregardForGCOnDedicatedServers:0]]
[2020.08.29-01.50.42:715][  0]LogConfig: Applying CVar settings from Section [/Script/Engine.NetworkSettings] File [C:/maison/HorrorProject/HorrorVrProject/Saved/Config/Windows/Engine.ini]
[2020.08.29-01.50.42:715][  0]LogConfig: Applying CVar settings from Section [/Script/UnrealEd.CookerSettings] File [C:/maison/HorrorProject/HorrorVrProject/Saved/Config/Windows/Engine.ini]
[2020.08.29-01.50.42:724][  0]LogConfig: Applying CVar settings from Section [ViewDistanceQuality@3] File [C:/maison/HorrorProject/HorrorVrProject/Saved/Config/Windows/Scalability.ini]
[2020.08.29-01.50.42:724][  0]LogConfig: Setting CVar [[r.SkeletalMeshLODBias:0]]
[2020.08.29-01.50.42:724][  0]LogConfig: Setting CVar [[r.ViewDistanceScale:1.0]]
[2020.08.29-01.50.42:724][  0]LogConfig: Applying CVar settings from Section [AntiAliasingQuality@3] File [C:/maison/HorrorProject/HorrorVrProject/Saved/Config/Windows/Scalability.ini]
[2020.08.29-01.50.42:724][  0]LogConfig: Setting CVar [[r.PostProcessAAQuality:4]]
[2020.08.29-01.50.42:724][  0]LogConfig: Applying CVar settings from Section [ShadowQuality@3] File [C:/maison/HorrorProject/HorrorVrProject/Saved/Config/Windows/Scalability.ini]
[2020.08.29-01.50.42:724][  0]LogConfig: Setting CVar [[r.LightFunctionQuality:1]]
[2020.08.29-01.50.42:724][  0]LogConfig: Setting CVar [[r.ShadowQuality:5]]
[2020.08.29-01.50.42:724][  0]LogConfig: Setting CVar [[r.Shadow.CSM.MaxCascades:10]]
[2020.08.29-01.50.42:724][  0]LogConfig: Setting CVar [[r.Shadow.MaxResolution:2048]]
[2020.08.29-01.50.42:724][  0]LogConfig: Setting CVar [[r.Shadow.MaxCSMResolution:2048]]
[2020.08.29-01.50.42:724][  0]LogConfig: Setting CVar [[r.Shadow.RadiusThreshold:0.01]]
[2020.08.29-01.50.42:724][  0]LogConfig: Setting CVar [[r.Shadow.DistanceScale:1.0]]
[2020.08.29-01.50.42:724][  0]LogConfig: Setting CVar [[r.Shadow.CSM.TransitionScale:1.0]]
[2020.08.29-01.50.42:724][  0]LogConfig: Setting CVar [[r.Shadow.PreShadowResolutionFactor:1.0]]
[2020.08.29-01.50.42:724][  0]LogConfig: Setting CVar [[r.DistanceFieldShadowing:1]]
[2020.08.29-01.50.42:724][  0]LogConfig: Setting CVar [[r.DistanceFieldAO:1]]
[2020.08.29-01.50.42:724][  0]LogConfig: Setting CVar [[r.AOQuality:2]]
[2020.08.29-01.50.42:724][  0]LogConfig: Setting CVar [[r.VolumetricFog:1]]
[2020.08.29-01.50.42:724][  0]LogConfig: Setting CVar [[r.VolumetricFog.GridPixelSize:8]]
[2020.08.29-01.50.42:724][  0]LogConfig: Setting CVar [[r.VolumetricFog.GridSizeZ:128]]
[2020.08.29-01.50.42:724][  0]LogConfig: Setting CVar [[r.VolumetricFog.HistoryMissSupersampleCount:4]]
[2020.08.29-01.50.42:724][  0]LogConfig: Setting CVar [[r.LightMaxDrawDistanceScale:1]]
[2020.08.29-01.50.42:724][  0]LogConfig: Setting CVar [[r.CapsuleShadows:1]]
[2020.08.29-01.50.42:724][  0]LogConfig: Applying CVar settings from Section [PostProcessQuality@3] File [C:/maison/HorrorProject/HorrorVrProject/Saved/Config/Windows/Scalability.ini]
[2020.08.29-01.50.42:724][  0]LogConfig: Setting CVar [[r.MotionBlurQuality:4]]
[2020.08.29-01.50.42:724][  0]LogConfig: Setting CVar [[r.AmbientOcclusionMipLevelFactor:0.4]]
[2020.08.29-01.50.42:724][  0]LogConfig: Setting CVar [[r.AmbientOcclusionMaxQuality:100]]
[2020.08.29-01.50.42:724][  0]LogConfig: Setting CVar [[r.AmbientOcclusionLevels:-1]]
[2020.08.29-01.50.42:724][  0]LogConfig: Setting CVar [[r.AmbientOcclusionRadiusScale:1.0]]
[2020.08.29-01.50.42:724][  0]LogConfig: Setting CVar [[r.DepthOfFieldQuality:2]]
[2020.08.29-01.50.42:724][  0]LogConfig: Setting CVar [[r.RenderTargetPoolMin:400]]
[2020.08.29-01.50.42:724][  0]LogConfig: Setting CVar [[r.LensFlareQuality:2]]
[2020.08.29-01.50.42:724][  0]LogConfig: Setting CVar [[r.SceneColorFringeQuality:1]]
[2020.08.29-01.50.42:724][  0]LogConfig: Setting CVar [[r.EyeAdaptationQuality:2]]
[2020.08.29-01.50.42:724][  0]LogConfig: Setting CVar [[r.BloomQuality:5]]
[2020.08.29-01.50.42:724][  0]LogConfig: Setting CVar [[r.FastBlurThreshold:100]]
[2020.08.29-01.50.42:724][  0]LogConfig: Setting CVar [[r.Upscale.Quality:3]]
[2020.08.29-01.50.42:724][  0]LogConfig: Setting CVar [[r.Tonemapper.GrainQuantization:1]]
[2020.08.29-01.50.42:724][  0]LogConfig: Setting CVar [[r.LightShaftQuality:1]]
[2020.08.29-01.50.42:724][  0]LogConfig: Setting CVar [[r.Filter.SizeScale:1]]
[2020.08.29-01.50.42:724][  0]LogConfig: Setting CVar [[r.Tonemapper.Quality:5]]
[2020.08.29-01.50.42:724][  0]LogConfig: Setting CVar [[r.DOF.Gather.AccumulatorQuality:1        ; higher gathering accumulator quality]]
[2020.08.29-01.50.42:724][  0]LogConfig: Setting CVar [[r.DOF.Gather.PostfilterMethod:1          ; Median3x3 postfilering method]]
[2020.08.29-01.50.42:724][  0]LogConfig: Setting CVar [[r.DOF.Gather.EnableBokehSettings:0       ; no bokeh simulation when gathering]]
[2020.08.29-01.50.42:724][  0]LogConfig: Setting CVar [[r.DOF.Gather.RingCount:4                 ; medium number of samples when gathering]]
[2020.08.29-01.50.42:724][  0]LogConfig: Setting CVar [[r.DOF.Scatter.ForegroundCompositing:1    ; additive foreground scattering]]
[2020.08.29-01.50.42:724][  0]LogConfig: Setting CVar [[r.DOF.Scatter.BackgroundCompositing:2    ; additive background scattering]]
[2020.08.29-01.50.42:724][  0]LogConfig: Setting CVar [[r.DOF.Scatter.EnableBokehSettings:1      ; bokeh simulation when scattering]]
[2020.08.29-01.50.42:724][  0]LogConfig: Setting CVar [[r.DOF.Scatter.MaxSpriteRatio:0.1         ; only a maximum of 10% of scattered bokeh]]
[2020.08.29-01.50.42:724][  0]LogConfig: Setting CVar [[r.DOF.Recombine.Quality:1                ; cheap slight out of focus]]
[2020.08.29-01.50.42:724][  0]LogConfig: Setting CVar [[r.DOF.Recombine.EnableBokehSettings:0    ; no bokeh simulation on slight out of focus]]
[2020.08.29-01.50.42:724][  0]LogConfig: Setting CVar [[r.DOF.TemporalAAQuality:1                ; more stable temporal accumulation]]
[2020.08.29-01.50.42:724][  0]LogConfig: Setting CVar [[r.DOF.Kernel.MaxForegroundRadius:0.025]]
[2020.08.29-01.50.42:724][  0]LogConfig: Setting CVar [[r.DOF.Kernel.MaxBackgroundRadius:0.025]]
[2020.08.29-01.50.42:724][  0]LogConfig: Applying CVar settings from Section [TextureQuality@3] File [C:/maison/HorrorProject/HorrorVrProject/Saved/Config/Windows/Scalability.ini]
[2020.08.29-01.50.42:724][  0]LogConfig: Setting CVar [[r.Streaming.MipBias:0]]
[2020.08.29-01.50.42:724][  0]LogConfig: Setting CVar [[r.Streaming.AmortizeCPUToGPUCopy:0]]
[2020.08.29-01.50.42:724][  0]LogConfig: Setting CVar [[r.Streaming.MaxNumTexturesToStreamPerFrame:0]]
[2020.08.29-01.50.42:724][  0]LogConfig: Setting CVar [[r.Streaming.Boost:1]]
[2020.08.29-01.50.42:724][  0]LogConfig: Setting CVar [[r.MaxAnisotropy:8]]
[2020.08.29-01.50.42:725][  0]LogConfig: Setting CVar [[r.VT.MaxAnisotropy:8]]
[2020.08.29-01.50.42:725][  0]LogConfig: Setting CVar [[r.Streaming.LimitPoolSizeToVRAM:0]]
[2020.08.29-01.50.42:725][  0]LogConfig: Setting CVar [[r.Streaming.PoolSize:1000]]
[2020.08.29-01.50.42:725][  0]LogConfig: Setting CVar [[r.Streaming.MaxEffectiveScreenSize:0]]
[2020.08.29-01.50.42:725][  0]LogConfig: Applying CVar settings from Section [EffectsQuality@3] File [C:/maison/HorrorProject/HorrorVrProject/Saved/Config/Windows/Scalability.ini]
[2020.08.29-01.50.42:725][  0]LogConfig: Setting CVar [[r.TranslucencyLightingVolumeDim:64]]
[2020.08.29-01.50.42:725][  0]LogConfig: Setting CVar [[r.RefractionQuality:2]]
[2020.08.29-01.50.42:725][  0]LogConfig: Setting CVar [[r.SSR.Quality:3]]
[2020.08.29-01.50.42:725][  0]LogConfig: Setting CVar [[r.SSR.HalfResSceneColor:0]]
[2020.08.29-01.50.42:725][  0]LogConfig: Setting CVar [[r.SceneColorFormat:4]]
[2020.08.29-01.50.42:725][  0]LogConfig: Setting CVar [[r.DetailMode:2]]
[2020.08.29-01.50.42:725][  0]LogConfig: Setting CVar [[r.TranslucencyVolumeBlur:1]]
[2020.08.29-01.50.42:725][  0]LogConfig: Setting CVar [[r.MaterialQualityLevel:1 ; High quality]]
[2020.08.29-01.50.42:725][  0]LogConfig: Setting CVar [[r.SSS.Scale:1]]
[2020.08.29-01.50.42:725][  0]LogConfig: Setting CVar [[r.SSS.SampleSet:2]]
[2020.08.29-01.50.42:725][  0]LogConfig: Setting CVar [[r.SSS.Quality:1]]
[2020.08.29-01.50.42:725][  0]LogConfig: Setting CVar [[r.SSS.HalfRes:0]]
[2020.08.29-01.50.42:725][  0]LogConfig: Setting CVar [[r.SSGI.Quality:3]]
[2020.08.29-01.50.42:725][  0]LogConfig: Setting CVar [[r.EmitterSpawnRateScale:1.0]]
[2020.08.29-01.50.42:725][  0]LogConfig: Setting CVar [[r.ParticleLightQuality:2]]
[2020.08.29-01.50.42:725][  0]LogConfig: Setting CVar [[r.SkyAtmosphere.AerialPerspectiveLUT.FastApplyOnOpaque:1 ; Always have FastSkyLUT 1 in this case to avoid wrong sky]]
[2020.08.29-01.50.42:725][  0]LogConfig: Setting CVar [[r.SkyAtmosphere.AerialPerspectiveLUT.SampleCountPerSlice:1]]
[2020.08.29-01.50.42:725][  0]LogConfig: Setting CVar [[r.SkyAtmosphere.AerialPerspectiveLUT.DepthResolution:16.0]]
[2020.08.29-01.50.42:725][  0]LogConfig: Setting CVar [[r.SkyAtmosphere.FastSkyLUT:1]]
[2020.08.29-01.50.42:725][  0]LogConfig: Setting CVar [[r.SkyAtmosphere.FastSkyLUT.SampleCountMin:4.0]]
[2020.08.29-01.50.42:725][  0]LogConfig: Setting CVar [[r.SkyAtmosphere.FastSkyLUT.SampleCountMax:32.0]]
[2020.08.29-01.50.42:725][  0]LogConfig: Setting CVar [[r.SkyAtmosphere.SampleCountMin:4.0]]
[2020.08.29-01.50.42:725][  0]LogConfig: Setting CVar [[r.SkyAtmosphere.SampleCountMax:32.0]]
[2020.08.29-01.50.42:725][  0]LogConfig: Setting CVar [[r.SkyAtmosphere.TransmittanceLUT.UseSmallFormat:0]]
[2020.08.29-01.50.42:725][  0]LogConfig: Setting CVar [[r.SkyAtmosphere.TransmittanceLUT.SampleCount:10.0]]
[2020.08.29-01.50.42:725][  0]LogConfig: Setting CVar [[r.SkyAtmosphere.MultiScatteringLUT.SampleCount:15.0]]
[2020.08.29-01.50.42:725][  0]LogConfig: Applying CVar settings from Section [FoliageQuality@3] File [C:/maison/HorrorProject/HorrorVrProject/Saved/Config/Windows/Scalability.ini]
[2020.08.29-01.50.42:725][  0]LogConfig: Setting CVar [[foliage.DensityScale:1.0]]
[2020.08.29-01.50.42:725][  0]LogConfig: Setting CVar [[grass.DensityScale:1.0]]
[2020.08.29-01.50.42:725][  0]LogConfig: Applying CVar settings from Section [ShadingQuality@3] File [C:/maison/HorrorProject/HorrorVrProject/Saved/Config/Windows/Scalability.ini]
[2020.08.29-01.50.42:725][  0]LogConfig: Setting CVar [[r.HairStrands.SkyLighting.SampleCount:16]]
[2020.08.29-01.50.42:725][  0]LogConfig: Setting CVar [[r.HairStrands.SkyLighting.JitterIntegration:0]]
[2020.08.29-01.50.42:725][  0]LogConfig: Setting CVar [[r.HairStrands.SkyAO.SampleCount:16]]
[2020.08.29-01.50.42:725][  0]LogConfig: Setting CVar [[r.HairStrands.DeepShadow.SuperSampling:0]]
[2020.08.29-01.50.42:725][  0]LogConfig: Setting CVar [[r.HairStrands.VisibilityPPLL:0]]
[2020.08.29-01.50.42:725][  0]LogConfig: Setting CVar [[r.HairStrands.RasterizationScale:0.5]]
[2020.08.29-01.50.42:725][  0]LogConfig: Setting CVar [[r.HairStrands.VelocityRasterizationScale:1]]
[2020.08.29-01.50.42:725][  0]LogInit: Selected Device Profile: [Windows]
[2020.08.29-01.50.42:725][  0]LogInit: Applying CVar settings loaded from the selected device profile: [Windows]
[2020.08.29-01.50.42:725][  0]LogHAL: Display: Platform has ~ 64 GB [68609998848 / 68719476736 / 64], which maps to Largest [LargestMinGB=32, LargerMinGB=12, DefaultMinGB=8, SmallerMinGB=6, SmallestMinGB=0)
[2020.08.29-01.50.42:725][  0]LogInit: Going up to parent DeviceProfile []
[2020.08.29-01.50.42:725][  0]LogConfig: Applying CVar settings from Section [ViewDistanceQuality@3] File [C:/maison/HorrorProject/HorrorVrProject/Saved/Config/Windows/Scalability.ini]
[2020.08.29-01.50.42:725][  0]LogConfig: Setting CVar [[r.SkeletalMeshLODBias:0]]
[2020.08.29-01.50.42:725][  0]LogConfig: Setting CVar [[r.ViewDistanceScale:1.0]]
[2020.08.29-01.50.42:725][  0]LogConfig: Applying CVar settings from Section [AntiAliasingQuality@3] File [C:/maison/HorrorProject/HorrorVrProject/Saved/Config/Windows/Scalability.ini]
[2020.08.29-01.50.42:725][  0]LogConfig: Setting CVar [[r.PostProcessAAQuality:4]]
[2020.08.29-01.50.42:725][  0]LogConfig: Applying CVar settings from Section [ShadowQuality@3] File [C:/maison/HorrorProject/HorrorVrProject/Saved/Config/Windows/Scalability.ini]
[2020.08.29-01.50.42:725][  0]LogConfig: Setting CVar [[r.LightFunctionQuality:1]]
[2020.08.29-01.50.42:725][  0]LogConfig: Setting CVar [[r.ShadowQuality:5]]
[2020.08.29-01.50.42:725][  0]LogConfig: Setting CVar [[r.Shadow.CSM.MaxCascades:10]]
[2020.08.29-01.50.42:725][  0]LogConfig: Setting CVar [[r.Shadow.MaxResolution:2048]]
[2020.08.29-01.50.42:725][  0]LogConfig: Setting CVar [[r.Shadow.MaxCSMResolution:2048]]
[2020.08.29-01.50.42:726][  0]LogConfig: Setting CVar [[r.Shadow.RadiusThreshold:0.01]]
[2020.08.29-01.50.42:726][  0]LogConfig: Setting CVar [[r.Shadow.DistanceScale:1.0]]
[2020.08.29-01.50.42:726][  0]LogConfig: Setting CVar [[r.Shadow.CSM.TransitionScale:1.0]]
[2020.08.29-01.50.42:726][  0]LogConfig: Setting CVar [[r.Shadow.PreShadowResolutionFactor:1.0]]
[2020.08.29-01.50.42:726][  0]LogConfig: Setting CVar [[r.DistanceFieldShadowing:1]]
[2020.08.29-01.50.42:726][  0]LogConfig: Setting CVar [[r.DistanceFieldAO:1]]
[2020.08.29-01.50.42:726][  0]LogConfig: Setting CVar [[r.AOQuality:2]]
[2020.08.29-01.50.42:726][  0]LogConfig: Setting CVar [[r.VolumetricFog:1]]
[2020.08.29-01.50.42:726][  0]LogConfig: Setting CVar [[r.VolumetricFog.GridPixelSize:8]]
[2020.08.29-01.50.42:726][  0]LogConfig: Setting CVar [[r.VolumetricFog.GridSizeZ:128]]
[2020.08.29-01.50.42:726][  0]LogConfig: Setting CVar [[r.VolumetricFog.HistoryMissSupersampleCount:4]]
[2020.08.29-01.50.42:726][  0]LogConfig: Setting CVar [[r.LightMaxDrawDistanceScale:1]]
[2020.08.29-01.50.42:726][  0]LogConfig: Setting CVar [[r.CapsuleShadows:1]]
[2020.08.29-01.50.42:726][  0]LogConfig: Applying CVar settings from Section [PostProcessQuality@3] File [C:/maison/HorrorProject/HorrorVrProject/Saved/Config/Windows/Scalability.ini]
[2020.08.29-01.50.42:726][  0]LogConfig: Setting CVar [[r.MotionBlurQuality:4]]
[2020.08.29-01.50.42:726][  0]LogConfig: Setting CVar [[r.AmbientOcclusionMipLevelFactor:0.4]]
[2020.08.29-01.50.42:726][  0]LogConfig: Setting CVar [[r.AmbientOcclusionMaxQuality:100]]
[2020.08.29-01.50.42:726][  0]LogConfig: Setting CVar [[r.AmbientOcclusionLevels:-1]]
[2020.08.29-01.50.42:726][  0]LogConfig: Setting CVar [[r.AmbientOcclusionRadiusScale:1.0]]
[2020.08.29-01.50.42:726][  0]LogConfig: Setting CVar [[r.DepthOfFieldQuality:2]]
[2020.08.29-01.50.42:726][  0]LogConfig: Setting CVar [[r.RenderTargetPoolMin:400]]
[2020.08.29-01.50.42:726][  0]LogConfig: Setting CVar [[r.LensFlareQuality:2]]
[2020.08.29-01.50.42:726][  0]LogConfig: Setting CVar [[r.SceneColorFringeQuality:1]]
[2020.08.29-01.50.42:726][  0]LogConfig: Setting CVar [[r.EyeAdaptationQuality:2]]
[2020.08.29-01.50.42:726][  0]LogConfig: Setting CVar [[r.BloomQuality:5]]
[2020.08.29-01.50.42:726][  0]LogConfig: Setting CVar [[r.FastBlurThreshold:100]]
[2020.08.29-01.50.42:726][  0]LogConfig: Setting CVar [[r.Upscale.Quality:3]]
[2020.08.29-01.50.42:726][  0]LogConfig: Setting CVar [[r.Tonemapper.GrainQuantization:1]]
[2020.08.29-01.50.42:726][  0]LogConfig: Setting CVar [[r.LightShaftQuality:1]]
[2020.08.29-01.50.42:726][  0]LogConfig: Setting CVar [[r.Filter.SizeScale:1]]
[2020.08.29-01.50.42:726][  0]LogConfig: Setting CVar [[r.Tonemapper.Quality:5]]
[2020.08.29-01.50.42:726][  0]LogConfig: Setting CVar [[r.DOF.Gather.AccumulatorQuality:1        ; higher gathering accumulator quality]]
[2020.08.29-01.50.42:726][  0]LogConfig: Setting CVar [[r.DOF.Gather.PostfilterMethod:1          ; Median3x3 postfilering method]]
[2020.08.29-01.50.42:726][  0]LogConfig: Setting CVar [[r.DOF.Gather.EnableBokehSettings:0       ; no bokeh simulation when gathering]]
[2020.08.29-01.50.42:726][  0]LogConfig: Setting CVar [[r.DOF.Gather.RingCount:4                 ; medium number of samples when gathering]]
[2020.08.29-01.50.42:726][  0]LogConfig: Setting CVar [[r.DOF.Scatter.ForegroundCompositing:1    ; additive foreground scattering]]
[2020.08.29-01.50.42:726][  0]LogConfig: Setting CVar [[r.DOF.Scatter.BackgroundCompositing:2    ; additive background scattering]]
[2020.08.29-01.50.42:726][  0]LogConfig: Setting CVar [[r.DOF.Scatter.EnableBokehSettings:1      ; bokeh simulation when scattering]]
[2020.08.29-01.50.42:726][  0]LogConfig: Setting CVar [[r.DOF.Scatter.MaxSpriteRatio:0.1         ; only a maximum of 10% of scattered bokeh]]
[2020.08.29-01.50.42:726][  0]LogConfig: Setting CVar [[r.DOF.Recombine.Quality:1                ; cheap slight out of focus]]
[2020.08.29-01.50.42:726][  0]LogConfig: Setting CVar [[r.DOF.Recombine.EnableBokehSettings:0    ; no bokeh simulation on slight out of focus]]
[2020.08.29-01.50.42:726][  0]LogConfig: Setting CVar [[r.DOF.TemporalAAQuality:1                ; more stable temporal accumulation]]
[2020.08.29-01.50.42:726][  0]LogConfig: Setting CVar [[r.DOF.Kernel.MaxForegroundRadius:0.025]]
[2020.08.29-01.50.42:726][  0]LogConfig: Setting CVar [[r.DOF.Kernel.MaxBackgroundRadius:0.025]]
[2020.08.29-01.50.42:726][  0]LogConfig: Applying CVar settings from Section [TextureQuality@3] File [C:/maison/HorrorProject/HorrorVrProject/Saved/Config/Windows/Scalability.ini]
[2020.08.29-01.50.42:726][  0]LogConfig: Setting CVar [[r.Streaming.MipBias:0]]
[2020.08.29-01.50.42:726][  0]LogConfig: Setting CVar [[r.Streaming.AmortizeCPUToGPUCopy:0]]
[2020.08.29-01.50.42:726][  0]LogConfig: Setting CVar [[r.Streaming.MaxNumTexturesToStreamPerFrame:0]]
[2020.08.29-01.50.42:726][  0]LogConfig: Setting CVar [[r.Streaming.Boost:1]]
[2020.08.29-01.50.42:726][  0]LogConfig: Setting CVar [[r.MaxAnisotropy:8]]
[2020.08.29-01.50.42:726][  0]LogConfig: Setting CVar [[r.VT.MaxAnisotropy:8]]
[2020.08.29-01.50.42:726][  0]LogConfig: Setting CVar [[r.Streaming.LimitPoolSizeToVRAM:0]]
[2020.08.29-01.50.42:726][  0]LogConfig: Setting CVar [[r.Streaming.PoolSize:1000]]
[2020.08.29-01.50.42:726][  0]LogConfig: Setting CVar [[r.Streaming.MaxEffectiveScreenSize:0]]
[2020.08.29-01.50.42:726][  0]LogConfig: Applying CVar settings from Section [EffectsQuality@3] File [C:/maison/HorrorProject/HorrorVrProject/Saved/Config/Windows/Scalability.ini]
[2020.08.29-01.50.42:726][  0]LogConfig: Setting CVar [[r.TranslucencyLightingVolumeDim:64]]
[2020.08.29-01.50.42:726][  0]LogConfig: Setting CVar [[r.RefractionQuality:2]]
[2020.08.29-01.50.42:726][  0]LogConfig: Setting CVar [[r.SSR.Quality:3]]
[2020.08.29-01.50.42:726][  0]LogConfig: Setting CVar [[r.SSR.HalfResSceneColor:0]]
[2020.08.29-01.50.42:726][  0]LogConfig: Setting CVar [[r.SceneColorFormat:4]]
[2020.08.29-01.50.42:726][  0]LogConfig: Setting CVar [[r.DetailMode:2]]
[2020.08.29-01.50.42:726][  0]LogConfig: Setting CVar [[r.TranslucencyVolumeBlur:1]]
[2020.08.29-01.50.42:726][  0]LogConfig: Setting CVar [[r.MaterialQualityLevel:1 ; High quality]]
[2020.08.29-01.50.42:726][  0]LogConfig: Setting CVar [[r.SSS.Scale:1]]
[2020.08.29-01.50.42:726][  0]LogConfig: Setting CVar [[r.SSS.SampleSet:2]]
[2020.08.29-01.50.42:726][  0]LogConfig: Setting CVar [[r.SSS.Quality:1]]
[2020.08.29-01.50.42:726][  0]LogConfig: Setting CVar [[r.SSS.HalfRes:0]]
[2020.08.29-01.50.42:726][  0]LogConfig: Setting CVar [[r.SSGI.Quality:3]]
[2020.08.29-01.50.42:727][  0]LogConfig: Setting CVar [[r.EmitterSpawnRateScale:1.0]]
[2020.08.29-01.50.42:727][  0]LogConfig: Setting CVar [[r.ParticleLightQuality:2]]
[2020.08.29-01.50.42:727][  0]LogConfig: Setting CVar [[r.SkyAtmosphere.AerialPerspectiveLUT.FastApplyOnOpaque:1 ; Always have FastSkyLUT 1 in this case to avoid wrong sky]]
[2020.08.29-01.50.42:727][  0]LogConfig: Setting CVar [[r.SkyAtmosphere.AerialPerspectiveLUT.SampleCountPerSlice:1]]
[2020.08.29-01.50.42:727][  0]LogConfig: Setting CVar [[r.SkyAtmosphere.AerialPerspectiveLUT.DepthResolution:16.0]]
[2020.08.29-01.50.42:727][  0]LogConfig: Setting CVar [[r.SkyAtmosphere.FastSkyLUT:1]]
[2020.08.29-01.50.42:727][  0]LogConfig: Setting CVar [[r.SkyAtmosphere.FastSkyLUT.SampleCountMin:4.0]]
[2020.08.29-01.50.42:727][  0]LogConfig: Setting CVar [[r.SkyAtmosphere.FastSkyLUT.SampleCountMax:32.0]]
[2020.08.29-01.50.42:727][  0]LogConfig: Setting CVar [[r.SkyAtmosphere.SampleCountMin:4.0]]
[2020.08.29-01.50.42:727][  0]LogConfig: Setting CVar [[r.SkyAtmosphere.SampleCountMax:32.0]]
[2020.08.29-01.50.42:727][  0]LogConfig: Setting CVar [[r.SkyAtmosphere.TransmittanceLUT.UseSmallFormat:0]]
[2020.08.29-01.50.42:727][  0]LogConfig: Setting CVar [[r.SkyAtmosphere.TransmittanceLUT.SampleCount:10.0]]
[2020.08.29-01.50.42:727][  0]LogConfig: Setting CVar [[r.SkyAtmosphere.MultiScatteringLUT.SampleCount:15.0]]
[2020.08.29-01.50.42:727][  0]LogConfig: Applying CVar settings from Section [FoliageQuality@3] File [C:/maison/HorrorProject/HorrorVrProject/Saved/Config/Windows/Scalability.ini]
[2020.08.29-01.50.42:727][  0]LogConfig: Setting CVar [[foliage.DensityScale:1.0]]
[2020.08.29-01.50.42:727][  0]LogConfig: Setting CVar [[grass.DensityScale:1.0]]
[2020.08.29-01.50.42:727][  0]LogConfig: Applying CVar settings from Section [ShadingQuality@3] File [C:/maison/HorrorProject/HorrorVrProject/Saved/Config/Windows/Scalability.ini]
[2020.08.29-01.50.42:727][  0]LogConfig: Setting CVar [[r.HairStrands.SkyLighting.SampleCount:16]]
[2020.08.29-01.50.42:727][  0]LogConfig: Setting CVar [[r.HairStrands.SkyLighting.JitterIntegration:0]]
[2020.08.29-01.50.42:727][  0]LogConfig: Setting CVar [[r.HairStrands.SkyAO.SampleCount:16]]
[2020.08.29-01.50.42:727][  0]LogConfig: Setting CVar [[r.HairStrands.DeepShadow.SuperSampling:0]]
[2020.08.29-01.50.42:727][  0]LogConfig: Setting CVar [[r.HairStrands.VisibilityPPLL:0]]
[2020.08.29-01.50.42:727][  0]LogConfig: Setting CVar [[r.HairStrands.RasterizationScale:0.5]]
[2020.08.29-01.50.42:727][  0]LogConfig: Setting CVar [[r.HairStrands.VelocityRasterizationScale:1]]
[2020.08.29-01.50.42:727][  0]LogConfig: Applying CVar settings from Section [Startup] File [../../../Engine/Config/ConsoleVariables.ini]
[2020.08.29-01.50.42:727][  0]LogConfig: Setting CVar [[net.UseAdaptiveNetUpdateFrequency:0]]
[2020.08.29-01.50.42:727][  0]LogConfig: Setting CVar [[p.chaos.AllowCreatePhysxBodies:1]]
[2020.08.29-01.50.42:727][  0]LogConfig: Setting CVar [[fx.SkipVectorVMBackendOptimizations:1]]
[2020.08.29-01.50.42:727][  0]LogConfig: Applying CVar settings from Section [ConsoleVariables] File [C:/maison/HorrorProject/HorrorVrProject/Saved/Config/Windows/Engine.ini]
[2020.08.29-01.50.42:727][  0]LogInit: Computer: DESKTOP-9D4N06R
[2020.08.29-01.50.42:727][  0]LogInit: User: dadad
[2020.08.29-01.50.42:727][  0]LogInit: CPU Page size=4096, Cores=16
[2020.08.29-01.50.42:727][  0]LogInit: High frequency timer resolution =10.000000 MHz
[2020.08.29-01.50.42:728][  0]LogMemory: Memory total: Physical=63.9GB (64GB approx)
[2020.08.29-01.50.42:728][  0]LogMemory: Platform Memory Stats for Windows
[2020.08.29-01.50.42:728][  0]LogMemory: Process Physical Memory: 120.96 MB used, 120.96 MB peak
[2020.08.29-01.50.42:728][  0]LogMemory: Process Virtual Memory: 105.23 MB used, 105.23 MB peak
[2020.08.29-01.50.42:728][  0]LogMemory: Physical Memory: 13614.85 MB used,  51816.75 MB free, 65431.59 MB total
[2020.08.29-01.50.42:728][  0]LogMemory: Virtual Memory: 5292.74 MB used,  134212432.00 MB free, 134217728.00 MB total
[2020.08.29-01.50.42:735][  0]LogWindows: WindowsPlatformFeatures enabled
[2020.08.29-01.50.42:788][  0]LogInit: Physics initialised using underlying interface: PhysX
[2020.08.29-01.50.42:789][  0]LogInit: Using OS detected language (en-US).
[2020.08.29-01.50.42:789][  0]LogInit: Using OS detected locale (en-CA).
[2020.08.29-01.50.42:791][  0]LogTextLocalizationManager: No specific localization for 'en-US' exists, so the 'en' localization will be used.
[2020.08.29-01.50.42:995][  0]LogInit: Setting process to per monitor DPI aware
[2020.08.29-01.50.43:048][  0]LogSlate: New Slate User Created.  User Index 0, Is Virtual User: 0
[2020.08.29-01.50.43:048][  0]LogSlate: Slate User Registered.  User Index 0, Is Virtual User: 0
[2020.08.29-01.50.43:329][  0]LogD3D12RHI: Aftermath initialized
[2020.08.29-01.50.43:329][  0]LogD3D12RHI: Loading WinPixEventRuntime.dll for PIX profiling (from ../../../Engine/Binaries/ThirdParty/Windows/WinPixEventRuntime/x64).
[2020.08.29-01.50.49:099][  0]LogD3D12RHI: Found D3D12 adapter 0: NVIDIA GeForce RTX 2080 Ti (Max supported Feature Level 12_1)
[2020.08.29-01.50.49:100][  0]LogD3D12RHI: Adapter has 11048MB of dedicated video memory, 0MB of dedicated system memory, and 32715MB of shared system memory, 2 output[s]
[2020.08.29-01.50.49:236][  0]LogD3D12RHI: Found D3D12 adapter 1: NVIDIA GeForce GTX 1050 (Max supported Feature Level 12_1)
[2020.08.29-01.50.49:236][  0]LogD3D12RHI: Adapter has 1977MB of dedicated video memory, 0MB of dedicated system memory, and 32715MB of shared system memory, 0 output[s]
[2020.08.29-01.50.49:250][  0]LogD3D12RHI: Found D3D12 adapter 2: Microsoft Basic Render Driver (Max supported Feature Level 12_1)
[2020.08.29-01.50.49:250][  0]LogD3D12RHI: Adapter has 0MB of dedicated video memory, 0MB of dedicated system memory, and 32715MB of shared system memory, 0 output[s]
[2020.08.29-01.50.49:263][  0]LogD3D12RHI: Found D3D12 adapter 3: Microsoft Basic Render Driver (Max supported Feature Level 12_1)
[2020.08.29-01.50.49:263][  0]LogD3D12RHI: Adapter has 0MB of dedicated video memory, 0MB of dedicated system memory, and 32715MB of shared system memory, 0 output[s]
[2020.08.29-01.50.49:263][  0]LogD3D12RHI: Forcing D3D12.AsyncDeferredDeletion=0 as a workaround for a deadlock.
[2020.08.29-01.50.49:263][  0]LogD3D12RHI: Chosen D3D12 Adapter Id = 0
[2020.08.29-01.50.49:284][  0]LogD3D12RHI: Emitting draw events for PIX profiling.
[2020.08.29-01.50.49:388][  0]LogD3D12RHI: D3D12 ray tracing enabled.
[2020.08.29-01.50.49:388][  0]LogD3D12RHI: The system supports ID3D12Device1.
[2020.08.29-01.50.49:388][  0]LogD3D12RHI: The system supports ID3D12Device2.
[2020.08.29-01.50.49:484][  0]LogD3D12RHI: [GPUBreadCrumb] Successfully setup breadcrumb resource for 3D Queue 0
[2020.08.29-01.50.49:497][  0]LogD3D12RHI: [GPUBreadCrumb] Successfully setup breadcrumb resource for Copy Queue 0
[2020.08.29-01.50.49:526][  0]LogD3D12RHI: [GPUBreadCrumb] Successfully setup breadcrumb resource for Compute Queue 0
[2020.08.29-01.50.49:548][  0]LogD3D12RHI: Display: Not using pipeline state disk cache per r.D3D12.PSO.DiskCache=0
[2020.08.29-01.50.49:548][  0]LogD3D12RHI: Display: Not using driver-optimized pipeline state disk cache per r.D3D12.PSO.DriverOptimizedDiskCache=0
[2020.08.29-01.50.49:550][  0]LogD3D12RHI:     GPU DeviceId: 0x1e07 (for the marketing name, search the web for "GPU Device Id")
[2020.08.29-01.50.49:550][  0]LogWindows: EnumDisplayDevices:
[2020.08.29-01.50.49:550][  0]LogWindows:    0. 'NVIDIA GeForce RTX 2080 Ti' (P:1 D:1)
[2020.08.29-01.50.49:551][  0]LogWindows:    1. 'NVIDIA GeForce RTX 2080 Ti' (P:0 D:1)
[2020.08.29-01.50.49:551][  0]LogWindows:    2. 'NVIDIA GeForce RTX 2080 Ti' (P:0 D:0)
[2020.08.29-01.50.49:551][  0]LogWindows:    3. 'NVIDIA GeForce RTX 2080 Ti' (P:0 D:0)
[2020.08.29-01.50.49:551][  0]LogWindows:    4. 'NVIDIA GeForce GTX 1050' (P:0 D:0)
[2020.08.29-01.50.49:552][  0]LogWindows:    5. 'NVIDIA GeForce GTX 1050' (P:0 D:0)
[2020.08.29-01.50.49:552][  0]LogWindows:    6. 'NVIDIA GeForce GTX 1050' (P:0 D:0)
[2020.08.29-01.50.49:552][  0]LogWindows:    7. 'NVIDIA GeForce GTX 1050' (P:0 D:0)
[2020.08.29-01.50.49:552][  0]LogWindows:    8. 'Citrix Indirect Display Adapter' (P:0 D:0)
[2020.08.29-01.50.49:552][  0]LogWindows:    9. 'Citrix Indirect Display Adapter' (P:0 D:0)
[2020.08.29-01.50.49:553][  0]LogWindows:    10. 'Citrix Indirect Display Adapter' (P:0 D:0)
[2020.08.29-01.50.49:553][  0]LogWindows:    11. 'Citrix Indirect Display Adapter' (P:0 D:0)
[2020.08.29-01.50.49:553][  0]LogWindows:    12. 'Citrix Indirect Display Adapter' (P:0 D:0)
[2020.08.29-01.50.49:553][  0]LogWindows:    13. 'Citrix Indirect Display Adapter' (P:0 D:0)
[2020.08.29-01.50.49:554][  0]LogWindows:    14. 'Citrix Indirect Display Adapter' (P:0 D:0)
[2020.08.29-01.50.49:554][  0]LogWindows:    15. 'Citrix Indirect Display Adapter' (P:0 D:0)
[2020.08.29-01.50.49:554][  0]LogWindows: DebugString: PrimaryIsNotTheChoosenAdapter PrimaryIsNotTheChoosenAdapter PrimaryIsNotTheChoosenAdapter PrimaryIsNotTheChoosenAdapter GetVideoDriverDetailsInvalid PrimaryIsNotTheChoosenAdapter GetVideoDriverDetailsInvalid PrimaryIsNotTheChoosenAdapter GetVideoDriverDetailsInvalid PrimaryIsNotTheChoosenAdapter GetVideoDriverDetailsInvalid PrimaryIsNotTheChoosenAdapter GetVideoDriverDetailsInvalid PrimaryIsNotTheChoosenAdapter GetVideoDriverDetailsInvalid PrimaryIsNotTheChoosenAdapter GetVideoDriverDetailsInvalid PrimaryIsNotTheChoosenAdapter GetVideoDriverDetailsInvalid PrimaryIsNotTheChoosenAdapter FoundDriverCount:4 
[2020.08.29-01.50.49:554][  0]LogD3D12RHI:     Adapter Name: NVIDIA GeForce RTX 2080 Ti
[2020.08.29-01.50.49:554][  0]LogD3D12RHI:   Driver Version: 452.06 (internal:27.21.14.5206, unified:452.06)
[2020.08.29-01.50.49:554][  0]LogD3D12RHI:      Driver Date: 8-12-2020
[2020.08.29-01.50.49:554][  0]LogRHI: Texture pool is 5916 MB (70% of 8451 MB)
[2020.08.29-01.50.49:554][  0]LogD3D12RHI: Async texture creation enabled
[2020.08.29-01.50.49:554][  0]LogD3D12RHI: RHI has support for 64 bit atomics
[2020.08.29-01.50.49:894][  0]LogTargetPlatformManager: Display: Loaded TargetPlatform 'AllDesktop'
[2020.08.29-01.50.49:920][  0]LogTargetPlatformManager: Display: Loaded TargetPlatform 'Android'
[2020.08.29-01.50.49:920][  0]LogTargetPlatformManager: Display: Loaded TargetPlatform 'Android_ASTC'
[2020.08.29-01.50.49:920][  0]LogTargetPlatformManager: Display: Loaded TargetPlatform 'Android_DXT'
[2020.08.29-01.50.49:920][  0]LogTargetPlatformManager: Display: Loaded TargetPlatform 'Android_ETC2'
[2020.08.29-01.50.49:920][  0]LogTargetPlatformManager: Display: Loaded TargetPlatform 'AndroidClient'
[2020.08.29-01.50.49:920][  0]LogTargetPlatformManager: Display: Loaded TargetPlatform 'Android_ASTCClient'
[2020.08.29-01.50.49:920][  0]LogTargetPlatformManager: Display: Loaded TargetPlatform 'Android_DXTClient'
[2020.08.29-01.50.49:920][  0]LogTargetPlatformManager: Display: Loaded TargetPlatform 'Android_ETC2Client'
[2020.08.29-01.50.49:920][  0]LogTargetPlatformManager: Display: Loaded TargetPlatform 'Android_Multi'
[2020.08.29-01.50.49:920][  0]LogTargetPlatformManager: Display: Loaded TargetPlatform 'Android_MultiClient'
[2020.08.29-01.50.49:950][  0]LogTargetPlatformManager: Display: Loaded TargetPlatform 'IOSClient'
[2020.08.29-01.50.49:950][  0]LogTargetPlatformManager: Display: Loaded TargetPlatform 'IOS'
[2020.08.29-01.50.49:963][  0]LogTargetPlatformManager: Display: Loaded TargetPlatform 'Linux'
[2020.08.29-01.50.49:974][  0]LogTargetPlatformManager: Display: Loaded TargetPlatform 'LinuxNoEditor'
[2020.08.29-01.50.49:986][  0]LogTargetPlatformManager: Display: Loaded TargetPlatform 'LinuxClient'
[2020.08.29-01.50.49:997][  0]LogTargetPlatformManager: Display: Loaded TargetPlatform 'LinuxServer'
[2020.08.29-01.50.50:008][  0]LogTargetPlatformManager: Display: Loaded TargetPlatform 'LinuxAArch64NoEditor'
[2020.08.29-01.50.50:021][  0]LogTargetPlatformManager: Display: Loaded TargetPlatform 'LinuxAArch64Client'
[2020.08.29-01.50.50:032][  0]LogTargetPlatformManager: Display: Loaded TargetPlatform 'LinuxAArch64Server'
[2020.08.29-01.50.50:064][  0]LogTargetPlatformManager: Display: Loaded TargetPlatform 'Lumin'
[2020.08.29-01.50.50:064][  0]LogTargetPlatformManager: Display: Loaded TargetPlatform 'LuminClient'
[2020.08.29-01.50.50:083][  0]LogTargetPlatformManager: Display: Loaded TargetPlatform 'TVOSClient'
[2020.08.29-01.50.50:083][  0]LogTargetPlatformManager: Display: Loaded TargetPlatform 'TVOS'
[2020.08.29-01.50.50:094][  0]LogTargetPlatformManager: Display: Loaded TargetPlatform 'WindowsNoEditor'
[2020.08.29-01.50.50:106][  0]LogTargetPlatformManager: Display: Loaded TargetPlatform 'Windows'
[2020.08.29-01.50.50:118][  0]LogTargetPlatformManager: Display: Loaded TargetPlatform 'WindowsClient'
[2020.08.29-01.50.50:130][  0]LogTargetPlatformManager: Display: Loaded TargetPlatform 'WindowsServer'
[2020.08.29-01.50.50:130][  0]LogTargetPlatformManager: Display: Building Assets For Windows
[2020.08.29-01.50.50:141][  0]LogAudioDebug: Display: Lib vorbis DLL was dynamically loaded.
[2020.08.29-01.50.50:215][  0]LogShaderCompilers: Guid format shader working directory is 6 characters bigger than the processId version (C:/maison/HorrorProject/HorrorVrProject/Intermediate/Shaders/WorkingDirectory/28232/).
[2020.08.29-01.50.50:216][  0]LogShaderCompilers: Cleaned the shader compiler working directory 'C:/Users/dadad/AppData/Local/Temp/UnrealShaderWorkingDir/522CD89B486A6026D62CFEA311E4A47B/'.
[2020.08.29-01.50.50:217][  0]LogXGEController: Cannot use XGE Controller as Incredibuild is not installed on this machine.
[2020.08.29-01.50.50:217][  0]LogShaderCompilers: Cannot use XGE Shader Compiler as Incredibuild is not installed on this machine.
[2020.08.29-01.50.50:217][  0]LogShaderCompilers: Display: Using Local Shader Compiler.
[2020.08.29-01.50.51:102][  0]LogDerivedDataCache: Display: Max Cache Size: 512 MB
[2020.08.29-01.50.51:198][  0]LogDerivedDataCache: Loaded boot cache 0.10s 127MB C:/Users/dadad/AppData/Local/UnrealEngine/4.25/DerivedDataCache/Boot.ddc.
[2020.08.29-01.50.51:198][  0]LogDerivedDataCache: Display: Loaded Boot cache: C:/Users/dadad/AppData/Local/UnrealEngine/4.25/DerivedDataCache/Boot.ddc
[2020.08.29-01.50.51:199][  0]LogDerivedDataCache: FDerivedDataBackendGraph:  Pak pak cache file C:/maison/HorrorProject/HorrorVrProject/DerivedDataCache/DDC.ddp not found, will not use a pak cache.
[2020.08.29-01.50.51:199][  0]LogDerivedDataCache: Unable to find inner node Pak for hierarchical cache Hierarchy.
[2020.08.29-01.50.51:199][  0]LogDerivedDataCache: FDerivedDataBackendGraph:  CompressedPak pak cache file C:/maison/HorrorProject/HorrorVrProject/DerivedDataCache/Compressed.ddp not found, will not use a pak cache.
[2020.08.29-01.50.51:199][  0]LogDerivedDataCache: Unable to find inner node CompressedPak for hierarchical cache Hierarchy.
[2020.08.29-01.50.51:211][  0]LogDerivedDataCache: Display: Pak cache opened for reading ../../../Engine/DerivedDataCache/Compressed.ddp.
[2020.08.29-01.50.51:211][  0]LogDerivedDataCache: FDerivedDataBackendGraph:  EnterprisePak pak cache file ../../../Enterprise/DerivedDataCache/Compressed.ddp not found, will not use a pak cache.
[2020.08.29-01.50.51:211][  0]LogDerivedDataCache: Unable to find inner node EnterprisePak for hierarchical cache Hierarchy.
[2020.08.29-01.50.51:213][  0]LogDerivedDataCache: Using Local data cache path C:/Users/dadad/AppData/Local/UnrealEngine/Common/DerivedDataCache: Writable
[2020.08.29-01.50.51:213][  0]LogDerivedDataCache: Shared data cache path not found in *engine.ini, will not use an Shared cache.
[2020.08.29-01.50.51:213][  0]LogDerivedDataCache: Unable to find inner node Shared for hierarchical cache Hierarchy.
[2020.08.29-01.50.51:284][  0]LogSlate: Using FreeType 2.10.0
[2020.08.29-01.50.51:285][  0]LogSlate: SlateFontServices - WITH_FREETYPE: 1, WITH_HARFBUZZ: 1
[2020.08.29-01.50.51:318][  0]LogAssetRegistry: FAssetRegistry took 0.0030 seconds to start up
[2020.08.29-01.50.51:575][  0]LogInit: Selected Device Profile: [Windows]
[2020.08.29-01.50.51:709][  0]LogMeshReduction: Using QuadricMeshReduction for automatic static mesh reduction
[2020.08.29-01.50.51:709][  0]LogMeshReduction: Using SimplygonMeshReduction for automatic skeletal mesh reduction
[2020.08.29-01.50.51:709][  0]LogMeshReduction: Using ProxyLODMeshReduction for automatic mesh merging
[2020.08.29-01.50.51:709][  0]LogMeshReduction: No distributed automatic mesh merging module available
[2020.08.29-01.50.51:709][  0]LogMeshMerging: No distributed automatic mesh merging module available
[2020.08.29-01.50.51:880][  0]LogNetVersion: HorrorVrProject 1.0.0, NetCL: 13144385, EngineNetVer: 14, GameNetVer: 0 (Checksum: 1535448059)
[2020.08.29-01.50.52:354][  0]LogAISub: UAISubsystem::UAISubsystem AISubsystem (000001B53C9E7A40), frame # 0
[2020.08.29-01.50.52:354][  0]LogAISub: UAISubsystem::UAISubsystem AIPerceptionSystem (000001B53C9CFB00), frame # 0
[2020.08.29-01.50.52:356][  0]LogAISub: UAISubsystem::UAISubsystem EnvQueryManager (000001B53CA7C400), frame # 0
[2020.08.29-01.50.52:451][  0]LogPackageLocalizationCache: Processed 19 localized package path(s) for 1 prioritized culture(s) in 0.088323 seconds
[2020.08.29-01.50.52:458][  0]LogUObjectArray: 15917 objects as part of root set at end of initial load.
[2020.08.29-01.50.52:458][  0]LogUObjectAllocator: 3965568 out of 0 bytes used by permanent object pool.
[2020.08.29-01.50.52:458][  0]LogUObjectArray: CloseDisregardForGC: 0/0 objects in disregard for GC pool
[2020.08.29-01.50.52:648][  0]LogD3D12RHI: Creating RTPSO with 3 shaders (0 cached, 3 new) took 31.25 ms. Compile time 16.99 ms, link time 14.19 ms.
[2020.08.29-01.50.52:948][  0]LogTcpMessaging: Initializing TcpMessaging bridge
[2020.08.29-01.50.52:954][  0]LogUdpMessaging: Initializing bridge on interface 0.0.0.0:0 to multicast group 230.0.0.1:6666.
[2020.08.29-01.50.53:073][  0]SourceControl: Source control is disabled
[2020.08.29-01.50.53:073][  0]SourceControl: Source control is disabled
[2020.08.29-01.50.53:078][  0]SourceControl: Source control is disabled
[2020.08.29-01.50.53:083][  0]SourceControl: Source control is disabled
[2020.08.29-01.50.53:093][  0]SourceControl: Source control is disabled
[2020.08.29-01.50.53:405][  0]LogAndroidPermission: UAndroidPermissionCallbackProxy::GetInstance
[2020.08.29-01.50.53:432][  0]LogAudioCaptureCore: Display: No Audio Capture implementations found. Audio input will be silent.
[2020.08.29-01.50.53:432][  0]LogAudioCaptureCore: Display: No Audio Capture implementations found. Audio input will be silent.
[2020.08.29-01.50.53:493][  0]LogOcInput: OculusInput pre-init called
[2020.08.29-01.50.53:744][  0]LogEngine: Initializing Engine...
[2020.08.29-01.50.53:746][  0]LogHMD: SteamVR initialized.  Driver: lighthouse  Display: LHR-AF245FD8
[2020.08.29-01.50.53:747][  0]LogStats: UGameplayTagsManager::InitializeManager -  0.000 s
[2020.08.29-01.50.53:894][  0]LogInit: Initializing FReadOnlyCVARCache
[2020.08.29-01.50.53:906][  0]LogAIModule: Creating AISystem for world Untitled
[2020.08.29-01.50.53:906][  0]LogAISub: UAISubsystem::UAISubsystem EnvQueryManager (000001B543EE5200), frame # 0
[2020.08.29-01.50.53:906][  0]LogAISub: UAISubsystem::UAISubsystem AIPerceptionSystem (000001B543EAFB00), frame # 0
[2020.08.29-01.50.53:911][  0]LogAudioMixer: Display: Audio Mixer Platform Settings:
[2020.08.29-01.50.53:911][  0]LogAudioMixer: Display: 	Sample Rate:						  48000
[2020.08.29-01.50.53:911][  0]LogAudioMixer: Display: 	Callback Buffer Frame Size Requested: 1024
[2020.08.29-01.50.53:911][  0]LogAudioMixer: Display: 	Callback Buffer Frame Size To Use:	  1024
[2020.08.29-01.50.53:911][  0]LogAudioMixer: Display: 	Number of buffers to queue:			  2
[2020.08.29-01.50.53:911][  0]LogAudioMixer: Display: 	Max Channels (voices):				  32
[2020.08.29-01.50.53:911][  0]LogAudioMixer: Display: 	Number of Async Source Workers:		  0
[2020.08.29-01.50.53:911][  0]LogAudio: Display: AudioDevice MaxSources: 32
[2020.08.29-01.50.53:911][  0]LogAudio: Display: Using built-in audio occlusion.
[2020.08.29-01.50.53:911][  0]LogAudioMixer: Display: Initializing audio mixer.
[2020.08.29-01.50.53:951][  0]LogAudioMixer: Display: 0: FrontLeft
[2020.08.29-01.50.53:951][  0]LogAudioMixer: Display: 1: FrontRight
[2020.08.29-01.50.53:998][  0]LogAudioMixer: Display: Using Audio Device HTC-VIVE (NVIDIA High Definition Audio)
[2020.08.29-01.50.53:999][  0]LogAudioMixer: Display: Initializing Sound Submixes...
[2020.08.29-01.50.54:002][  0]LogAudioMixer: Display: Creating Master Submix 'MasterSubmixDefault'
[2020.08.29-01.50.54:002][  0]LogAudioMixer: Display: Creating Master Submix 'MasterReverbSubmixDefault'
[2020.08.29-01.50.54:006][  0]LogAudioMixer: Display: Creating Master Submix 'MasterEQSubmixDefault'
[2020.08.29-01.50.54:007][  0]LogInit: FAudioDevice initialized.
[2020.08.29-01.50.54:008][  0]LogNetVersion: Set ProjectVersion to 1.0.0.0. Version Checksum will be recalculated on next use.
[2020.08.29-01.50.54:115][  0]LogDerivedDataCache: Saved boot cache 0.11s 127MB C:/Users/dadad/AppData/Local/UnrealEngine/4.25/DerivedDataCache/Boot.ddc.
[2020.08.29-01.50.54:127][  0]LogInit: Texture streaming: Enabled
[2020.08.29-01.50.54:148][  0]LogEngineSessionManager: EngineSessionManager initialized
[2020.08.29-01.50.54:148][  0]LogEditorSessionSummary: Verbose: Initializing EditorSessionSummaryWriter for editor session tracking
[2020.08.29-01.50.54:150][  0]LogEditorSessionSummary: EditorSessionSummaryWriter initialized
[2020.08.29-01.50.54:236][  0]LogInit: Transaction tracking system initialized
[2020.08.29-01.50.54:263][  0]BlueprintLog: New page: Editor Load
[2020.08.29-01.50.54:351][  0]LocalizationService: Localization service is disabled
[2020.08.29-01.50.54:545][  0]LogCook: Display: Max memory allowance for cook 16384mb min free memory 0mb
[2020.08.29-01.50.54:545][  0]LogCook: Display: Mobile HDR setting 1
[2020.08.29-01.50.54:708][  0]LogFileCache: Scanning file cache for directory 'C:/maison/HorrorProject/HorrorVrProject/Content/' took 0.01s
[2020.08.29-01.50.54:897][  0]SourceControl: Source control is disabled
[2020.08.29-01.50.54:897][  0]LogUnrealEdMisc: Loading editor; pre map load, took 15.059
[2020.08.29-01.50.54:897][  0]Cmd: MAP LOAD FILE="../../../Engine/Content/Maps/Templates/Template_Default.umap" TEMPLATE=1 SHOWPROGRESS=1 FEATURELEVEL=3
[2020.08.29-01.50.54:898][  0]LightingResults: New page: Lighting Build
[2020.08.29-01.50.54:899][  0]LogWorld: UWorld::CleanupWorld for Untitled, bSessionEnded=true, bCleanupResources=true
[2020.08.29-01.50.54:899][  0]LogSlate: InvalidateAllWidgets triggered.  All widgets were invalidated
[2020.08.29-01.50.54:899][  0]MapCheck: New page: Map Check
[2020.08.29-01.50.54:899][  0]LightingResults: New page: Lighting Build
[2020.08.29-01.50.54:931][  0]LogAISub: UAISubsystem::~UAISubsystem EnvQueryManager (000001B543EE5200), frame # 0
[2020.08.29-01.50.54:931][  0]LogAISub: UAISubsystem::~UAISubsystem AIPerceptionSystem (000001B543EAFB00), frame # 0
[2020.08.29-01.50.54:931][  0]LogUObjectHash: Compacting FUObjectHashTables data took   0.74ms
[2020.08.29-01.50.55:007][  0]LogAIModule: Creating AISystem for world Untitled_1
[2020.08.29-01.50.55:007][  0]LogAISub: UAISubsystem::UAISubsystem EnvQueryManager (000001B51C04BE00), frame # 0
[2020.08.29-01.50.55:007][  0]LogAISub: UAISubsystem::UAISubsystem AIPerceptionSystem (000001B51C14C7C0), frame # 0
[2020.08.29-01.50.55:011][  0]LogEditorServer: Finished looking for orphan Actors (0.000 secs)
[2020.08.29-01.50.55:065][  0]LogUObjectHash: Compacting FUObjectHashTables data took   0.87ms
[2020.08.29-01.50.55:065][  0]Cmd: MAP CHECKDEP NOCLEARLOG
[2020.08.29-01.50.55:065][  0]MapCheck: Map check complete: 0 Error(s), 0 Warning(s), took 0.223ms to complete.
[2020.08.29-01.50.55:065][  0]LogFileHelpers: Loading map 'Template_Default' took 0.168
[2020.08.29-01.50.55:068][  0]LogUnrealEdMisc: Total Editor Startup Time, took 15.230
[2020.08.29-01.50.55:220][  0]LogSlate: Updating window title bar state: overlay mode, drag disabled, window buttons hidden, title bar hidden
[2020.08.29-01.50.55:227][  0]LogSlate: Updating window title bar state: overlay mode, drag disabled, window buttons hidden, title bar hidden
[2020.08.29-01.50.55:235][  0]LogSlate: Updating window title bar state: overlay mode, drag disabled, window buttons hidden, title bar hidden
[2020.08.29-01.50.55:244][  0]LogSlate: Updating window title bar state: overlay mode, drag disabled, window buttons hidden, title bar hidden
[2020.08.29-01.50.55:252][  0]LogCollectionManager: Loaded 0 collections in 0.001013 seconds
[2020.08.29-01.50.55:268][  0]LogFileCache: Scanning file cache for directory 'C:/maison/HorrorProject/HorrorVrProject/Saved/Collections/' took 0.00s
[2020.08.29-01.50.55:268][  0]LogFileCache: Scanning file cache for directory 'C:/maison/HorrorProject/HorrorVrProject/Content/Developers/dadad/Collections/' took 0.00s
[2020.08.29-01.50.55:268][  0]LogFileCache: Scanning file cache for directory 'C:/maison/HorrorProject/HorrorVrProject/Content/Collections/' took 0.00s
[2020.08.29-01.50.55:268][  0]LogContentBrowser: Native class hierarchy populated in 0.0109 seconds. Added 3428 classes and 823 folders.
[2020.08.29-01.50.55:271][  0]LogContentBrowser: Native class hierarchy updated for 'WidgetCarousel' in 0.0004 seconds. Added 0 classes and 0 folders.
[2020.08.29-01.50.55:358][  0]LogContentBrowser: Native class hierarchy updated for 'AddContentDialog' in 0.0004 seconds. Added 0 classes and 0 folders.
[2020.08.29-01.50.55:360][  0]LogContentBrowser: Native class hierarchy updated for 'SceneOutliner' in 0.0003 seconds. Added 2 classes and 0 folders.
[2020.08.29-01.50.55:374][  0]LogContentBrowser: Native class hierarchy updated for 'WorldBrowser' in 0.0006 seconds. Added 2 classes and 3 folders.
[2020.08.29-01.50.55:475][  0]LogSlate: Took 0.000494 seconds to synchronously load lazily loaded font '../../../Engine/Content/Slate/Fonts/Roboto-Regular.ttf' (155K)
[2020.08.29-01.50.55:477][  0]LogSlate: Took 0.000264 seconds to synchronously load lazily loaded font '../../../Engine/Content/Slate/Fonts/Roboto-Bold.ttf' (160K)
[2020.08.29-01.50.55:482][  0]LogSlate: Took 0.000253 seconds to synchronously load lazily loaded font '../../../Engine/Content/Editor/Slate/Fonts/FontAwesome.ttf' (139K)
[2020.08.29-01.50.55:572][  0]LogRenderer: Reallocating scene render targets to support 2172x1020 Format 10 NumSamples 1 (Frame:1).
[2020.08.29-01.50.56:046][  0]LogD3D12RHI: Creating RTPSO with 133 shaders (0 cached, 133 new) took 438.08 ms. Compile time 420.60 ms, link time 17.15 ms.
[2020.08.29-01.50.56:259][  0]LogD3D12RHI: Creating RTPSO with 3 shaders (0 cached, 3 new) took 18.58 ms. Compile time 6.09 ms, link time 12.47 ms.
[2020.08.29-01.50.56:492][  0]LogContentBrowser: Native class hierarchy updated for 'HierarchicalLODOutliner' in 0.0005 seconds. Added 0 classes and 0 folders.
[2020.08.29-01.50.56:492][  0]LogLoad: (Engine Initialization) Total time: 16.65 seconds
[2020.08.29-01.50.56:492][  0]LogLoad: (Engine Initialization) Total Blueprint compile time: 0.00 seconds
[2020.08.29-01.50.56:502][  0]LogSteamVRInputDevice: Display: SteamVR runtime 1.5.17 loaded.
[2020.08.29-01.50.56:503][  0]LogSteamVRInputDevice: Display: Action Manifest Path: C:/maison/HorrorProject/HorrorVrProject/Config/SteamVRBindings/steamvr_manifest.json
[2020.08.29-01.50.56:503][  0]LogSteamVRInputDevice: Display: Controller Bindings Path: C:/maison/HorrorProject/HorrorVrProject/Config/SteamVRBindings
[2020.08.29-01.50.56:503][  0]LogSteamVRInputDevice: Searching for Controller Bindings files at: C:/maison/HorrorProject/HorrorVrProject/Config/SteamVRBindings
[2020.08.29-01.50.56:577][  0]LogSteamVRInputDevice: Display: [STEAMVR INPUT] Registering Application Manifest C:/maison/HorrorProject/HorrorVrProject/Config/steamvr_ue_editor_app.json : VRApplicationError_None
[2020.08.29-01.50.56:585][  0]LogSteamVRInputDevice: Display: [STEAMVR INPUT] Editor Application [28232][application.generated.ue.horrorvrproject-13942748.ue4editor.exe] identified to SteamVR: VRApplicationError_None
[2020.08.29-01.50.56:585][  0]LogSteamVRInputDevice: Display: [STEAMVR INPUT] Trying to load Action Manifest from: C:/maison/HorrorProject/HorrorVrProject/Config/SteamVRBindings/steamvr_manifest.json
[2020.08.29-01.50.56:586][  0]LogSteamVRInputDevice: Display: [STEAMVR INPUT] Setting Action Manifest Path Result: Success
[2020.08.29-01.50.56:586][  0]LogSteamVRInputDevice: Display: [STEAMVR INPUT] Setting main action set: Success
[2020.08.29-01.50.56:586][  0]LogSteamVRInputDevice: Display: Retrieving Action Handle: /actions/main/in/controllerleft
[2020.08.29-01.50.56:586][  0]LogSteamVRInputDevice: Display: [STEAMVR INPUT] Setting Action Handle Path Result: Success
[2020.08.29-01.50.56:586][  0]LogSteamVRInputDevice: Display: Retrieving Action Handle: /actions/main/in/controllerright
[2020.08.29-01.50.56:586][  0]LogSteamVRInputDevice: Display: [STEAMVR INPUT] Setting Action Handle Path Result: Success
[2020.08.29-01.50.56:586][  0]LogSteamVRInputDevice: Display: Retrieving Action Handle: /actions/main/in/special1
[2020.08.29-01.50.56:586][  0]LogSteamVRInputDevice: Display: [STEAMVR INPUT] Setting Action Handle Path Result: Success
[2020.08.29-01.50.56:586][  0]LogSteamVRInputDevice: Display: Retrieving Action Handle: /actions/main/in/special2
[2020.08.29-01.50.56:586][  0]LogSteamVRInputDevice: Display: [STEAMVR INPUT] Setting Action Handle Path Result: Success
[2020.08.29-01.50.56:586][  0]LogSteamVRInputDevice: Display: Retrieving Action Handle: /actions/main/in/special3
[2020.08.29-01.50.56:587][  0]LogSteamVRInputDevice: Display: [STEAMVR INPUT] Setting Action Handle Path Result: Success
[2020.08.29-01.50.56:587][  0]LogSteamVRInputDevice: Display: Retrieving Action Handle: /actions/main/in/special4
[2020.08.29-01.50.56:587][  0]LogSteamVRInputDevice: Display: [STEAMVR INPUT] Setting Action Handle Path Result: Success
[2020.08.29-01.50.56:587][  0]LogSteamVRInputDevice: Display: Retrieving Action Handle: /actions/main/in/special5
[2020.08.29-01.50.56:587][  0]LogSteamVRInputDevice: Display: [STEAMVR INPUT] Setting Action Handle Path Result: Success
[2020.08.29-01.50.56:587][  0]LogSteamVRInputDevice: Display: Retrieving Action Handle: /actions/main/in/special6
[2020.08.29-01.50.56:587][  0]LogSteamVRInputDevice: Display: [STEAMVR INPUT] Setting Action Handle Path Result: Success
[2020.08.29-01.50.56:587][  0]LogSteamVRInputDevice: Display: Retrieving Action Handle: /actions/main/in/special7
[2020.08.29-01.50.56:587][  0]LogSteamVRInputDevice: Display: [STEAMVR INPUT] Setting Action Handle Path Result: Success
[2020.08.29-01.50.56:587][  0]LogSteamVRInputDevice: Display: Retrieving Action Handle: /actions/main/in/special8
[2020.08.29-01.50.56:587][  0]LogSteamVRInputDevice: Display: [STEAMVR INPUT] Setting Action Handle Path Result: Success
[2020.08.29-01.50.56:587][  0]LogSteamVRInputDevice: Display: Retrieving Action Handle: /actions/main/in/skeletonleft
[2020.08.29-01.50.56:587][  0]LogSteamVRInputDevice: Display: [STEAMVR INPUT] Setting Action Handle Path Result: Success
[2020.08.29-01.50.56:587][  0]LogSteamVRInputDevice: Display: Retrieving Action Handle: /actions/main/in/skeletonright
[2020.08.29-01.50.56:587][  0]LogSteamVRInputDevice: Display: [STEAMVR INPUT] Setting Action Handle Path Result: Success
[2020.08.29-01.50.56:587][  0]LogSteamVRInputDevice: Display: Retrieving Action Handle: /actions/main/out/vibrateleft
[2020.08.29-01.50.56:587][  0]LogSteamVRInputDevice: Display: [STEAMVR INPUT] Setting Action Handle Path Result: Success
[2020.08.29-01.50.56:587][  0]LogSteamVRInputDevice: Display: Retrieving Action Handle: /actions/main/out/vibrateright
[2020.08.29-01.50.56:587][  0]LogSteamVRInputDevice: Display: [STEAMVR INPUT] Setting Action Handle Path Result: Success
[2020.08.29-01.50.56:587][  0]LogSteamVRInputDevice: Display: Retrieving Action Handle: /actions/main/in/open_console
[2020.08.29-01.50.56:587][  0]LogSteamVRInputDevice: Display: [STEAMVR INPUT] Setting Action Handle Path Result: Success
[2020.08.29-01.50.56:588][  0]LogSteamVRInputDevice: Display: Action Manifest Path: C:/maison/HorrorProject/HorrorVrProject/Config/SteamVRBindings/steamvr_manifest.json
[2020.08.29-01.50.56:588][  0]LogSteamVRInputDevice: Display: Controller Bindings Path: C:/maison/HorrorProject/HorrorVrProject/Config/SteamVRBindings
[2020.08.29-01.50.56:588][  0]LogSteamVRInputDevice: Searching for Controller Bindings files at: C:/maison/HorrorProject/HorrorVrProject/Config/SteamVRBindings
[2020.08.29-01.50.56:595][  0]LogSteamVRInputDevice: Display: [STEAMVR INPUT] Registering Application Manifest C:/maison/HorrorProject/HorrorVrProject/Config/steamvr_ue_editor_app.json : VRApplicationError_None
[2020.08.29-01.50.56:595][  0]LogSteamVRInputDevice: Display: [STEAMVR INPUT] Editor Application [28232][application.generated.ue.horrorvrproject-13942748.ue4editor.exe] identified to SteamVR: VRApplicationError_None
[2020.08.29-01.50.56:595][  0]LogSteamVRInputDevice: Display: [STEAMVR INPUT] Trying to load Action Manifest from: C:/maison/HorrorProject/HorrorVrProject/Config/SteamVRBindings/steamvr_manifest.json
[2020.08.29-01.50.56:596][  0]LogSteamVRInputDevice: Display: [STEAMVR INPUT] Setting Action Manifest Path Result: Success
[2020.08.29-01.50.56:596][  0]LogSteamVRInputDevice: Display: [STEAMVR INPUT] Setting main action set: Success
[2020.08.29-01.50.56:596][  0]LogSteamVRInputDevice: Display: Retrieving Action Handle: /actions/main/in/controllerleft
[2020.08.29-01.50.56:596][  0]LogSteamVRInputDevice: Display: [STEAMVR INPUT] Setting Action Handle Path Result: Success
[2020.08.29-01.50.56:596][  0]LogSteamVRInputDevice: Display: Retrieving Action Handle: /actions/main/in/controllerright
[2020.08.29-01.50.56:596][  0]LogSteamVRInputDevice: Display: [STEAMVR INPUT] Setting Action Handle Path Result: Success
[2020.08.29-01.50.56:596][  0]LogSteamVRInputDevice: Display: Retrieving Action Handle: /actions/main/in/special1
[2020.08.29-01.50.56:596][  0]LogSteamVRInputDevice: Display: [STEAMVR INPUT] Setting Action Handle Path Result: Success
[2020.08.29-01.50.56:596][  0]LogSteamVRInputDevice: Display: Retrieving Action Handle: /actions/main/in/special2
[2020.08.29-01.50.56:596][  0]LogSteamVRInputDevice: Display: [STEAMVR INPUT] Setting Action Handle Path Result: Success
[2020.08.29-01.50.56:596][  0]LogSteamVRInputDevice: Display: Retrieving Action Handle: /actions/main/in/special3
[2020.08.29-01.50.56:596][  0]LogSteamVRInputDevice: Display: [STEAMVR INPUT] Setting Action Handle Path Result: Success
[2020.08.29-01.50.56:596][  0]LogSteamVRInputDevice: Display: Retrieving Action Handle: /actions/main/in/special4
[2020.08.29-01.50.56:596][  0]LogSteamVRInputDevice: Display: [STEAMVR INPUT] Setting Action Handle Path Result: Success
[2020.08.29-01.50.56:596][  0]LogSteamVRInputDevice: Display: Retrieving Action Handle: /actions/main/in/special5
[2020.08.29-01.50.56:596][  0]LogSteamVRInputDevice: Display: [STEAMVR INPUT] Setting Action Handle Path Result: Success
[2020.08.29-01.50.56:596][  0]LogSteamVRInputDevice: Display: Retrieving Action Handle: /actions/main/in/special6
[2020.08.29-01.50.56:596][  0]LogSteamVRInputDevice: Display: [STEAMVR INPUT] Setting Action Handle Path Result: Success
[2020.08.29-01.50.56:596][  0]LogSteamVRInputDevice: Display: Retrieving Action Handle: /actions/main/in/special7
[2020.08.29-01.50.56:596][  0]LogSteamVRInputDevice: Display: [STEAMVR INPUT] Setting Action Handle Path Result: Success
[2020.08.29-01.50.56:596][  0]LogSteamVRInputDevice: Display: Retrieving Action Handle: /actions/main/in/special8
[2020.08.29-01.50.56:596][  0]LogSteamVRInputDevice: Display: [STEAMVR INPUT] Setting Action Handle Path Result: Success
[2020.08.29-01.50.56:596][  0]LogSteamVRInputDevice: Display: Retrieving Action Handle: /actions/main/in/skeletonleft
[2020.08.29-01.50.56:596][  0]LogSteamVRInputDevice: Display: [STEAMVR INPUT] Setting Action Handle Path Result: Success
[2020.08.29-01.50.56:596][  0]LogSteamVRInputDevice: Display: Retrieving Action Handle: /actions/main/in/skeletonright
[2020.08.29-01.50.56:596][  0]LogSteamVRInputDevice: Display: [STEAMVR INPUT] Setting Action Handle Path Result: Success
[2020.08.29-01.50.56:596][  0]LogSteamVRInputDevice: Display: Retrieving Action Handle: /actions/main/out/vibrateleft
[2020.08.29-01.50.56:596][  0]LogSteamVRInputDevice: Display: [STEAMVR INPUT] Setting Action Handle Path Result: Success
[2020.08.29-01.50.56:596][  0]LogSteamVRInputDevice: Display: Retrieving Action Handle: /actions/main/out/vibrateright
[2020.08.29-01.50.56:596][  0]LogSteamVRInputDevice: Display: [STEAMVR INPUT] Setting Action Handle Path Result: Success
[2020.08.29-01.50.56:596][  0]LogSteamVRInputDevice: Display: Retrieving Action Handle: /actions/main/in/open_console
[2020.08.29-01.50.56:596][  0]LogSteamVRInputDevice: Display: [STEAMVR INPUT] Setting Action Handle Path Result: Success
[2020.08.29-01.50.56:639][  0]LogAssetRegistry: Asset discovery search completed in 5.3227 seconds
[2020.08.29-01.50.56:648][  0]LogCollectionManager: Fixed up redirectors for 0 collections in 0.000007 seconds (updated 0 objects)
[2020.08.29-01.50.56:650][  0]LogContentStreaming: Texture pool size now 1000 MB
[2020.08.29-01.50.56:776][  3]LogD3D12RHI: Creating RTPSO with 134 shaders (133 cached, 1 new) took 10.45 ms. Compile time 2.40 ms, link time 7.76 ms.
[2020.08.29-01.50.57:144][ 30]LogD3D12RHI: Descriptor cache ran out of sub allocated descriptor blocks! Moving to Context local View heap strategy
[2020.08.29-01.50.57:144][ 30]LogD3D12RHI: This should only happen in the Editor where it doesn't matter as much. If it happens in game you should increase the device global heap size!
[2020.08.29-01.51.14:849][960]LogD3D12RHI: OnlineHeap RollOver Detected. Increase the heap size to prevent creation of additional heaps
[2020.08.29-01.51.18:485][356]LogSlate: Took 0.000301 seconds to synchronously load lazily loaded font '../../../Engine/Content/Slate/Fonts/Roboto-Light.ttf' (167K)
[2020.08.29-01.51.18:614][356]Cmd: OBJ SAVEPACKAGE PACKAGE="/Game/Levels/Bathroom_01_Dimension_01_BuiltData" FILE="C:/maison/HorrorProject/HorrorVrProject/Content/Levels/Bathroom_01_Dimension_01_BuiltData.uasset" SILENT=true
[2020.08.29-01.51.18:634][356]LogSavePackage: Moving 'C:/maison/HorrorProject/HorrorVrProject/Saved/Bathroom_01_Dimension_01_BuiltDa18195FFA4048CFE3EB87269DB1470F69.tmp' to 'C:/maison/HorrorProject/HorrorVrProject/Content/Levels/Bathroom_01_Dimension_01_BuiltData.uasset'
[2020.08.29-01.51.18:672][356]LogUObjectHash: Compacting FUObjectHashTables data took   0.64ms
[2020.08.29-01.51.18:689][356]LogSavePackage: Moving 'C:/maison/HorrorProject/HorrorVrProject/Saved/Bathroom_01_Dimension_01D9CC99994E166E011D8EEAB43EB094D3.tmp' to 'C:/maison/HorrorProject/HorrorVrProject/Content/Levels/Bathroom_01_Dimension_01.umap'
[2020.08.29-01.51.18:694][356]LogFileHelpers: Saving map 'Bathroom_01_Dimension_01' took 0.052
[2020.08.29-01.51.18:694][356]Cmd: OBJ SAVEPACKAGE PACKAGE="/Game/Bathroom_01_Dimension_01" FILE="C:/maison/HorrorProject/HorrorVrProject/Content/Bathroom_01_Dimension_01.umap" SILENT=true
[2020.08.29-01.51.18:717][356]LogSavePackage: Moving 'C:/maison/HorrorProject/HorrorVrProject/Saved/Bathroom_01_Dimension_01257DCE564A229FF44F17148244BDC418.tmp' to 'C:/maison/HorrorProject/HorrorVrProject/Content/Bathroom_01_Dimension_01.umap'
[2020.08.29-01.51.18:904][356]LogUObjectHash: Compacting FUObjectHashTables data took   0.36ms
[2020.08.29-01.51.18:951][356]LogUObjectHash: Compacting FUObjectHashTables data took   0.73ms
[2020.08.29-01.51.18:978][356]LogUObjectHash: Compacting FUObjectHashTables data took   0.31ms
[2020.08.29-01.51.19:015][356]AssetCheck: New page: Asset Save: multiple assets
[2020.08.29-01.51.19:015][356]LogContentValidation: Display: Validating MapBuildDataRegistry /Game/Levels/Bathroom_01_Dimension_01_BuiltData.Bathroom_01_Dimension_01_BuiltData
[2020.08.29-01.51.19:015][356]LogContentValidation: Display: Validating World /Game/Levels/Bathroom_01_Dimension_01.Bathroom_01_Dimension_01
[2020.08.29-01.51.19:015][356]LogContentValidation: Display: Validating ObjectRedirector /Game/Bathroom_01_Dimension_01.Bathroom_01_Dimension_01
[2020.08.29-01.51.21:437][607]Cmd: OBJ SAVEPACKAGE PACKAGE="/Game/Levels/Corridor_01_Dimension_01_BuiltData" FILE="C:/maison/HorrorProject/HorrorVrProject/Content/Levels/Corridor_01_Dimension_01_BuiltData.uasset" SILENT=true
[2020.08.29-01.51.21:456][607]LogSavePackage: Moving 'C:/maison/HorrorProject/HorrorVrProject/Saved/Corridor_01_Dimension_01_BuiltDa689AB25740C7815717833199B3EDF66F.tmp' to 'C:/maison/HorrorProject/HorrorVrProject/Content/Levels/Corridor_01_Dimension_01_BuiltData.uasset'
[2020.08.29-01.51.21:489][607]LogUObjectHash: Compacting FUObjectHashTables data took   0.46ms
[2020.08.29-01.51.21:505][607]LogSavePackage: Moving 'C:/maison/HorrorProject/HorrorVrProject/Saved/Corridor_01_Dimension_0182637E984B0B077D9EBEFC9629BF07C4.tmp' to 'C:/maison/HorrorProject/HorrorVrProject/Content/Levels/Corridor_01_Dimension_01.umap'
[2020.08.29-01.51.21:508][607]LogFileHelpers: Saving map 'Corridor_01_Dimension_01' took 0.049
[2020.08.29-01.51.21:509][607]Cmd: OBJ SAVEPACKAGE PACKAGE="/Game/Corridor_01_Dimension_01" FILE="C:/maison/HorrorProject/HorrorVrProject/Content/Corridor_01_Dimension_01.umap" SILENT=true
[2020.08.29-01.51.21:532][607]LogSavePackage: Moving 'C:/maison/HorrorProject/HorrorVrProject/Saved/Corridor_01_Dimension_01F8B292D2447153DB5BD58680E590E3C5.tmp' to 'C:/maison/HorrorProject/HorrorVrProject/Content/Corridor_01_Dimension_01.umap'
[2020.08.29-01.51.21:664][607]LogUObjectHash: Compacting FUObjectHashTables data took   0.73ms
[2020.08.29-01.51.21:700][607]LogUObjectHash: Compacting FUObjectHashTables data took   0.76ms
[2020.08.29-01.51.21:727][607]LogUObjectHash: Compacting FUObjectHashTables data took   0.26ms
[2020.08.29-01.51.21:754][607]AssetCheck: New page: Asset Save: multiple assets
[2020.08.29-01.51.21:754][607]LogContentValidation: Display: Validating MapBuildDataRegistry /Game/Levels/Corridor_01_Dimension_01_BuiltData.Corridor_01_Dimension_01_BuiltData
[2020.08.29-01.51.21:754][607]LogContentValidation: Display: Validating World /Game/Levels/Corridor_01_Dimension_01.Corridor_01_Dimension_01
[2020.08.29-01.51.21:754][607]LogContentValidation: Display: Validating ObjectRedirector /Game/Corridor_01_Dimension_01.Corridor_01_Dimension_01
[2020.08.29-01.51.24:322][866]LogUObjectHash: Compacting FUObjectHashTables data took   0.26ms
[2020.08.29-01.51.24:339][866]LogSavePackage: Moving 'C:/maison/HorrorProject/HorrorVrProject/Saved/Corridor_01_Dimension_024CEB52BD4B733DFF7795BC9F4800B69E.tmp' to 'C:/maison/HorrorProject/HorrorVrProject/Content/Levels/Corridor_01_Dimension_02.umap'
[2020.08.29-01.51.24:344][866]LogFileHelpers: Saving map 'Corridor_01_Dimension_02' took 0.051
[2020.08.29-01.51.24:344][866]Cmd: OBJ SAVEPACKAGE PACKAGE="/Game/Corridor_01_Dimension_02" FILE="C:/maison/HorrorProject/HorrorVrProject/Content/Corridor_01_Dimension_02.umap" SILENT=true
[2020.08.29-01.51.24:366][866]LogSavePackage: Moving 'C:/maison/HorrorProject/HorrorVrProject/Saved/Corridor_01_Dimension_0217F3DDE648EC89A9E543BE8E0805AD45.tmp' to 'C:/maison/HorrorProject/HorrorVrProject/Content/Corridor_01_Dimension_02.umap'
[2020.08.29-01.51.24:403][866]AssetCheck: New page: Asset Save: multiple assets
[2020.08.29-01.51.24:403][866]LogContentValidation: Display: Validating World /Game/Levels/Corridor_01_Dimension_02.Corridor_01_Dimension_02
[2020.08.29-01.51.24:403][866]LogContentValidation: Display: Validating ObjectRedirector /Game/Corridor_01_Dimension_02.Corridor_01_Dimension_02
[2020.08.29-01.51.27:096][ 92]Cmd: OBJ SAVEPACKAGE PACKAGE="/Game/Levels/House_BuiltData" FILE="C:/maison/HorrorProject/HorrorVrProject/Content/Levels/House_BuiltData.uasset" SILENT=true
[2020.08.29-01.51.27:111][ 92]LogSavePackage: Moving 'C:/maison/HorrorProject/HorrorVrProject/Saved/House_BuiltDataEDA7678E43FE25E55843D6B6CECF4B0D.tmp' to 'C:/maison/HorrorProject/HorrorVrProject/Content/Levels/House_BuiltData.uasset'
[2020.08.29-01.51.27:115][ 92]Cmd: OBJ SAVEPACKAGE PACKAGE="/Game/Levels/House" FILE="C:/maison/HorrorProject/HorrorVrProject/Content/Levels/House.umap" SILENT=true AUTOSAVING=false KEEPDIRTY=false
[2020.08.29-01.51.27:151][ 92]LogUObjectHash: Compacting FUObjectHashTables data took   0.88ms
[2020.08.29-01.51.27:181][ 92]LogSavePackage: Moving 'C:/maison/HorrorProject/HorrorVrProject/Saved/HouseC88AD79E462868F8AACA1281EE47122A.tmp' to 'C:/maison/HorrorProject/HorrorVrProject/Content/Levels/House.umap'
[2020.08.29-01.51.27:188][ 92]LogFileHelpers: Saving map 'House' took 0.074
[2020.08.29-01.51.27:440][ 92]LogUObjectHash: Compacting FUObjectHashTables data took   0.73ms
[2020.08.29-01.51.27:465][ 92]LogUObjectHash: Compacting FUObjectHashTables data took   0.27ms
[2020.08.29-01.51.27:504][ 92]LogUObjectHash: Compacting FUObjectHashTables data took   0.81ms
[2020.08.29-01.51.27:531][ 92]LogUObjectHash: Compacting FUObjectHashTables data took   0.31ms
[2020.08.29-01.51.27:556][ 92]AssetCheck: New page: Asset Save: multiple assets
[2020.08.29-01.51.27:556][ 92]LogContentValidation: Display: Validating MapBuildDataRegistry /Game/Levels/House_BuiltData.House_BuiltData
[2020.08.29-01.51.27:556][ 92]LogContentValidation: Display: Validating World /Game/Levels/House.House
[2020.08.29-01.51.27:603][ 95]LogD3D12RHI: Creating RTPSO with 139 shaders (134 cached, 5 new) took 20.55 ms. Compile time 12.04 ms, link time 8.20 ms.
[2020.08.29-01.51.30:149][364]Cmd: OBJ SAVEPACKAGE PACKAGE="/Game/Levels/Room_01_Dimension_01_BuiltData" FILE="C:/maison/HorrorProject/HorrorVrProject/Content/Levels/Room_01_Dimension_01_BuiltData.uasset" SILENT=true
[2020.08.29-01.51.30:167][364]LogSavePackage: Moving 'C:/maison/HorrorProject/HorrorVrProject/Saved/Room_01_Dimension_01_BuiltDataEF62EA8649ED584029864EA565763551.tmp' to 'C:/maison/HorrorProject/HorrorVrProject/Content/Levels/Room_01_Dimension_01_BuiltData.uasset'
[2020.08.29-01.51.30:170][364]Cmd: OBJ SAVEPACKAGE PACKAGE="/Game/Levels/Room_01_Dimension_01" FILE="C:/maison/HorrorProject/HorrorVrProject/Content/Levels/Room_01_Dimension_01.umap" SILENT=true AUTOSAVING=false KEEPDIRTY=false
[2020.08.29-01.51.30:201][364]LogUObjectHash: Compacting FUObjectHashTables data took   0.50ms
[2020.08.29-01.51.30:216][364]LogSavePackage: Moving 'C:/maison/HorrorProject/HorrorVrProject/Saved/Room_01_Dimension_012E887D2F447C502F328448BDDD9C4479.tmp' to 'C:/maison/HorrorProject/HorrorVrProject/Content/Levels/Room_01_Dimension_01.umap'
[2020.08.29-01.51.30:220][364]LogFileHelpers: Saving map 'Room_01_Dimension_01' took 0.050
[2020.08.29-01.51.30:221][364]Cmd: OBJ SAVEPACKAGE PACKAGE="/Game/Room_01_Dimension_01" FILE="C:/maison/HorrorProject/HorrorVrProject/Content/Room_01_Dimension_01.umap" SILENT=true
[2020.08.29-01.51.30:244][364]LogSavePackage: Moving 'C:/maison/HorrorProject/HorrorVrProject/Saved/Room_01_Dimension_01EC22635D4EDEAD44B150318E3F6EFEFD.tmp' to 'C:/maison/HorrorProject/HorrorVrProject/Content/Room_01_Dimension_01.umap'
[2020.08.29-01.51.30:383][364]LogUObjectHash: Compacting FUObjectHashTables data took   0.78ms
[2020.08.29-01.51.30:421][364]LogUObjectHash: Compacting FUObjectHashTables data took   0.75ms
[2020.08.29-01.51.30:448][364]LogUObjectHash: Compacting FUObjectHashTables data took   0.30ms
[2020.08.29-01.51.30:474][364]AssetCheck: New page: Asset Save: multiple assets
[2020.08.29-01.51.30:474][364]LogContentValidation: Display: Validating MapBuildDataRegistry /Game/Levels/Room_01_Dimension_01_BuiltData.Room_01_Dimension_01_BuiltData
[2020.08.29-01.51.30:474][364]LogContentValidation: Display: Validating World /Game/Levels/Room_01_Dimension_01.Room_01_Dimension_01
[2020.08.29-01.51.30:474][364]LogContentValidation: Display: Validating ObjectRedirector /Game/Room_01_Dimension_01.Room_01_Dimension_01
[2020.08.29-01.51.33:231][661]Cmd: OBJ SAVEPACKAGE PACKAGE="/Game/Levels/Room_01_Dimension_02" FILE="C:/maison/HorrorProject/HorrorVrProject/Content/Levels/Room_01_Dimension_02.umap" SILENT=true AUTOSAVING=false KEEPDIRTY=false
[2020.08.29-01.51.33:262][661]LogUObjectHash: Compacting FUObjectHashTables data took   0.33ms
[2020.08.29-01.51.33:277][661]LogSavePackage: Moving 'C:/maison/HorrorProject/HorrorVrProject/Saved/Room_01_Dimension_028E88AC3F47650B7C6AB296A981E23118.tmp' to 'C:/maison/HorrorProject/HorrorVrProject/Content/Levels/Room_01_Dimension_02.umap'
[2020.08.29-01.51.33:281][661]LogFileHelpers: Saving map 'Room_01_Dimension_02' took 0.051
[2020.08.29-01.51.33:282][661]Cmd: OBJ SAVEPACKAGE PACKAGE="/Game/Room_01_Dimension_02" FILE="C:/maison/HorrorProject/HorrorVrProject/Content/Room_01_Dimension_02.umap" SILENT=true
[2020.08.29-01.51.33:305][661]LogSavePackage: Moving 'C:/maison/HorrorProject/HorrorVrProject/Saved/Room_01_Dimension_02A8D705E44A3334221BAED48DD4994DDD.tmp' to 'C:/maison/HorrorProject/HorrorVrProject/Content/Room_01_Dimension_02.umap'
[2020.08.29-01.51.33:343][661]AssetCheck: New page: Asset Save: multiple assets
[2020.08.29-01.51.33:343][661]LogContentValidation: Display: Validating World /Game/Levels/Room_01_Dimension_02.Room_01_Dimension_02
[2020.08.29-01.51.33:343][661]LogContentValidation: Display: Validating ObjectRedirector /Game/Room_01_Dimension_02.Room_01_Dimension_02
[2020.08.29-01.51.35:628][891]Cmd: OBJ SAVEPACKAGE PACKAGE="/Game/Levels/Room_02_Dimension_01_BuiltData" FILE="C:/maison/HorrorProject/HorrorVrProject/Content/Levels/Room_02_Dimension_01_BuiltData.uasset" SILENT=true
[2020.08.29-01.51.35:646][891]LogSavePackage: Moving 'C:/maison/HorrorProject/HorrorVrProject/Saved/Room_02_Dimension_01_BuiltData87584C984B3435BAB43F23BAA6250ABB.tmp' to 'C:/maison/HorrorProject/HorrorVrProject/Content/Levels/Room_02_Dimension_01_BuiltData.uasset'
[2020.08.29-01.51.35:649][891]Cmd: OBJ SAVEPACKAGE PACKAGE="/Game/Levels/Room_02_Dimension_01" FILE="C:/maison/HorrorProject/HorrorVrProject/Content/Levels/Room_02_Dimension_01.umap" SILENT=true AUTOSAVING=false KEEPDIRTY=false
[2020.08.29-01.51.35:680][891]LogUObjectHash: Compacting FUObjectHashTables data took   0.51ms
[2020.08.29-01.51.35:696][891]LogSavePackage: Moving 'C:/maison/HorrorProject/HorrorVrProject/Saved/Room_02_Dimension_0198CAC52A41D29707538FAE9AB8181DD2.tmp' to 'C:/maison/HorrorProject/HorrorVrProject/Content/Levels/Room_02_Dimension_01.umap'
[2020.08.29-01.51.35:702][891]LogFileHelpers: Saving map 'Room_02_Dimension_01' took 0.053
[2020.08.29-01.51.35:702][891]Cmd: OBJ SAVEPACKAGE PACKAGE="/Game/Room_02_Dimension_01" FILE="C:/maison/HorrorProject/HorrorVrProject/Content/Room_02_Dimension_01.umap" SILENT=true
[2020.08.29-01.51.35:727][891]LogSavePackage: Moving 'C:/maison/HorrorProject/HorrorVrProject/Saved/Room_02_Dimension_01298EF3664496BE866C1255B91838CB5B.tmp' to 'C:/maison/HorrorProject/HorrorVrProject/Content/Room_02_Dimension_01.umap'
[2020.08.29-01.51.35:877][891]LogUObjectHash: Compacting FUObjectHashTables data took   0.30ms
[2020.08.29-01.51.35:918][891]LogUObjectHash: Compacting FUObjectHashTables data took   0.88ms
[2020.08.29-01.51.35:947][891]LogUObjectHash: Compacting FUObjectHashTables data took   0.30ms
[2020.08.29-01.51.35:973][891]AssetCheck: New page: Asset Save: multiple assets
[2020.08.29-01.51.35:973][891]LogContentValidation: Display: Validating MapBuildDataRegistry /Game/Levels/Room_02_Dimension_01_BuiltData.Room_02_Dimension_01_BuiltData
[2020.08.29-01.51.35:973][891]LogContentValidation: Display: Validating World /Game/Levels/Room_02_Dimension_01.Room_02_Dimension_01
[2020.08.29-01.51.35:973][891]LogContentValidation: Display: Validating ObjectRedirector /Game/Room_02_Dimension_01.Room_02_Dimension_01
[2020.08.29-01.51.47:245][112]LogAssetEditorSubsystem: Opening Asset editor for World /Game/Levels/House.House
[2020.08.29-01.51.47:272][112]LogUObjectHash: Compacting FUObjectHashTables data took   0.35ms
[2020.08.29-01.51.55:202][112]LogSlate: Window 'Save Content' being destroyed
[2020.08.29-01.51.55:221][112]Cmd: OBJ SAVEPACKAGE PACKAGE="/Game/Levels/House" FILE="C:/maison/HorrorProject/HorrorVrProject/Content/Levels/House.umap" SILENT=true AUTOSAVING=false KEEPDIRTY=false
[2020.08.29-01.51.55:255][112]LogUObjectHash: Compacting FUObjectHashTables data took   0.76ms
[2020.08.29-01.51.55:296][112]LogSavePackage: Moving 'C:/maison/HorrorProject/HorrorVrProject/Saved/House41C0A77C4DE67749F33AFD858055B003.tmp' to 'C:/maison/HorrorProject/HorrorVrProject/Content/Levels/House.umap'
[2020.08.29-01.51.55:304][112]LogFileHelpers: Saving map 'House' took 0.083
[2020.08.29-01.51.55:304][112]Cmd: OBJ SAVEPACKAGE PACKAGE="/Game/Levels/House_BuiltData" FILE="C:/maison/HorrorProject/HorrorVrProject/Content/Levels/House_BuiltData.uasset" SILENT=true
[2020.08.29-01.51.55:332][112]LogSavePackage: Moving 'C:/maison/HorrorProject/HorrorVrProject/Saved/House_BuiltDataC2FBF37D492260DC715FFFB5B5522883.tmp' to 'C:/maison/HorrorProject/HorrorVrProject/Content/Levels/House_BuiltData.uasset'
[2020.08.29-01.51.55:335][112]Cmd: OBJ SAVEPACKAGE PACKAGE="/Game/Levels/House_BuiltData" FILE="C:/maison/HorrorProject/HorrorVrProject/Content/Levels/House_BuiltData.uasset" SILENT=true
[2020.08.29-01.51.55:356][112]LogSavePackage: Moving 'C:/maison/HorrorProject/HorrorVrProject/Saved/House_BuiltData56A3071A4C44EC1871C0B7A688A15084.tmp' to 'C:/maison/HorrorProject/HorrorVrProject/Content/Levels/House_BuiltData.uasset'
[2020.08.29-01.51.55:357][112]Cmd: MAP LOAD FILE="C:/maison/HorrorProject/HorrorVrProject/Content/Levels/House.umap" TEMPLATE=0 SHOWPROGRESS=1 FEATURELEVEL=3
[2020.08.29-01.51.55:357][112]LightingResults: New page: Lighting Build
[2020.08.29-01.51.55:357][112]LoadErrors: New page: Loading map: House.umap
[2020.08.29-01.51.55:382][112]LogWorld: UWorld::CleanupWorld for Untitled_1, bSessionEnded=true, bCleanupResources=true
[2020.08.29-01.51.55:382][112]LogSlate: InvalidateAllWidgets triggered.  All widgets were invalidated
[2020.08.29-01.51.55:382][112]MapCheck: New page: Map Check
[2020.08.29-01.51.55:382][112]LightingResults: New page: Lighting Build
[2020.08.29-01.51.55:414][112]LogAISub: UAISubsystem::~UAISubsystem EnvQueryManager (000001B51C04BE00), frame # 5112
[2020.08.29-01.51.55:414][112]LogAISub: UAISubsystem::~UAISubsystem AIPerceptionSystem (000001B51C14C7C0), frame # 5112
[2020.08.29-01.51.55:415][112]LogUObjectHash: Compacting FUObjectHashTables data took   0.81ms
[2020.08.29-01.51.55:454][112]LogUObjectHash: Compacting FUObjectHashTables data took   0.72ms
[2020.08.29-01.51.55:481][112]LogUObjectHash: Compacting FUObjectHashTables data took   0.72ms
[2020.08.29-01.51.55:511][112]LogUObjectHash: Compacting FUObjectHashTables data took   0.71ms
[2020.08.29-01.51.55:540][112]LogUObjectHash: Compacting FUObjectHashTables data took   0.76ms
[2020.08.29-01.51.55:569][112]LogUObjectHash: Compacting FUObjectHashTables data took   0.72ms
[2020.08.29-01.51.55:598][112]LogUObjectHash: Compacting FUObjectHashTables data took   0.71ms
[2020.08.29-01.51.55:626][112]LogUObjectHash: Compacting FUObjectHashTables data took   0.71ms
[2020.08.29-01.51.55:632][112]LogStreaming: Display: ULevelStreaming::RequestLevel(/Game/Levels/Corridor_01_Dimension_01) is flushing async loading
[2020.08.29-01.51.55:633][112]LogStreaming: Display: Flushing async loaders.
[2020.08.29-01.51.55:644][112]LogStreaming: Display: ULevelStreaming::RequestLevel(/Game/Levels/Bathroom_01_Dimension_01) is flushing async loading
[2020.08.29-01.51.55:666][112]LogStreaming: Display: ULevelStreaming::RequestLevel(/Game/Levels/Corridor_01_Dimension_02) is flushing async loading
[2020.08.29-01.51.55:668][112]LogStreaming: Display: ULevelStreaming::RequestLevel(/Game/Room_01_Dimension_02) is flushing async loading
[2020.08.29-01.51.55:670][112]LogStreaming: Display: ULevelStreaming::RequestLevel(/Game/Room_01_Dimension_01) is flushing async loading
[2020.08.29-01.51.55:674][112]LogStreaming: Display: ULevelStreaming::RequestLevel(/Game/Room_02_Dimension_01) is flushing async loading
[2020.08.29-01.51.55:677][112]LogEditorServer: Finished looking for orphan Actors (0.000 secs)
[2020.08.29-01.51.55:678][112]LogAIModule: Creating AISystem for world House
[2020.08.29-01.51.55:678][112]LogAISub: UAISubsystem::UAISubsystem EnvQueryManager (000001B554885E00), frame # 5112
[2020.08.29-01.51.55:678][112]LogAISub: UAISubsystem::UAISubsystem AIPerceptionSystem (000001B5554891C0), frame # 5112
[2020.08.29-01.51.55:707][112]LogUObjectHash: Compacting FUObjectHashTables data took   0.73ms
[2020.08.29-01.51.55:741][112]Cmd: MAP CHECKDEP NOCLEARLOG
[2020.08.29-01.51.55:742][112]MapCheck: Map check complete: 0 Error(s), 0 Warning(s), took 0.41ms to complete.
[2020.08.29-01.51.55:742][112]LogFileHelpers: Loading map 'House' took 0.385
[2020.08.29-01.51.55:787][112]AssetCheck: New page: Asset Save: multiple assets
[2020.08.29-01.51.55:787][112]LogContentValidation: Display: Validating World /Game/Levels/House.House
[2020.08.29-01.51.55:787][112]LogContentValidation: Display: Validating MapBuildDataRegistry /Game/Levels/House_BuiltData.House_BuiltData
[2020.08.29-01.51.55:814][113]LogD3D12RHI: Creating RTPSO with 140 shaders (139 cached, 1 new) took 14.52 ms. Compile time 6.34 ms, link time 7.85 ms.
[2020.08.29-01.52.05:325][956]LogD3D12RHI: Creating RTPSO with 142 shaders (140 cached, 2 new) took 18.47 ms. Compile time 8.75 ms, link time 9.38 ms.
[2020.08.29-01.52.06:012][ 15]LogOutputDevice: Warning: 

Script Stack (0 frames):

[2020.08.29-01.52.06:012][ 15]LogWindows: Windows GetLastError: The operation completed successfully. (0)
[2020.08.29-01.52.08:606][ 15]LogWindows: Error: === Critical error: ===
[2020.08.29-01.52.08:607][ 15]LogWindows: Error: 
[2020.08.29-01.52.08:607][ 15]LogWindows: Error: Assertion failed: Level->bIsVisible == bShouldBeVisible [File:D:/Build/++UE4+Licensee/Sync/Engine/Source/Editor/UnrealEd/Private/EditorLevelUtils.cpp] [Line: 1053] 
[2020.08.29-01.52.08:607][ 15]LogWindows: Error: 
[2020.08.29-01.52.08:607][ 15]LogWindows: Error: 
[2020.08.29-01.52.08:607][ 15]LogWindows: Error: 
[2020.08.29-01.52.08:607][ 15]LogWindows: Error: [Callstack] 0x00007fffbeada719 KERNELBASE.dll!UnknownFunction []
[2020.08.29-01.52.08:607][ 15]LogWindows: Error: [Callstack] 0x00007fff4fe8e9e6 UE4Editor-Core.dll!UnknownFunction []
[2020.08.29-01.52.08:607][ 15]LogWindows: Error: [Callstack] 0x00007fff4fe91dc8 UE4Editor-Core.dll!UnknownFunction []
[2020.08.29-01.52.08:607][ 15]LogWindows: Error: [Callstack] 0x00007fff4fc1e53d UE4Editor-Core.dll!UnknownFunction []
[2020.08.29-01.52.08:607][ 15]LogWindows: Error: [Callstack] 0x00007fff4fba97b5 UE4Editor-Core.dll!UnknownFunction []
[2020.08.29-01.52.08:607][ 15]LogWindows: Error: [Callstack] 0x00007fff4fbabaf0 UE4Editor-Core.dll!UnknownFunction []
[2020.08.29-01.52.08:607][ 15]LogWindows: Error: [Callstack] 0x00007fff4b1cf3a9 UE4Editor-UnrealEd.dll!UnknownFunction []
[2020.08.29-01.52.08:607][ 15]LogWindows: Error: [Callstack] 0x00007fff4b1cf918 UE4Editor-UnrealEd.dll!UnknownFunction []
[2020.08.29-01.52.08:607][ 15]LogWindows: Error: [Callstack] 0x00007fff04f99a00 UE4Editor-WorldBrowser.dll!UnknownFunction []
[2020.08.29-01.52.08:607][ 15]LogWindows: Error: [Callstack] 0x00007fff04f9b098 UE4Editor-WorldBrowser.dll!UnknownFunction []
[2020.08.29-01.52.08:607][ 15]LogWindows: Error: [Callstack] 0x00007fff04f99d1c UE4Editor-WorldBrowser.dll!UnknownFunction []
[2020.08.29-01.52.08:607][ 15]LogWindows: Error: [Callstack] 0x00007fff04f614d8 UE4Editor-WorldBrowser.dll!UnknownFunction []
[2020.08.29-01.52.08:607][ 15]LogWindows: Error: [Callstack] 0x00007fff04f615e4 UE4Editor-WorldBrowser.dll!UnknownFunction []
[2020.08.29-01.52.08:607][ 15]LogWindows: Error: [Callstack] 0x00007fff04ede587 UE4Editor-WorldBrowser.dll!UnknownFunction []
[2020.08.29-01.52.08:607][ 15]LogWindows: Error: [Callstack] 0x00007fff4c59207e UE4Editor-Slate.dll!UnknownFunction []
[2020.08.29-01.52.08:607][ 15]LogWindows: Error: [Callstack] 0x00007fff4c5ab27e UE4Editor-Slate.dll!UnknownFunction []
[2020.08.29-01.52.08:607][ 15]LogWindows: Error: [Callstack] 0x00007fff4c3f2dc8 UE4Editor-Slate.dll!UnknownFunction []
[2020.08.29-01.52.08:607][ 15]LogWindows: Error: [Callstack] 0x00007fff4c4769cf UE4Editor-Slate.dll!UnknownFunction []
[2020.08.29-01.52.08:607][ 15]LogWindows: Error: [Callstack] 0x00007fff4c45f4b2 UE4Editor-Slate.dll!UnknownFunction []
[2020.08.29-01.52.08:607][ 15]LogWindows: Error: [Callstack] 0x00007fff4c452392 UE4Editor-Slate.dll!UnknownFunction []
[2020.08.29-01.52.08:607][ 15]LogWindows: Error: [Callstack] 0x00007fff94027f88 UE4Editor-ApplicationCore.dll!UnknownFunction []
[2020.08.29-01.52.08:607][ 15]LogWindows: Error: [Callstack] 0x00007fff94015c87 UE4Editor-ApplicationCore.dll!UnknownFunction []
[2020.08.29-01.52.08:607][ 15]LogWindows: Error: [Callstack] 0x00007fff9402a609 UE4Editor-ApplicationCore.dll!UnknownFunction []
[2020.08.29-01.52.08:607][ 15]LogWindows: Error: [Callstack] 0x00007fff940117d0 UE4Editor-ApplicationCore.dll!UnknownFunction []
[2020.08.29-01.52.08:607][ 15]LogWindows: Error: [Callstack] 0x00007fffbf0f5c7d USER32.dll!UnknownFunction []
[2020.08.29-01.52.08:607][ 15]LogWindows: Error: [Callstack] 0x00007fffbf0f5672 USER32.dll!UnknownFunction []
[2020.08.29-01.52.08:607][ 15]LogWindows: Error: [Callstack] 0x00007fff9402bb24 UE4Editor-ApplicationCore.dll!UnknownFunction []
[2020.08.29-01.52.08:607][ 15]LogWindows: Error: [Callstack] 0x00007ff721b068c4 UE4Editor.exe!UnknownFunction []
[2020.08.29-01.52.08:607][ 15]LogWindows: Error: [Callstack] 0x00007ff721b1ba7c UE4Editor.exe!UnknownFunction []
[2020.08.29-01.52.08:607][ 15]LogWindows: Error: [Callstack] 0x00007ff721b1bb5a UE4Editor.exe!UnknownFunction []
[2020.08.29-01.52.08:607][ 15]LogWindows: Error: [Callstack] 0x00007ff721b2e31d UE4Editor.exe!UnknownFunction []
[2020.08.29-01.52.08:607][ 15]LogWindows: Error: [Callstack] 0x00007ff721b3145a UE4Editor.exe!UnknownFunction []
[2020.08.29-01.52.08:607][ 15]LogWindows: Error: [Callstack] 0x00007fffc0d57bd4 KERNEL32.DLL!UnknownFunction []
[2020.08.29-01.52.08:607][ 15]LogWindows: Error: [Callstack] 0x00007fffc0eace51 ntdll.dll!UnknownFunction []
[2020.08.29-01.52.08:607][ 15]LogWindows: Error: 
[2020.08.29-01.52.08:622][ 15]LogExit: Executing StaticShutdownAfterError
[2020.08.29-01.52.08:624][ 15]LogWindows: FPlatformMisc::RequestExit(1)
[2020.08.29-01.52.08:624][ 15]LogCore: Engine exit requested (reason: Win RequestExit)
[2020.08.29-01.52.08:636][ 15]Log file closed, 08/28/20 21:52:08
